2022-03-28 10:42:47,472 DEBUG    root            Loaded Command Group: ['gcloud', 'builds']
2022-03-28 10:42:47,483 DEBUG    root            Loaded Command Group: ['gcloud', 'builds', 'submit']
2022-03-28 10:42:47,490 DEBUG    root            Running [gcloud.builds.submit] with arguments: [--substitutions: "OrderedDict([('_SECRET_TOKEN', 'OTU3MjQ0MDU2MjEwMTM3MTUw.Yj78_w.DLyOJHDF1pXD8uWUGinHaCq9Ocs')])"]
2022-03-28 10:42:47,526 DEBUG    urllib3.connectionpool Starting new HTTPS connection (1): storage.googleapis.com:443
2022-03-28 10:42:47,789 DEBUG    urllib3.connectionpool https://storage.googleapis.com:443 "GET /storage/v1/b/disbots_cloudbuild?alt=json HTTP/1.1" 200 628
2022-03-28 10:42:48,172 DEBUG    urllib3.connectionpool https://storage.googleapis.com:443 "GET /storage/v1/b?alt=json&maxResults=1000&prefix=disbots_cloudbuild&project=disbots HTTP/1.1" 200 774
2022-03-28 10:42:48,174 INFO     root            Using default gcloudignore file:
--------------------------------------------------
# This file specifies files that are *not* uploaded to Google Cloud
# using gcloud. It follows the same syntax as .gitignore, with the addition of
# "#!include" directives (which insert the entries of the given .gitignore-style
# file at that point).
#
# For more information, run:
#   $ gcloud topic gcloudignore
#
.gcloudignore
# If you would like to upload your .git directory, .gitignore file or files
# from your .gitignore file, remove the corresponding line
# below:
.git
.gitignore
#!include:.gitignore

--------------------------------------------------
2022-03-28 10:42:48,174 DEBUG    root            Skipping file [.gitignore]
2022-03-28 10:42:48,174 DEBUG    root            Skipping file [.env]
2022-03-28 10:42:48,174 DEBUG    root            Skipping file [target]
2022-03-28 10:42:48,174 DEBUG    root            Skipping file [.git]
2022-03-28 10:42:48,175 INFO     ___FILE_ONLY___ Creating temporary tarball archive of 8 file(s) totalling 50.3 KiB before compression.

2022-03-28 10:42:48,176 DEBUG    root            Added dir [src]
2022-03-28 10:42:48,176 DEBUG    root            Added dir [src/commands]
2022-03-28 10:42:48,177 DEBUG    root            Added [Cargo.toml]
2022-03-28 10:42:48,177 DEBUG    root            Added [Dockerfile]
2022-03-28 10:42:48,178 DEBUG    root            Added [cloudbuild.yaml]
2022-03-28 10:42:48,179 DEBUG    root            Added [Cargo.lock]
2022-03-28 10:42:48,180 DEBUG    root            Added [src/main.rs]
2022-03-28 10:42:48,180 DEBUG    root            Added [src/commands/neko.rs]
2022-03-28 10:42:48,181 DEBUG    root            Added [src/commands/mod.rs]
2022-03-28 10:42:48,181 DEBUG    root            Added [src/commands/channels.rs]
2022-03-28 10:42:48,181 INFO     ___FILE_ONLY___ Some files were not included in the source upload.

Check the gcloud log [/Users/esh2n/.config/gcloud/logs/2022.03.28/10.42.47.471036.log] to see which files and the contents of the
default gcloudignore file used (see `$ gcloud topic gcloudignore` to learn
more).


2022-03-28 10:42:48,181 INFO     ___FILE_ONLY___ Uploading tarball of [.] to [gs://disbots_cloudbuild/source/1648431767.509807-ddcc9ec883dd407985223a91ba8273b0.tgz]

2022-03-28 10:42:48,184 INFO     root            Uploading [/var/folders/2b/s8mymn417x38kb14nwl_453h0000gn/T/tmpw6r97c8v/file.tgz] to [disbots_cloudbuild/source/1648431767.509807-ddcc9ec883dd407985223a91ba8273b0.tgz]
2022-03-28 10:42:48,445 DEBUG    urllib3.connectionpool https://storage.googleapis.com:443 "POST /upload/storage/v1/b/disbots_cloudbuild/o?alt=json&name=source%2F1648431767.509807-ddcc9ec883dd407985223a91ba8273b0.tgz&uploadType=multipart HTTP/1.1" 200 971
2022-03-28 10:42:48,447 DEBUG    root            submitting build: <Build
 images: []
 secrets: []
 source: <Source
 storageSource: <StorageSource
 bucket: 'disbots_cloudbuild'
 generation: 1648431768415227
 object: 'source/1648431767.509807-ddcc9ec883dd407985223a91ba8273b0.tgz'>>
 steps: [<BuildStep
 args: ['build', '-t', 'gcr.io/${PROJECT_ID}/pochi:${SHORT_SHA}', '.']
 env: ['SECRET_TOKEN=${_SECRET_TOKEN}']
 name: 'gcr.io/cloud-builders/docker'
 secretEnv: []
 volumes: []
 waitFor: []>, <BuildStep
 args: ['push', 'gcr.io/${PROJECT_ID}/pochi']
 env: []
 name: 'gcr.io/cloud-builders/docker'
 secretEnv: []
 volumes: []
 waitFor: []>, <BuildStep
 args: ['beta', 'run', 'deploy', 'pochi', '--image', 'gcr.io/${PROJECT_ID}/pochi:${SHORT_SHA}', '--region', 'asia-northeast1']
 env: []
 name: 'gcr.io/cloud-builders/gcloud'
 secretEnv: []
 volumes: []
 waitFor: []>]
 substitutions: <SubstitutionsValue
 additionalProperties: [<AdditionalProperty
 key: '_SECRET_TOKEN'
 value: 'OTU3MjQ0MDU2MjEwMTM3MTUw.Yj78_w.DLyOJHDF1pXD8uWUGinHaCq9Ocs'>]>
 tags: []
 timeout: '1200s'
 warnings: []>
2022-03-28 10:42:48,501 DEBUG    urllib3.connectionpool Starting new HTTPS connection (1): cloudbuild.googleapis.com:443
2022-03-28 10:42:49,363 DEBUG    urllib3.connectionpool https://cloudbuild.googleapis.com:443 "POST /v1/projects/disbots/locations/global/builds?alt=json HTTP/1.1" 200 None
2022-03-28 10:42:49,373 INFO     ___FILE_ONLY___ Created [https://cloudbuild.googleapis.com/v1/projects/disbots/locations/global/builds/9357c39d-2499-443b-9bf7-d5b3d512bf53].

2022-03-28 10:42:49,373 INFO     ___FILE_ONLY___ Logs are available at [https://console.cloud.google.com/cloud-build/builds/9357c39d-2499-443b-9bf7-d5b3d512bf53?project=821897932748].

2022-03-28 10:42:50,408 DEBUG    urllib3.connectionpool https://cloudbuild.googleapis.com:443 "GET /v1/projects/disbots/locations/global/builds/9357c39d-2499-443b-9bf7-d5b3d512bf53?alt=json HTTP/1.1" 200 None
2022-03-28 10:42:50,411 DEBUG    root            GCS logfile url is https://storage.googleapis.com/821897932748.cloudbuild-logs.googleusercontent.com/log-9357c39d-2499-443b-9bf7-d5b3d512bf53.txt
2022-03-28 10:42:50,414 DEBUG    urllib3.connectionpool Starting new HTTPS connection (1): storage.googleapis.com:443
2022-03-28 10:42:50,646 DEBUG    urllib3.connectionpool https://storage.googleapis.com:443 "GET /821897932748.cloudbuild-logs.googleusercontent.com/log-9357c39d-2499-443b-9bf7-d5b3d512bf53.txt HTTP/1.1" 416 164
2022-03-28 10:42:50,648 DEBUG    root            Reading GCS logfile: 416 (no new content; keep polling)
2022-03-28 10:42:50,714 DEBUG    urllib3.connectionpool https://cloudbuild.googleapis.com:443 "GET /v1/projects/disbots/locations/global/builds/9357c39d-2499-443b-9bf7-d5b3d512bf53?alt=json HTTP/1.1" 200 None
2022-03-28 10:42:51,981 DEBUG    urllib3.connectionpool https://cloudbuild.googleapis.com:443 "GET /v1/projects/disbots/locations/global/builds/9357c39d-2499-443b-9bf7-d5b3d512bf53?alt=json HTTP/1.1" 200 None
2022-03-28 10:42:52,076 DEBUG    urllib3.connectionpool https://storage.googleapis.com:443 "GET /821897932748.cloudbuild-logs.googleusercontent.com/log-9357c39d-2499-443b-9bf7-d5b3d512bf53.txt HTTP/1.1" 206 195
2022-03-28 10:42:52,077 DEBUG    root            Reading GCS logfile: 206 (read 195 bytes)
2022-03-28 10:42:52,077 INFO     ___FILE_ONLY___ ------------------------------------------------------------------------------------- REMOTE BUILD OUTPUT --------------------------------------------------------------------------------------

2022-03-28 10:42:52,077 INFO     ___FILE_ONLY___ starting build "9357c39d-2499-443b-9bf7-d5b3d512bf53"

FETCHSOURCE
Fetching storage object: gs://disbots_cloudbuild/source/1648431767.509807-ddcc9ec883dd407985223a91ba8273b0.tgz#1648431768415227

2022-03-28 10:42:53,247 DEBUG    urllib3.connectionpool https://storage.googleapis.com:443 "GET /821897932748.cloudbuild-logs.googleusercontent.com/log-9357c39d-2499-443b-9bf7-d5b3d512bf53.txt HTTP/1.1" 416 166
2022-03-28 10:42:53,248 DEBUG    root            Reading GCS logfile: 416 (no new content; keep polling)
2022-03-28 10:42:54,071 DEBUG    urllib3.connectionpool https://cloudbuild.googleapis.com:443 "GET /v1/projects/disbots/locations/global/builds/9357c39d-2499-443b-9bf7-d5b3d512bf53?alt=json HTTP/1.1" 200 None
2022-03-28 10:42:54,672 DEBUG    urllib3.connectionpool https://storage.googleapis.com:443 "GET /821897932748.cloudbuild-logs.googleusercontent.com/log-9357c39d-2499-443b-9bf7-d5b3d512bf53.txt HTTP/1.1" 206 114
2022-03-28 10:42:54,674 DEBUG    root            Reading GCS logfile: 206 (read 114 bytes)
2022-03-28 10:42:54,677 INFO     ___FILE_ONLY___ Copying gs://disbots_cloudbuild/source/1648431767.509807-ddcc9ec883dd407985223a91ba8273b0.tgz#1648431768415227...

2022-03-28 10:42:55,364 DEBUG    urllib3.connectionpool https://cloudbuild.googleapis.com:443 "GET /v1/projects/disbots/locations/global/builds/9357c39d-2499-443b-9bf7-d5b3d512bf53?alt=json HTTP/1.1" 200 None
2022-03-28 10:42:56,168 DEBUG    urllib3.connectionpool https://storage.googleapis.com:443 "GET /821897932748.cloudbuild-logs.googleusercontent.com/log-9357c39d-2499-443b-9bf7-d5b3d512bf53.txt HTTP/1.1" 206 340
2022-03-28 10:42:56,168 DEBUG    root            Reading GCS logfile: 206 (read 340 bytes)
2022-03-28 10:42:56,168 INFO     ___FILE_ONLY___ / [0 files][    0.0 B/ 14.5 KiB]                                                / [1 files][ 14.5 KiB/ 14.5 KiB]                                                
Operation completed over 1 objects/14.5 KiB.                                     
BUILD
Starting Step #0
Step #0: Already have image (with digest): gcr.io/cloud-builders/docker

2022-03-28 10:42:56,606 DEBUG    urllib3.connectionpool https://cloudbuild.googleapis.com:443 "GET /v1/projects/disbots/locations/global/builds/9357c39d-2499-443b-9bf7-d5b3d512bf53?alt=json HTTP/1.1" 200 None
2022-03-28 10:42:57,625 DEBUG    urllib3.connectionpool https://storage.googleapis.com:443 "GET /821897932748.cloudbuild-logs.googleusercontent.com/log-9357c39d-2499-443b-9bf7-d5b3d512bf53.txt HTTP/1.1" 206 253
2022-03-28 10:42:57,627 DEBUG    root            Reading GCS logfile: 206 (read 253 bytes)
2022-03-28 10:42:57,627 INFO     ___FILE_ONLY___ Step #0: invalid argument "gcr.io/disbots/pochi:" for "-t, --tag" flag: invalid reference format
Step #0: See 'docker build --help'.
Finished Step #0
ERROR
ERROR: build step 0 "gcr.io/cloud-builders/docker" failed: step exited with non-zero status: 125

2022-03-28 10:42:57,852 DEBUG    urllib3.connectionpool https://cloudbuild.googleapis.com:443 "GET /v1/projects/disbots/locations/global/builds/9357c39d-2499-443b-9bf7-d5b3d512bf53?alt=json HTTP/1.1" 200 None
2022-03-28 10:42:58,808 DEBUG    urllib3.connectionpool https://storage.googleapis.com:443 "GET /821897932748.cloudbuild-logs.googleusercontent.com/log-9357c39d-2499-443b-9bf7-d5b3d512bf53.txt HTTP/1.1" 416 166
2022-03-28 10:42:58,810 DEBUG    root            Reading GCS logfile: 416 (no new content; keep polling)
2022-03-28 10:42:59,979 DEBUG    urllib3.connectionpool https://storage.googleapis.com:443 "GET /821897932748.cloudbuild-logs.googleusercontent.com/log-9357c39d-2499-443b-9bf7-d5b3d512bf53.txt HTTP/1.1" 416 166
2022-03-28 10:42:59,981 DEBUG    root            Reading GCS logfile: 416 (no new content; keep polling)
2022-03-28 10:42:59,982 INFO     ___FILE_ONLY___ ------------------------------------------------------------------------------------------------------------------------------------------------------------------------------------------------

2022-03-28 10:42:59,982 INFO     ___FILE_ONLY___ 
BUILD FAILURE: Build step failure: build step 0 "gcr.io/cloud-builders/docker" failed: step exited with non-zero status: 125

2022-03-28 10:42:59,983 DEBUG    root            (gcloud.builds.submit) build 9357c39d-2499-443b-9bf7-d5b3d512bf53 completed with status "FAILURE"
Traceback (most recent call last):
  File "/Users/esh2n/google-cloud-sdk/lib/googlecloudsdk/calliope/cli.py", line 987, in Execute
    resources = calliope_command.Run(cli=self, args=args)
  File "/Users/esh2n/google-cloud-sdk/lib/googlecloudsdk/calliope/backend.py", line 809, in Run
    resources = command_instance.Run(args)
  File "/Users/esh2n/google-cloud-sdk/lib/surface/builds/submit.py", line 164, in Run
    build, _ = submit_util.Build(
  File "/Users/esh2n/google-cloud-sdk/lib/googlecloudsdk/command_lib/builds/submit_util.py", line 632, in Build
    raise FailedBuildException(build)
googlecloudsdk.command_lib.builds.submit_util.FailedBuildException: build 9357c39d-2499-443b-9bf7-d5b3d512bf53 completed with status "FAILURE"
2022-03-28 10:42:59,987 ERROR    root            (gcloud.builds.submit) build 9357c39d-2499-443b-9bf7-d5b3d512bf53 completed with status "FAILURE"
2022-03-28 10:43:00,003 DEBUG    root            Metrics reporting process started...
