2022-03-28 10:50:15,204 DEBUG    root            Loaded Command Group: ['gcloud', 'builds']
2022-03-28 10:50:15,215 DEBUG    root            Loaded Command Group: ['gcloud', 'builds', 'submit']
2022-03-28 10:50:15,221 DEBUG    root            Running [gcloud.builds.submit] with arguments: [--substitutions: "OrderedDict([('_SECRET_TOKEN', 'OTU3MjQ0MDU2MjEwMTM3MTUw.Yj78_w.DLyOJHDF1pXD8uWUGinHaCq9Ocs'), ('SHORT_SHA', '')])"]
2022-03-28 10:50:15,240 DEBUG    urllib3.connectionpool Starting new HTTPS connection (1): storage.googleapis.com:443
2022-03-28 10:50:15,520 DEBUG    urllib3.connectionpool https://storage.googleapis.com:443 "GET /storage/v1/b/disbots_cloudbuild?alt=json HTTP/1.1" 200 628
2022-03-28 10:50:15,913 DEBUG    urllib3.connectionpool https://storage.googleapis.com:443 "GET /storage/v1/b?alt=json&maxResults=1000&prefix=disbots_cloudbuild&project=disbots HTTP/1.1" 200 774
2022-03-28 10:50:15,915 INFO     root            Using default gcloudignore file:
--------------------------------------------------
# This file specifies files that are *not* uploaded to Google Cloud
# using gcloud. It follows the same syntax as .gitignore, with the addition of
# "#!include" directives (which insert the entries of the given .gitignore-style
# file at that point).
#
# For more information, run:
#   $ gcloud topic gcloudignore
#
.gcloudignore
# If you would like to upload your .git directory, .gitignore file or files
# from your .gitignore file, remove the corresponding line
# below:
.git
.gitignore
#!include:.gitignore

--------------------------------------------------
2022-03-28 10:50:15,918 DEBUG    root            Skipping file [.gitignore]
2022-03-28 10:50:15,918 DEBUG    root            Skipping file [.env]
2022-03-28 10:50:15,918 DEBUG    root            Skipping file [target]
2022-03-28 10:50:15,918 DEBUG    root            Skipping file [.git]
2022-03-28 10:50:15,918 INFO     ___FILE_ONLY___ Creating temporary tarball archive of 8 file(s) totalling 50.3 KiB before compression.

2022-03-28 10:50:15,920 DEBUG    root            Added dir [src]
2022-03-28 10:50:15,920 DEBUG    root            Added dir [src/commands]
2022-03-28 10:50:15,921 DEBUG    root            Added [Cargo.toml]
2022-03-28 10:50:15,922 DEBUG    root            Added [Dockerfile]
2022-03-28 10:50:15,922 DEBUG    root            Added [cloudbuild.yaml]
2022-03-28 10:50:15,923 DEBUG    root            Added [Cargo.lock]
2022-03-28 10:50:15,924 DEBUG    root            Added [src/main.rs]
2022-03-28 10:50:15,924 DEBUG    root            Added [src/commands/neko.rs]
2022-03-28 10:50:15,925 DEBUG    root            Added [src/commands/mod.rs]
2022-03-28 10:50:15,925 DEBUG    root            Added [src/commands/channels.rs]
2022-03-28 10:50:15,926 INFO     ___FILE_ONLY___ Some files were not included in the source upload.

Check the gcloud log [/Users/esh2n/.config/gcloud/logs/2022.03.28/10.50.15.203150.log] to see which files and the contents of the
default gcloudignore file used (see `$ gcloud topic gcloudignore` to learn
more).


2022-03-28 10:50:15,926 INFO     ___FILE_ONLY___ Uploading tarball of [.] to [gs://disbots_cloudbuild/source/1648432215.23465-18bfa2b5d3eb4970bac7c953dc1b6bc1.tgz]

2022-03-28 10:50:15,929 INFO     root            Uploading [/var/folders/2b/s8mymn417x38kb14nwl_453h0000gn/T/tmplzvzt76y/file.tgz] to [disbots_cloudbuild/source/1648432215.23465-18bfa2b5d3eb4970bac7c953dc1b6bc1.tgz]
2022-03-28 10:50:16,161 DEBUG    urllib3.connectionpool https://storage.googleapis.com:443 "POST /upload/storage/v1/b/disbots_cloudbuild/o?alt=json&name=source%2F1648432215.23465-18bfa2b5d3eb4970bac7c953dc1b6bc1.tgz&uploadType=multipart HTTP/1.1" 200 967
2022-03-28 10:50:16,164 DEBUG    root            submitting build: <Build
 images: []
 secrets: []
 source: <Source
 storageSource: <StorageSource
 bucket: 'disbots_cloudbuild'
 generation: 1648432216138418
 object: 'source/1648432215.23465-18bfa2b5d3eb4970bac7c953dc1b6bc1.tgz'>>
 steps: [<BuildStep
 args: ['build', '-t', 'gcr.io/$PROJECT_ID/pochi:${SHORT_SHA}', '.']
 env: ['SECRET_TOKEN=${_SECRET_TOKEN}']
 name: 'gcr.io/cloud-builders/docker'
 secretEnv: []
 volumes: []
 waitFor: []>, <BuildStep
 args: ['push', 'gcr.io/$PROJECT_ID/pochi']
 env: []
 name: 'gcr.io/cloud-builders/docker'
 secretEnv: []
 volumes: []
 waitFor: []>, <BuildStep
 args: ['beta', 'run', 'deploy', 'pochi', '--image', 'gcr.io/$PROJECT_ID/pochi:${SHORT_SHA}', '--region', 'asia-northeast1']
 env: []
 name: 'gcr.io/cloud-builders/gcloud'
 secretEnv: []
 volumes: []
 waitFor: []>]
 substitutions: <SubstitutionsValue
 additionalProperties: [<AdditionalProperty
 key: 'SHORT_SHA'
 value: ''>, <AdditionalProperty
 key: '_SECRET_TOKEN'
 value: 'OTU3MjQ0MDU2MjEwMTM3MTUw.Yj78_w.DLyOJHDF1pXD8uWUGinHaCq9Ocs'>]>
 tags: []
 timeout: '1200s'
 warnings: []>
2022-03-28 10:50:16,223 DEBUG    urllib3.connectionpool Starting new HTTPS connection (1): cloudbuild.googleapis.com:443
2022-03-28 10:50:17,158 DEBUG    urllib3.connectionpool https://cloudbuild.googleapis.com:443 "POST /v1/projects/disbots/locations/global/builds?alt=json HTTP/1.1" 200 None
2022-03-28 10:50:17,170 INFO     ___FILE_ONLY___ Created [https://cloudbuild.googleapis.com/v1/projects/disbots/locations/global/builds/710d3db3-6053-4426-9b61-9c526bcd4454].

2022-03-28 10:50:17,171 INFO     ___FILE_ONLY___ Logs are available at [https://console.cloud.google.com/cloud-build/builds/710d3db3-6053-4426-9b61-9c526bcd4454?project=821897932748].

2022-03-28 10:50:17,501 DEBUG    urllib3.connectionpool https://cloudbuild.googleapis.com:443 "GET /v1/projects/disbots/locations/global/builds/710d3db3-6053-4426-9b61-9c526bcd4454?alt=json HTTP/1.1" 200 None
2022-03-28 10:50:17,504 DEBUG    root            GCS logfile url is https://storage.googleapis.com/821897932748.cloudbuild-logs.googleusercontent.com/log-710d3db3-6053-4426-9b61-9c526bcd4454.txt
2022-03-28 10:50:17,508 DEBUG    urllib3.connectionpool Starting new HTTPS connection (1): storage.googleapis.com:443
2022-03-28 10:50:17,818 DEBUG    urllib3.connectionpool https://storage.googleapis.com:443 "GET /821897932748.cloudbuild-logs.googleusercontent.com/log-710d3db3-6053-4426-9b61-9c526bcd4454.txt HTTP/1.1" 416 164
2022-03-28 10:50:17,818 DEBUG    root            Reading GCS logfile: 416 (no new content; keep polling)
2022-03-28 10:50:18,012 DEBUG    urllib3.connectionpool https://cloudbuild.googleapis.com:443 "GET /v1/projects/disbots/locations/global/builds/710d3db3-6053-4426-9b61-9c526bcd4454?alt=json HTTP/1.1" 200 None
2022-03-28 10:50:19,058 DEBUG    urllib3.connectionpool https://storage.googleapis.com:443 "GET /821897932748.cloudbuild-logs.googleusercontent.com/log-710d3db3-6053-4426-9b61-9c526bcd4454.txt HTTP/1.1" 416 164
2022-03-28 10:50:19,061 DEBUG    root            Reading GCS logfile: 416 (no new content; keep polling)
2022-03-28 10:50:19,299 DEBUG    urllib3.connectionpool https://cloudbuild.googleapis.com:443 "GET /v1/projects/disbots/locations/global/builds/710d3db3-6053-4426-9b61-9c526bcd4454?alt=json HTTP/1.1" 200 None
2022-03-28 10:50:20,485 DEBUG    urllib3.connectionpool https://storage.googleapis.com:443 "GET /821897932748.cloudbuild-logs.googleusercontent.com/log-710d3db3-6053-4426-9b61-9c526bcd4454.txt HTTP/1.1" 206 194
2022-03-28 10:50:20,486 DEBUG    root            Reading GCS logfile: 206 (read 194 bytes)
2022-03-28 10:50:20,486 INFO     ___FILE_ONLY___ ------------------------------------------------------------------------------------- REMOTE BUILD OUTPUT --------------------------------------------------------------------------------------

2022-03-28 10:50:20,486 INFO     ___FILE_ONLY___ starting build "710d3db3-6053-4426-9b61-9c526bcd4454"

FETCHSOURCE
Fetching storage object: gs://disbots_cloudbuild/source/1648432215.23465-18bfa2b5d3eb4970bac7c953dc1b6bc1.tgz#1648432216138418

2022-03-28 10:50:20,578 DEBUG    urllib3.connectionpool https://cloudbuild.googleapis.com:443 "GET /v1/projects/disbots/locations/global/builds/710d3db3-6053-4426-9b61-9c526bcd4454?alt=json HTTP/1.1" 200 None
2022-03-28 10:50:21,641 DEBUG    urllib3.connectionpool https://storage.googleapis.com:443 "GET /821897932748.cloudbuild-logs.googleusercontent.com/log-710d3db3-6053-4426-9b61-9c526bcd4454.txt HTTP/1.1" 416 166
2022-03-28 10:50:21,642 DEBUG    root            Reading GCS logfile: 416 (no new content; keep polling)
2022-03-28 10:50:22,597 DEBUG    urllib3.connectionpool https://cloudbuild.googleapis.com:443 "GET /v1/projects/disbots/locations/global/builds/710d3db3-6053-4426-9b61-9c526bcd4454?alt=json HTTP/1.1" 200 None
2022-03-28 10:50:23,042 DEBUG    urllib3.connectionpool https://storage.googleapis.com:443 "GET /821897932748.cloudbuild-logs.googleusercontent.com/log-710d3db3-6053-4426-9b61-9c526bcd4454.txt HTTP/1.1" 206 358
2022-03-28 10:50:23,045 DEBUG    root            Reading GCS logfile: 206 (read 358 bytes)
2022-03-28 10:50:23,046 INFO     ___FILE_ONLY___ Copying gs://disbots_cloudbuild/source/1648432215.23465-18bfa2b5d3eb4970bac7c953dc1b6bc1.tgz#1648432216138418...
/ [0 files][    0.0 B/ 14.5 KiB]                                                / [1 files][ 14.5 KiB/ 14.5 KiB]                                                
Operation completed over 1 objects/14.5 KiB.

2022-03-28 10:50:24,000 DEBUG    urllib3.connectionpool https://cloudbuild.googleapis.com:443 "GET /v1/projects/disbots/locations/global/builds/710d3db3-6053-4426-9b61-9c526bcd4454?alt=json HTTP/1.1" 200 None
2022-03-28 10:50:24,523 DEBUG    urllib3.connectionpool https://storage.googleapis.com:443 "GET /821897932748.cloudbuild-logs.googleusercontent.com/log-710d3db3-6053-4426-9b61-9c526bcd4454.txt HTTP/1.1" 206 6
2022-03-28 10:50:24,524 DEBUG    root            Reading GCS logfile: 206 (read 6 bytes)
2022-03-28 10:50:24,524 INFO     ___FILE_ONLY___ BUILD

2022-03-28 10:50:25,907 DEBUG    urllib3.connectionpool https://storage.googleapis.com:443 "GET /821897932748.cloudbuild-logs.googleusercontent.com/log-710d3db3-6053-4426-9b61-9c526bcd4454.txt HTTP/1.1" 206 342
2022-03-28 10:50:25,908 DEBUG    root            Reading GCS logfile: 206 (read 342 bytes)
2022-03-28 10:50:25,908 INFO     ___FILE_ONLY___ Starting Step #0
Step #0: Already have image (with digest): gcr.io/cloud-builders/docker
Step #0: invalid argument "gcr.io/disbots/pochi:" for "-t, --tag" flag: invalid reference format
Step #0: See 'docker build --help'.
Finished Step #0
ERROR
ERROR: build step 0 "gcr.io/cloud-builders/docker" failed: step exited with non-zero status: 125

2022-03-28 10:50:26,042 DEBUG    urllib3.connectionpool https://cloudbuild.googleapis.com:443 "GET /v1/projects/disbots/locations/global/builds/710d3db3-6053-4426-9b61-9c526bcd4454?alt=json HTTP/1.1" 200 None
2022-03-28 10:50:27,064 DEBUG    urllib3.connectionpool https://storage.googleapis.com:443 "GET /821897932748.cloudbuild-logs.googleusercontent.com/log-710d3db3-6053-4426-9b61-9c526bcd4454.txt HTTP/1.1" 416 166
2022-03-28 10:50:27,068 DEBUG    root            Reading GCS logfile: 416 (no new content; keep polling)
2022-03-28 10:50:28,250 DEBUG    urllib3.connectionpool https://storage.googleapis.com:443 "GET /821897932748.cloudbuild-logs.googleusercontent.com/log-710d3db3-6053-4426-9b61-9c526bcd4454.txt HTTP/1.1" 416 166
2022-03-28 10:50:28,253 DEBUG    root            Reading GCS logfile: 416 (no new content; keep polling)
2022-03-28 10:50:28,254 INFO     ___FILE_ONLY___ ------------------------------------------------------------------------------------------------------------------------------------------------------------------------------------------------

2022-03-28 10:50:28,254 INFO     ___FILE_ONLY___ 
BUILD FAILURE: Build step failure: build step 0 "gcr.io/cloud-builders/docker" failed: step exited with non-zero status: 125

2022-03-28 10:50:28,255 DEBUG    root            (gcloud.builds.submit) build 710d3db3-6053-4426-9b61-9c526bcd4454 completed with status "FAILURE"
Traceback (most recent call last):
  File "/Users/esh2n/google-cloud-sdk/lib/googlecloudsdk/calliope/cli.py", line 987, in Execute
    resources = calliope_command.Run(cli=self, args=args)
  File "/Users/esh2n/google-cloud-sdk/lib/googlecloudsdk/calliope/backend.py", line 809, in Run
    resources = command_instance.Run(args)
  File "/Users/esh2n/google-cloud-sdk/lib/surface/builds/submit.py", line 164, in Run
    build, _ = submit_util.Build(
  File "/Users/esh2n/google-cloud-sdk/lib/googlecloudsdk/command_lib/builds/submit_util.py", line 632, in Build
    raise FailedBuildException(build)
googlecloudsdk.command_lib.builds.submit_util.FailedBuildException: build 710d3db3-6053-4426-9b61-9c526bcd4454 completed with status "FAILURE"
2022-03-28 10:50:28,259 ERROR    root            (gcloud.builds.submit) build 710d3db3-6053-4426-9b61-9c526bcd4454 completed with status "FAILURE"
2022-03-28 10:50:28,272 DEBUG    root            Metrics reporting process started...
