2022-04-12 23:05:50,540 DEBUG    root            Loaded Command Group: ['gcloud', 'builds']
2022-04-12 23:05:50,555 DEBUG    root            Loaded Command Group: ['gcloud', 'builds', 'submit']
2022-04-12 23:05:50,563 DEBUG    root            Running [gcloud.builds.submit] with arguments: [--substitutions: "OrderedDict([('_SECRET_TOKEN', 'OTU3MjQ0MDU2MjEwMTM3MTUw.Yj78_w.DLyOJHDF1pXD8uWUGinHaCq9Ocs'), ('SHORT_SHA', '7ace877')])"]
2022-04-12 23:05:50,587 DEBUG    google.auth.transport.requests Making request: POST https://oauth2.googleapis.com/token
2022-04-12 23:05:50,651 DEBUG    urllib3.connectionpool Starting new HTTPS connection (1): oauth2.googleapis.com:443
2022-04-12 23:05:50,832 DEBUG    urllib3.connectionpool https://oauth2.googleapis.com:443 "POST /token HTTP/1.1" 200 None
2022-04-12 23:05:50,856 DEBUG    urllib3.connectionpool Starting new HTTPS connection (1): storage.googleapis.com:443
2022-04-12 23:05:51,125 DEBUG    urllib3.connectionpool https://storage.googleapis.com:443 "GET /storage/v1/b/disbots_cloudbuild?alt=json HTTP/1.1" 200 628
2022-04-12 23:05:51,431 DEBUG    urllib3.connectionpool https://storage.googleapis.com:443 "GET /storage/v1/b?alt=json&maxResults=1000&prefix=disbots_cloudbuild&project=disbots HTTP/1.1" 200 774
2022-04-12 23:05:51,437 INFO     root            Using default gcloudignore file:
--------------------------------------------------
# This file specifies files that are *not* uploaded to Google Cloud
# using gcloud. It follows the same syntax as .gitignore, with the addition of
# "#!include" directives (which insert the entries of the given .gitignore-style
# file at that point).
#
# For more information, run:
#   $ gcloud topic gcloudignore
#
.gcloudignore
# If you would like to upload your .git directory, .gitignore file or files
# from your .gitignore file, remove the corresponding line
# below:
.git
.gitignore
#!include:.gitignore

--------------------------------------------------
2022-04-12 23:05:51,439 DEBUG    root            Skipping file [.gitignore]
2022-04-12 23:05:51,439 DEBUG    root            Skipping file [.env]
2022-04-12 23:05:51,439 DEBUG    root            Skipping file [target]
2022-04-12 23:05:51,439 DEBUG    root            Skipping file [.git]
2022-04-12 23:05:51,442 INFO     ___FILE_ONLY___ Creating temporary tarball archive of 14 file(s) totalling 64.3 KiB before compression.

2022-04-12 23:05:51,444 DEBUG    root            Added dir [src]
2022-04-12 23:05:51,445 DEBUG    root            Added dir [src/server]
2022-04-12 23:05:51,445 DEBUG    root            Added dir [src/bot]
2022-04-12 23:05:51,445 DEBUG    root            Added dir [src/commands]
2022-04-12 23:05:51,446 DEBUG    root            Added [Cargo.toml]
2022-04-12 23:05:51,447 DEBUG    root            Added [Dockerfile]
2022-04-12 23:05:51,447 DEBUG    root            Added [cloudbuild.yaml]
2022-04-12 23:05:51,449 DEBUG    root            Added [Cargo.lock]
2022-04-12 23:05:51,450 DEBUG    root            Added [deploy.sh]
2022-04-12 23:05:51,450 DEBUG    root            Added [src/main.rs]
2022-04-12 23:05:51,450 DEBUG    root            Added [src/server/server.rs]
2022-04-12 23:05:51,451 DEBUG    root            Added [src/server/mod.rs]
2022-04-12 23:05:51,451 DEBUG    root            Added [src/bot/mod.rs]
2022-04-12 23:05:51,452 DEBUG    root            Added [src/bot/bot.rs]
2022-04-12 23:05:51,452 DEBUG    root            Added [src/commands/neko.rs]
2022-04-12 23:05:51,452 DEBUG    root            Added [src/commands/mod.rs]
2022-04-12 23:05:51,453 DEBUG    root            Added [src/commands/channels.rs]
2022-04-12 23:05:51,453 DEBUG    root            Added [src/commands/bo.rs]
2022-04-12 23:05:51,454 INFO     ___FILE_ONLY___ Some files were not included in the source upload.

Check the gcloud log [/Users/esh2n/.config/gcloud/logs/2022.04.12/23.05.50.538499.log] to see which files and the contents of the
default gcloudignore file used (see `$ gcloud topic gcloudignore` to learn
more).


2022-04-12 23:05:51,454 INFO     ___FILE_ONLY___ Uploading tarball of [.] to [gs://disbots_cloudbuild/source/1649772350.843458-e42f7876719a4262ac4a0ccf63e80826.tgz]

2022-04-12 23:05:51,461 INFO     root            Uploading [/var/folders/2b/s8mymn417x38kb14nwl_453h0000gn/T/tmpke92sbcb/file.tgz] to [disbots_cloudbuild/source/1649772350.843458-e42f7876719a4262ac4a0ccf63e80826.tgz]
2022-04-12 23:05:51,770 DEBUG    urllib3.connectionpool https://storage.googleapis.com:443 "POST /upload/storage/v1/b/disbots_cloudbuild/o?alt=json&name=source%2F1649772350.843458-e42f7876719a4262ac4a0ccf63e80826.tgz&uploadType=multipart HTTP/1.1" 200 971
2022-04-12 23:05:51,771 DEBUG    root            submitting build: <Build
 images: []
 secrets: []
 source: <Source
 storageSource: <StorageSource
 bucket: 'disbots_cloudbuild'
 generation: 1649772351651715
 object: 'source/1649772350.843458-e42f7876719a4262ac4a0ccf63e80826.tgz'>>
 steps: [<BuildStep
 args: ['build', '-t', 'gcr.io/$PROJECT_ID/pochi:${SHORT_SHA}', '.']
 env: ['SECRET_TOKEN=${_SECRET_TOKEN}']
 name: 'gcr.io/cloud-builders/docker'
 secretEnv: []
 volumes: []
 waitFor: []>, <BuildStep
 args: ['push', 'gcr.io/$PROJECT_ID/pochi']
 env: []
 name: 'gcr.io/cloud-builders/docker'
 secretEnv: []
 volumes: []
 waitFor: []>, <BuildStep
 args: ['beta', 'run', 'deploy', 'pochi', '--image', 'gcr.io/$PROJECT_ID/pochi:${SHORT_SHA}', '--allow-unauthenticated', '--region', 'asia-northeast1', '--set-env-vars=SECRET_TOKEN=OTU3MjQ0MDU2MjEwMTM3MTUw.Yj78_w.DLyOJHDF1pXD8uWUGinHaCq9Ocs']
 env: []
 name: 'gcr.io/cloud-builders/gcloud'
 secretEnv: []
 volumes: []
 waitFor: []>]
 substitutions: <SubstitutionsValue
 additionalProperties: [<AdditionalProperty
 key: 'SHORT_SHA'
 value: '7ace877'>, <AdditionalProperty
 key: '_SECRET_TOKEN'
 value: 'OTU3MjQ0MDU2MjEwMTM3MTUw.Yj78_w.DLyOJHDF1pXD8uWUGinHaCq9Ocs'>]>
 tags: []
 timeout: '3600s'
 warnings: []>
2022-04-12 23:05:51,821 DEBUG    urllib3.connectionpool Starting new HTTPS connection (1): cloudbuild.googleapis.com:443
2022-04-12 23:05:52,730 DEBUG    urllib3.connectionpool https://cloudbuild.googleapis.com:443 "POST /v1/projects/disbots/locations/global/builds?alt=json HTTP/1.1" 200 None
2022-04-12 23:05:52,735 INFO     ___FILE_ONLY___ Created [https://cloudbuild.googleapis.com/v1/projects/disbots/locations/global/builds/c750e09d-4015-4c83-8490-9fb9d007fbe1].

2022-04-12 23:05:52,735 INFO     ___FILE_ONLY___ Logs are available at [https://console.cloud.google.com/cloud-build/builds/c750e09d-4015-4c83-8490-9fb9d007fbe1?project=821897932748].

2022-04-12 23:05:53,552 INFO     ___FILE_ONLY___ Cancelling...

2022-04-12 23:05:53,561 DEBUG    urllib3.connectionpool Starting new HTTPS connection (2): cloudbuild.googleapis.com:443
2022-04-12 23:05:54,092 DEBUG    urllib3.connectionpool https://cloudbuild.googleapis.com:443 "POST /v1/projects/disbots/locations/global/builds/c750e09d-4015-4c83-8490-9fb9d007fbe1:cancel?alt=json HTTP/1.1" 200 None
2022-04-12 23:05:54,093 INFO     ___FILE_ONLY___ Cancelled [https://cloudbuild.googleapis.com/v1/projects/disbots/locations/global/builds/c750e09d-4015-4c83-8490-9fb9d007fbe1].

2022-04-12 23:05:54,093 DEBUG    urllib3.connectionpool https://cloudbuild.googleapis.com:443 "GET /v1/projects/disbots/locations/global/builds/c750e09d-4015-4c83-8490-9fb9d007fbe1?alt=json HTTP/1.1" 200 None
2022-04-12 23:05:54,097 DEBUG    root            GCS logfile url is https://storage.googleapis.com/821897932748.cloudbuild-logs.googleusercontent.com/log-c750e09d-4015-4c83-8490-9fb9d007fbe1.txt
2022-04-12 23:05:54,101 DEBUG    urllib3.connectionpool Starting new HTTPS connection (1): storage.googleapis.com:443
2022-04-12 23:05:54,322 DEBUG    urllib3.connectionpool https://cloudbuild.googleapis.com:443 "GET /v1/projects/disbots/locations/global/builds/c750e09d-4015-4c83-8490-9fb9d007fbe1?alt=json HTTP/1.1" 200 None
2022-04-12 23:05:54,385 DEBUG    urllib3.connectionpool https://storage.googleapis.com:443 "GET /821897932748.cloudbuild-logs.googleusercontent.com/log-c750e09d-4015-4c83-8490-9fb9d007fbe1.txt HTTP/1.1" 416 164
2022-04-12 23:05:54,386 DEBUG    root            Reading GCS logfile: 416 (no new content; keep polling)
2022-04-12 23:05:55,642 DEBUG    urllib3.connectionpool https://cloudbuild.googleapis.com:443 "GET /v1/projects/disbots/locations/global/builds/c750e09d-4015-4c83-8490-9fb9d007fbe1?alt=json HTTP/1.1" 200 None
2022-04-12 23:05:55,698 DEBUG    urllib3.connectionpool https://storage.googleapis.com:443 "GET /821897932748.cloudbuild-logs.googleusercontent.com/log-c750e09d-4015-4c83-8490-9fb9d007fbe1.txt HTTP/1.1" 206 195
2022-04-12 23:05:55,698 DEBUG    root            Reading GCS logfile: 206 (read 195 bytes)
2022-04-12 23:05:55,699 INFO     ___FILE_ONLY___ ------------------------------------ REMOTE BUILD OUTPUT ------------------------------------

2022-04-12 23:05:55,699 INFO     ___FILE_ONLY___ starting build "c750e09d-4015-4c83-8490-9fb9d007fbe1"

FETCHSOURCE
Fetching storage object: gs://disbots_cloudbuild/source/1649772350.843458-e42f7876719a4262ac4a0ccf63e80826.tgz#1649772351651715

2022-04-12 23:05:56,867 DEBUG    urllib3.connectionpool https://storage.googleapis.com:443 "GET /821897932748.cloudbuild-logs.googleusercontent.com/log-c750e09d-4015-4c83-8490-9fb9d007fbe1.txt HTTP/1.1" 416 166
2022-04-12 23:05:56,867 DEBUG    root            Reading GCS logfile: 416 (no new content; keep polling)
2022-04-12 23:05:57,739 DEBUG    urllib3.connectionpool https://cloudbuild.googleapis.com:443 "GET /v1/projects/disbots/locations/global/builds/c750e09d-4015-4c83-8490-9fb9d007fbe1?alt=json HTTP/1.1" 200 None
2022-04-12 23:05:58,035 DEBUG    urllib3.connectionpool https://storage.googleapis.com:443 "GET /821897932748.cloudbuild-logs.googleusercontent.com/log-c750e09d-4015-4c83-8490-9fb9d007fbe1.txt HTTP/1.1" 416 166
2022-04-12 23:05:58,035 DEBUG    root            Reading GCS logfile: 416 (no new content; keep polling)
2022-04-12 23:05:59,542 DEBUG    urllib3.connectionpool https://storage.googleapis.com:443 "GET /821897932748.cloudbuild-logs.googleusercontent.com/log-c750e09d-4015-4c83-8490-9fb9d007fbe1.txt HTTP/1.1" 206 359
2022-04-12 23:05:59,544 DEBUG    root            Reading GCS logfile: 206 (read 359 bytes)
2022-04-12 23:05:59,545 INFO     ___FILE_ONLY___ Copying gs://disbots_cloudbuild/source/1649772350.843458-e42f7876719a4262ac4a0ccf63e80826.tgz#1649772351651715...
/ [0 files][    0.0 B/ 19.0 KiB]                                                / [1 files][ 19.0 KiB/ 19.0 KiB]                                                
Operation completed over 1 objects/19.0 KiB.

2022-04-12 23:05:59,767 DEBUG    urllib3.connectionpool https://cloudbuild.googleapis.com:443 "GET /v1/projects/disbots/locations/global/builds/c750e09d-4015-4c83-8490-9fb9d007fbe1?alt=json HTTP/1.1" 200 None
2022-04-12 23:06:00,793 INFO     ___FILE_ONLY___ 

Command killed by keyboard interrupt


