2022-04-20 12:39:51,245 DEBUG    root            Loaded Command Group: ['gcloud', 'run']
2022-04-20 12:39:51,269 DEBUG    root            Loaded Command Group: ['gcloud', 'run', 'deploy']
2022-04-20 12:39:51,276 DEBUG    root            Running [gcloud.run.deploy] with arguments: [--allow-unauthenticated: "True", --max-instances: "<googlecloudsdk.command_lib.run.flags._ScaleValue object at 0x107894130>", --memory: "512Mi", --platform: "managed", --set-env-vars: "OrderedDict([('TOKEN', 'OTY2MTczNjUwODc1MTg3MjQw.Yl95VQ.j7cOWcZ7WGPsDkDoet5RwJ2jBSU')])", --source: ".", SERVICE: "flower-bot"]
2022-04-20 12:39:51,296 DEBUG    urllib3.connectionpool Starting new HTTPS connection (1): run.googleapis.com:443
2022-04-20 12:39:51,467 DEBUG    urllib3.connectionpool https://run.googleapis.com:443 "GET /v1/projects/disbots/locations?alt=json&pageSize=100 HTTP/1.1" 200 None
2022-04-20 12:39:53,440 INFO     ___FILE_ONLY___ To make this the default region, run `gcloud config set run/region asia-northeast1`.


2022-04-20 12:39:53,539 DEBUG    urllib3.connectionpool Starting new HTTPS connection (1): artifactregistry.googleapis.com:443
2022-04-20 12:39:53,956 DEBUG    urllib3.connectionpool https://artifactregistry.googleapis.com:443 "GET /v1/projects/disbots/locations/asia-northeast1/repositories/cloud-run-source-deploy?alt=json HTTP/1.1" 200 None
2022-04-20 12:39:53,957 INFO     ___FILE_ONLY___ This command is equivalent to running `gcloud builds submit --tag [IMAGE] .` and `gcloud run deploy flower-bot --image [IMAGE]`


2022-04-20 12:39:53,973 DEBUG    urllib3.connectionpool Starting new HTTPS connection (1): asia-northeast1-run.googleapis.com:443
2022-04-20 12:39:54,396 DEBUG    urllib3.connectionpool https://asia-northeast1-run.googleapis.com:443 "GET /apis/serving.knative.dev/v1/namespaces/disbots/services/flower-bot?alt=json HTTP/1.1" 200 None
2022-04-20 12:39:54,401 INFO     ___FILE_ONLY___ Building using Dockerfile and deploying container to Cloud Run service [[1mflower-bot[m] in project [[1mdisbots[m] region [[1masia-northeast1[m]

2022-04-20 12:39:54,402 INFO     ___FILE_ONLY___ Building and deploying...
2022-04-20 12:39:54,423 DEBUG    urllib3.connectionpool Starting new HTTPS connection (1): storage.googleapis.com:443
2022-04-20 12:39:54,689 DEBUG    urllib3.connectionpool https://storage.googleapis.com:443 "GET /storage/v1/b/disbots_cloudbuild?alt=json HTTP/1.1" 200 628
2022-04-20 12:39:54,989 DEBUG    urllib3.connectionpool https://storage.googleapis.com:443 "GET /storage/v1/b?alt=json&maxResults=1000&prefix=disbots_cloudbuild&project=disbots HTTP/1.1" 200 774
2022-04-20 12:39:54,991 INFO     root            Using default gcloudignore file:
--------------------------------------------------
# This file specifies files that are *not* uploaded to Google Cloud
# using gcloud. It follows the same syntax as .gitignore, with the addition of
# "#!include" directives (which insert the entries of the given .gitignore-style
# file at that point).
#
# For more information, run:
#   $ gcloud topic gcloudignore
#
.gcloudignore
# If you would like to upload your .git directory, .gitignore file or files
# from your .gitignore file, remove the corresponding line
# below:
.git
.gitignore
#!include:.gitignore

--------------------------------------------------
2022-04-20 12:39:54,992 DEBUG    root            Skipping file [.gitignore]
2022-04-20 12:39:54,992 DEBUG    root            Skipping file [.env]
2022-04-20 12:39:54,993 DEBUG    root            Skipping file [node_modules]
2022-04-20 12:39:54,993 DEBUG    root            Skipping file [.git]
2022-04-20 12:39:54,996 DEBUG    root            Added dir [src]
2022-04-20 12:39:54,996 DEBUG    root            Added dir [src/util]
2022-04-20 12:39:54,996 DEBUG    root            Added dir [src/funcs]
2022-04-20 12:39:54,996 DEBUG    root            Added [Dockerfile]
2022-04-20 12:39:54,997 DEBUG    root            Added [README.md]
2022-04-20 12:39:54,998 DEBUG    root            Added [yarn.lock]
2022-04-20 12:39:54,999 DEBUG    root            Added [package.json]
2022-04-20 12:39:54,999 DEBUG    root            Added [tsconfig.json]
2022-04-20 12:39:54,999 DEBUG    root            Added [deploy.sh]
2022-04-20 12:39:54,999 DEBUG    root            Added [Procfile]
2022-04-20 12:39:55,000 DEBUG    root            Added [.env.example]
2022-04-20 12:39:55,000 DEBUG    root            Added [.eslintrc.json]
2022-04-20 12:39:55,000 DEBUG    root            Added [src/index.ts]
2022-04-20 12:39:55,001 DEBUG    root            Added [src/util/hanakotoba.ts]
2022-04-20 12:39:55,001 DEBUG    root            Added [src/funcs/echoHanakotoba.ts]
2022-04-20 12:39:55,003 INFO     root            Uploading [/var/folders/2b/s8mymn417x38kb14nwl_453h0000gn/T/tmpz60fr0m2/file.tgz] to [disbots_cloudbuild/source/1650425994.419894-f4751454e5464e89b09d6b502e1b2d44.tgz]
2022-04-20 12:39:55,308 DEBUG    urllib3.connectionpool https://storage.googleapis.com:443 "POST /upload/storage/v1/b/disbots_cloudbuild/o?alt=json&name=source%2F1650425994.419894-f4751454e5464e89b09d6b502e1b2d44.tgz&uploadType=multipart HTTP/1.1" 200 971
2022-04-20 12:39:55,310 DEBUG    root            submitting build: <Build
 images: ['asia-northeast1-docker.pkg.dev/disbots/cloud-run-source-deploy/flower-bot']
 secrets: []
 source: <Source
 storageSource: <StorageSource
 bucket: 'disbots_cloudbuild'
 generation: 1650425995201495
 object: 'source/1650425994.419894-f4751454e5464e89b09d6b502e1b2d44.tgz'>>
 steps: [<BuildStep
 args: ['build', '--network', 'cloudbuild', '--no-cache', '-t', 'asia-northeast1-docker.pkg.dev/disbots/cloud-run-source-deploy/flower-bot', '.']
 env: []
 name: 'gcr.io/cloud-builders/docker'
 secretEnv: []
 volumes: []
 waitFor: []>]
 tags: []
 warnings: []>
2022-04-20 12:39:55,319 DEBUG    urllib3.connectionpool Starting new HTTPS connection (1): cloudbuild.googleapis.com:443
2022-04-20 12:39:56,151 DEBUG    urllib3.connectionpool https://cloudbuild.googleapis.com:443 "POST /v1/projects/disbots/locations/global/builds?alt=json HTTP/1.1" 200 None
2022-04-20 12:39:56,177 DEBUG    urllib3.connectionpool Starting new HTTPS connection (1): cloudbuild.googleapis.com:443
2022-04-20 12:39:56,599 DEBUG    urllib3.connectionpool https://cloudbuild.googleapis.com:443 "GET /v1/operations/build/disbots/NTdhNWM5ODQtY2M1YS00ZjAyLTkyZDYtMTNlNDY0YzQ0NTQy?alt=json HTTP/1.1" 200 None
2022-04-20 12:39:59,855 DEBUG    urllib3.connectionpool https://cloudbuild.googleapis.com:443 "GET /v1/operations/build/disbots/NTdhNWM5ODQtY2M1YS00ZjAyLTkyZDYtMTNlNDY0YzQ0NTQy?alt=json HTTP/1.1" 200 None
2022-04-20 12:40:03,052 DEBUG    urllib3.connectionpool https://cloudbuild.googleapis.com:443 "GET /v1/operations/build/disbots/NTdhNWM5ODQtY2M1YS00ZjAyLTkyZDYtMTNlNDY0YzQ0NTQy?alt=json HTTP/1.1" 200 None
2022-04-20 12:40:07,955 DEBUG    urllib3.connectionpool https://cloudbuild.googleapis.com:443 "GET /v1/operations/build/disbots/NTdhNWM5ODQtY2M1YS00ZjAyLTkyZDYtMTNlNDY0YzQ0NTQy?alt=json HTTP/1.1" 200 None
2022-04-20 12:40:13,918 DEBUG    urllib3.connectionpool https://cloudbuild.googleapis.com:443 "GET /v1/operations/build/disbots/NTdhNWM5ODQtY2M1YS00ZjAyLTkyZDYtMTNlNDY0YzQ0NTQy?alt=json HTTP/1.1" 200 None
2022-04-20 12:40:22,101 DEBUG    urllib3.connectionpool https://cloudbuild.googleapis.com:443 "GET /v1/operations/build/disbots/NTdhNWM5ODQtY2M1YS00ZjAyLTkyZDYtMTNlNDY0YzQ0NTQy?alt=json HTTP/1.1" 200 None
2022-04-20 12:40:33,332 DEBUG    urllib3.connectionpool https://cloudbuild.googleapis.com:443 "GET /v1/operations/build/disbots/NTdhNWM5ODQtY2M1YS00ZjAyLTkyZDYtMTNlNDY0YzQ0NTQy?alt=json HTTP/1.1" 200 None
2022-04-20 12:40:49,017 DEBUG    urllib3.connectionpool https://cloudbuild.googleapis.com:443 "GET /v1/operations/build/disbots/NTdhNWM5ODQtY2M1YS00ZjAyLTkyZDYtMTNlNDY0YzQ0NTQy?alt=json HTTP/1.1" 200 None
2022-04-20 12:41:10,863 DEBUG    urllib3.connectionpool https://cloudbuild.googleapis.com:443 "GET /v1/operations/build/disbots/NTdhNWM5ODQtY2M1YS00ZjAyLTkyZDYtMTNlNDY0YzQ0NTQy?alt=json HTTP/1.1" 200 None
2022-04-20 12:41:41,690 DEBUG    urllib3.connectionpool https://cloudbuild.googleapis.com:443 "GET /v1/operations/build/disbots/NTdhNWM5ODQtY2M1YS00ZjAyLTkyZDYtMTNlNDY0YzQ0NTQy?alt=json HTTP/1.1" 200 None
2022-04-20 12:42:23,648 DEBUG    urllib3.connectionpool https://cloudbuild.googleapis.com:443 "GET /v1/operations/build/disbots/NTdhNWM5ODQtY2M1YS00ZjAyLTkyZDYtMTNlNDY0YzQ0NTQy?alt=json HTTP/1.1" 200 None
2022-04-20 12:42:24,332 DEBUG    urllib3.connectionpool https://asia-northeast1-run.googleapis.com:443 "PUT /apis/serving.knative.dev/v1/namespaces/disbots/services/flower-bot?alt=json HTTP/1.1" 200 None
2022-04-20 12:42:24,384 DEBUG    urllib3.connectionpool Starting new HTTPS connection (1): run.googleapis.com:443
2022-04-20 12:42:25,124 DEBUG    urllib3.connectionpool https://run.googleapis.com:443 "GET /v1/projects/disbots/locations/asia-northeast1/services/flower-bot:getIamPolicy?alt=json HTTP/1.1" 200 None
2022-04-20 12:42:25,643 DEBUG    urllib3.connectionpool https://run.googleapis.com:443 "POST /v1/projects/disbots/locations/asia-northeast1/services/flower-bot:setIamPolicy?alt=json HTTP/1.1" 200 None
2022-04-20 12:42:25,972 DEBUG    urllib3.connectionpool https://asia-northeast1-run.googleapis.com:443 "GET /apis/serving.knative.dev/v1/namespaces/disbots/services/flower-bot?alt=json HTTP/1.1" 200 None
2022-04-20 12:42:27,178 DEBUG    urllib3.connectionpool https://asia-northeast1-run.googleapis.com:443 "GET /apis/serving.knative.dev/v1/namespaces/disbots/services/flower-bot?alt=json HTTP/1.1" 200 None
2022-04-20 12:42:28,500 DEBUG    urllib3.connectionpool https://asia-northeast1-run.googleapis.com:443 "GET /apis/serving.knative.dev/v1/namespaces/disbots/services/flower-bot?alt=json HTTP/1.1" 200 None
2022-04-20 12:42:29,699 DEBUG    urllib3.connectionpool https://asia-northeast1-run.googleapis.com:443 "GET /apis/serving.knative.dev/v1/namespaces/disbots/services/flower-bot?alt=json HTTP/1.1" 200 None
2022-04-20 12:42:30,870 DEBUG    urllib3.connectionpool https://asia-northeast1-run.googleapis.com:443 "GET /apis/serving.knative.dev/v1/namespaces/disbots/services/flower-bot?alt=json HTTP/1.1" 200 None
2022-04-20 12:42:32,196 DEBUG    urllib3.connectionpool https://asia-northeast1-run.googleapis.com:443 "GET /apis/serving.knative.dev/v1/namespaces/disbots/services/flower-bot?alt=json HTTP/1.1" 200 None
2022-04-20 12:42:33,537 DEBUG    urllib3.connectionpool https://asia-northeast1-run.googleapis.com:443 "GET /apis/serving.knative.dev/v1/namespaces/disbots/services/flower-bot?alt=json HTTP/1.1" 200 None
2022-04-20 12:42:34,874 DEBUG    urllib3.connectionpool https://asia-northeast1-run.googleapis.com:443 "GET /apis/serving.knative.dev/v1/namespaces/disbots/services/flower-bot?alt=json HTTP/1.1" 200 None
2022-04-20 12:42:36,205 DEBUG    urllib3.connectionpool https://asia-northeast1-run.googleapis.com:443 "GET /apis/serving.knative.dev/v1/namespaces/disbots/services/flower-bot?alt=json HTTP/1.1" 200 None
2022-04-20 12:42:37,536 DEBUG    urllib3.connectionpool https://asia-northeast1-run.googleapis.com:443 "GET /apis/serving.knative.dev/v1/namespaces/disbots/services/flower-bot?alt=json HTTP/1.1" 200 None
2022-04-20 12:42:38,864 DEBUG    urllib3.connectionpool https://asia-northeast1-run.googleapis.com:443 "GET /apis/serving.knative.dev/v1/namespaces/disbots/services/flower-bot?alt=json HTTP/1.1" 200 None
2022-04-20 12:42:40,197 DEBUG    urllib3.connectionpool https://asia-northeast1-run.googleapis.com:443 "GET /apis/serving.knative.dev/v1/namespaces/disbots/services/flower-bot?alt=json HTTP/1.1" 200 None
2022-04-20 12:42:41,534 DEBUG    urllib3.connectionpool https://asia-northeast1-run.googleapis.com:443 "GET /apis/serving.knative.dev/v1/namespaces/disbots/services/flower-bot?alt=json HTTP/1.1" 200 None
2022-04-20 12:42:42,816 DEBUG    urllib3.connectionpool https://asia-northeast1-run.googleapis.com:443 "GET /apis/serving.knative.dev/v1/namespaces/disbots/services/flower-bot?alt=json HTTP/1.1" 200 None
2022-04-20 12:42:44,104 DEBUG    urllib3.connectionpool https://asia-northeast1-run.googleapis.com:443 "GET /apis/serving.knative.dev/v1/namespaces/disbots/services/flower-bot?alt=json HTTP/1.1" 200 None
2022-04-20 12:42:45,424 DEBUG    urllib3.connectionpool https://asia-northeast1-run.googleapis.com:443 "GET /apis/serving.knative.dev/v1/namespaces/disbots/services/flower-bot?alt=json HTTP/1.1" 200 None
2022-04-20 12:42:45,480 DEBUG    root            (gcloud.run.deploy) Cloud Run error: The user-provided container failed to start and listen on the port defined provided by the PORT=8080 environment variable. Logs for this revision might contain more information.

Logs URL: https://console.cloud.google.com/logs/viewer?project=disbots&resource=cloud_run_revision/service_name/flower-bot/revision_name/flower-bot-00003-saw&advancedFilter=resource.type%3D%22cloud_run_revision%22%0Aresource.labels.service_name%3D%22flower-bot%22%0Aresource.labels.revision_name%3D%22flower-bot-00003-saw%22
For more troubleshooting guidance, see https://cloud.google.com/run/docs/troubleshooting#container-failed-to-start
Traceback (most recent call last):
  File "/Users/esh2n/google-cloud-sdk/lib/googlecloudsdk/calliope/cli.py", line 987, in Execute
    resources = calliope_command.Run(cli=self, args=args)
  File "/Users/esh2n/google-cloud-sdk/lib/googlecloudsdk/calliope/backend.py", line 809, in Run
    resources = command_instance.Run(args)
  File "/Users/esh2n/google-cloud-sdk/lib/surface/run/deploy.py", line 265, in Run
    service = operations.ReleaseService(
  File "/Users/esh2n/google-cloud-sdk/lib/googlecloudsdk/command_lib/run/serverless_operations.py", line 1171, in ReleaseService
    self.WaitForCondition(poller)
  File "/Users/esh2n/google-cloud-sdk/lib/googlecloudsdk/command_lib/run/serverless_operations.py", line 627, in WaitForCondition
    return waiter.PollUntilDone(poller, None, wait_ceiling_ms=1000)
  File "/Users/esh2n/google-cloud-sdk/lib/googlecloudsdk/api_lib/util/waiter.py", line 322, in PollUntilDone
    operation = retryer.RetryOnResult(
  File "/Users/esh2n/google-cloud-sdk/lib/googlecloudsdk/core/util/retry.py", line 239, in RetryOnResult
    result = func(*args, **kwargs)
  File "/Users/esh2n/google-cloud-sdk/lib/googlecloudsdk/command_lib/run/serverless_operations.py", line 248, in Poll
    self._PollTerminalSubconditions(conditions, conditions_message)
  File "/Users/esh2n/google-cloud-sdk/lib/googlecloudsdk/command_lib/run/serverless_operations.py", line 228, in _PollTerminalSubconditions
    self._PossiblyFailStage(condition, message)
  File "/Users/esh2n/google-cloud-sdk/lib/googlecloudsdk/command_lib/run/serverless_operations.py", line 345, in _PossiblyFailStage
    self._tracker.FailStage(condition, self._resource_fail_type(message),
  File "/Users/esh2n/google-cloud-sdk/lib/googlecloudsdk/core/console/progress_tracker.py", line 940, in FailStage
    raise failure_exception  # pylint: disable=raising-bad-type
googlecloudsdk.command_lib.run.exceptions.DeploymentFailedError: Cloud Run error: The user-provided container failed to start and listen on the port defined provided by the PORT=8080 environment variable. Logs for this revision might contain more information.

Logs URL: https://console.cloud.google.com/logs/viewer?project=disbots&resource=cloud_run_revision/service_name/flower-bot/revision_name/flower-bot-00003-saw&advancedFilter=resource.type%3D%22cloud_run_revision%22%0Aresource.labels.service_name%3D%22flower-bot%22%0Aresource.labels.revision_name%3D%22flower-bot-00003-saw%22
For more troubleshooting guidance, see https://cloud.google.com/run/docs/troubleshooting#container-failed-to-start
2022-04-20 12:42:45,491 ERROR    root            (gcloud.run.deploy) Cloud Run error: The user-provided container failed to start and listen on the port defined provided by the PORT=8080 environment variable. Logs for this revision might contain more information.

Logs URL: https://console.cloud.google.com/logs/viewer?project=disbots&resource=cloud_run_revision/service_name/flower-bot/revision_name/flower-bot-00003-saw&advancedFilter=resource.type%3D%22cloud_run_revision%22%0Aresource.labels.service_name%3D%22flower-bot%22%0Aresource.labels.revision_name%3D%22flower-bot-00003-saw%22
For more troubleshooting guidance, see https://cloud.google.com/run/docs/troubleshooting#container-failed-to-start
2022-04-20 12:42:45,520 DEBUG    root            Metrics reporting process started...
