2022-04-20 12:33:24,126 DEBUG    root            Loaded Command Group: ['gcloud', 'run']
2022-04-20 12:33:24,149 DEBUG    root            Loaded Command Group: ['gcloud', 'run', 'deploy']
2022-04-20 12:33:24,156 DEBUG    root            Running [gcloud.run.deploy] with arguments: [--allow-unauthenticated: "True", --max-instances: "<googlecloudsdk.command_lib.run.flags._ScaleValue object at 0x1032464f0>", --memory: "512Mi", --platform: "managed", --set-env-vars: "OrderedDict([('TOKEN', 'OTY2MTczNjUwODc1MTg3MjQw.Yl95VQ.j7cOWcZ7WGPsDkDoet5RwJ2jBSU')])", --source: ".", SERVICE: "flower-bot"]
2022-04-20 12:33:24,173 DEBUG    urllib3.connectionpool Starting new HTTPS connection (1): run.googleapis.com:443
2022-04-20 12:33:24,388 DEBUG    urllib3.connectionpool https://run.googleapis.com:443 "GET /v1/projects/disbots/locations?alt=json&pageSize=100 HTTP/1.1" 200 None
2022-04-20 12:33:25,990 INFO     ___FILE_ONLY___ To make this the default region, run `gcloud config set run/region asia-northeast1`.


2022-04-20 12:33:26,007 DEBUG    urllib3.connectionpool Starting new HTTPS connection (1): artifactregistry.googleapis.com:443
2022-04-20 12:33:26,364 DEBUG    urllib3.connectionpool https://artifactregistry.googleapis.com:443 "GET /v1/projects/disbots/locations/asia-northeast1/repositories/cloud-run-source-deploy?alt=json HTTP/1.1" 200 None
2022-04-20 12:33:26,374 INFO     ___FILE_ONLY___ This command is equivalent to running `gcloud builds submit --tag [IMAGE] .` and `gcloud run deploy flower-bot --image [IMAGE]`


2022-04-20 12:33:26,382 DEBUG    urllib3.connectionpool Starting new HTTPS connection (1): asia-northeast1-run.googleapis.com:443
2022-04-20 12:33:26,771 DEBUG    urllib3.connectionpool https://asia-northeast1-run.googleapis.com:443 "GET /apis/serving.knative.dev/v1/namespaces/disbots/services/flower-bot?alt=json HTTP/1.1" 200 None
2022-04-20 12:33:26,774 INFO     ___FILE_ONLY___ Building using Dockerfile and deploying container to Cloud Run service [[1mflower-bot[m] in project [[1mdisbots[m] region [[1masia-northeast1[m]

2022-04-20 12:33:26,775 INFO     ___FILE_ONLY___ Building and deploying...
2022-04-20 12:33:26,810 DEBUG    urllib3.connectionpool Starting new HTTPS connection (1): storage.googleapis.com:443
2022-04-20 12:33:27,071 DEBUG    urllib3.connectionpool https://storage.googleapis.com:443 "GET /storage/v1/b/disbots_cloudbuild?alt=json HTTP/1.1" 200 628
2022-04-20 12:33:27,376 DEBUG    urllib3.connectionpool https://storage.googleapis.com:443 "GET /storage/v1/b?alt=json&maxResults=1000&prefix=disbots_cloudbuild&project=disbots HTTP/1.1" 200 774
2022-04-20 12:33:27,378 INFO     root            Using default gcloudignore file:
--------------------------------------------------
# This file specifies files that are *not* uploaded to Google Cloud
# using gcloud. It follows the same syntax as .gitignore, with the addition of
# "#!include" directives (which insert the entries of the given .gitignore-style
# file at that point).
#
# For more information, run:
#   $ gcloud topic gcloudignore
#
.gcloudignore
# If you would like to upload your .git directory, .gitignore file or files
# from your .gitignore file, remove the corresponding line
# below:
.git
.gitignore
#!include:.gitignore

--------------------------------------------------
2022-04-20 12:33:27,380 DEBUG    root            Skipping file [.gitignore]
2022-04-20 12:33:27,380 DEBUG    root            Skipping file [.env]
2022-04-20 12:33:27,381 DEBUG    root            Skipping file [.git]
2022-04-20 12:33:27,383 DEBUG    root            Added dir [src]
2022-04-20 12:33:27,383 DEBUG    root            Added dir [src/util]
2022-04-20 12:33:27,383 DEBUG    root            Added dir [src/funcs]
2022-04-20 12:33:27,383 DEBUG    root            Added [Dockerfile]
2022-04-20 12:33:27,384 DEBUG    root            Added [README.md]
2022-04-20 12:33:27,385 DEBUG    root            Added [yarn.lock]
2022-04-20 12:33:27,386 DEBUG    root            Added [package.json]
2022-04-20 12:33:27,386 DEBUG    root            Added [tsconfig.json]
2022-04-20 12:33:27,386 DEBUG    root            Added [deploy.sh]
2022-04-20 12:33:27,386 DEBUG    root            Added [Procfile]
2022-04-20 12:33:27,387 DEBUG    root            Added [.env.example]
2022-04-20 12:33:27,387 DEBUG    root            Added [.eslintrc.json]
2022-04-20 12:33:27,387 DEBUG    root            Added [src/index.ts]
2022-04-20 12:33:27,388 DEBUG    root            Added [src/util/hanakotoba.ts]
2022-04-20 12:33:27,388 DEBUG    root            Added [src/funcs/echoHanakotoba.ts]
2022-04-20 12:33:27,391 INFO     root            Uploading [/var/folders/2b/s8mymn417x38kb14nwl_453h0000gn/T/tmpks18f998/file.tgz] to [disbots_cloudbuild/source/1650425606.795719-5bd2c37de0b64353a6f9b9bea1303769.tgz]
2022-04-20 12:33:27,668 DEBUG    urllib3.connectionpool https://storage.googleapis.com:443 "POST /upload/storage/v1/b/disbots_cloudbuild/o?alt=json&name=source%2F1650425606.795719-5bd2c37de0b64353a6f9b9bea1303769.tgz&uploadType=multipart HTTP/1.1" 200 971
2022-04-20 12:33:27,669 DEBUG    root            submitting build: <Build
 images: ['asia-northeast1-docker.pkg.dev/disbots/cloud-run-source-deploy/flower-bot']
 secrets: []
 source: <Source
 storageSource: <StorageSource
 bucket: 'disbots_cloudbuild'
 generation: 1650425607567221
 object: 'source/1650425606.795719-5bd2c37de0b64353a6f9b9bea1303769.tgz'>>
 steps: [<BuildStep
 args: ['build', '--network', 'cloudbuild', '--no-cache', '-t', 'asia-northeast1-docker.pkg.dev/disbots/cloud-run-source-deploy/flower-bot', '.']
 env: []
 name: 'gcr.io/cloud-builders/docker'
 secretEnv: []
 volumes: []
 waitFor: []>]
 tags: []
 warnings: []>
2022-04-20 12:33:27,676 DEBUG    urllib3.connectionpool Starting new HTTPS connection (1): cloudbuild.googleapis.com:443
2022-04-20 12:33:28,683 DEBUG    urllib3.connectionpool https://cloudbuild.googleapis.com:443 "POST /v1/projects/disbots/locations/global/builds?alt=json HTTP/1.1" 200 None
2022-04-20 12:33:28,692 DEBUG    urllib3.connectionpool Starting new HTTPS connection (1): cloudbuild.googleapis.com:443
2022-04-20 12:33:29,091 DEBUG    urllib3.connectionpool https://cloudbuild.googleapis.com:443 "GET /v1/operations/build/disbots/ODE4Yzk4MDAtMTYwMi00MzZjLTliNzktYzYzMzMzNDAwZTUy?alt=json HTTP/1.1" 200 None
2022-04-20 12:33:32,270 DEBUG    urllib3.connectionpool https://cloudbuild.googleapis.com:443 "GET /v1/operations/build/disbots/ODE4Yzk4MDAtMTYwMi00MzZjLTliNzktYzYzMzMzNDAwZTUy?alt=json HTTP/1.1" 200 None
2022-04-20 12:33:35,781 DEBUG    urllib3.connectionpool https://cloudbuild.googleapis.com:443 "GET /v1/operations/build/disbots/ODE4Yzk4MDAtMTYwMi00MzZjLTliNzktYzYzMzMzNDAwZTUy?alt=json HTTP/1.1" 200 None
2022-04-20 12:33:40,558 DEBUG    urllib3.connectionpool https://cloudbuild.googleapis.com:443 "GET /v1/operations/build/disbots/ODE4Yzk4MDAtMTYwMi00MzZjLTliNzktYzYzMzMzNDAwZTUy?alt=json HTTP/1.1" 200 None
2022-04-20 12:33:47,312 DEBUG    urllib3.connectionpool https://cloudbuild.googleapis.com:443 "GET /v1/operations/build/disbots/ODE4Yzk4MDAtMTYwMi00MzZjLTliNzktYzYzMzMzNDAwZTUy?alt=json HTTP/1.1" 200 None
2022-04-20 12:33:55,258 DEBUG    urllib3.connectionpool https://cloudbuild.googleapis.com:443 "GET /v1/operations/build/disbots/ODE4Yzk4MDAtMTYwMi00MzZjLTliNzktYzYzMzMzNDAwZTUy?alt=json HTTP/1.1" 200 None
2022-04-20 12:34:06,700 DEBUG    urllib3.connectionpool https://cloudbuild.googleapis.com:443 "GET /v1/operations/build/disbots/ODE4Yzk4MDAtMTYwMi00MzZjLTliNzktYzYzMzMzNDAwZTUy?alt=json HTTP/1.1" 200 None
2022-04-20 12:34:22,974 DEBUG    urllib3.connectionpool https://cloudbuild.googleapis.com:443 "GET /v1/operations/build/disbots/ODE4Yzk4MDAtMTYwMi00MzZjLTliNzktYzYzMzMzNDAwZTUy?alt=json HTTP/1.1" 200 None
2022-04-20 12:34:45,763 DEBUG    urllib3.connectionpool https://cloudbuild.googleapis.com:443 "GET /v1/operations/build/disbots/ODE4Yzk4MDAtMTYwMi00MzZjLTliNzktYzYzMzMzNDAwZTUy?alt=json HTTP/1.1" 200 None
2022-04-20 12:35:15,840 DEBUG    urllib3.connectionpool https://cloudbuild.googleapis.com:443 "GET /v1/operations/build/disbots/ODE4Yzk4MDAtMTYwMi00MzZjLTliNzktYzYzMzMzNDAwZTUy?alt=json HTTP/1.1" 200 None
2022-04-20 12:35:16,558 DEBUG    urllib3.connectionpool https://asia-northeast1-run.googleapis.com:443 "PUT /apis/serving.knative.dev/v1/namespaces/disbots/services/flower-bot?alt=json HTTP/1.1" 200 None
2022-04-20 12:35:16,607 DEBUG    urllib3.connectionpool Starting new HTTPS connection (1): run.googleapis.com:443
2022-04-20 12:35:17,305 DEBUG    urllib3.connectionpool https://run.googleapis.com:443 "GET /v1/projects/disbots/locations/asia-northeast1/services/flower-bot:getIamPolicy?alt=json HTTP/1.1" 200 None
2022-04-20 12:35:17,859 DEBUG    urllib3.connectionpool https://run.googleapis.com:443 "POST /v1/projects/disbots/locations/asia-northeast1/services/flower-bot:setIamPolicy?alt=json HTTP/1.1" 200 None
2022-04-20 12:35:18,178 DEBUG    urllib3.connectionpool https://asia-northeast1-run.googleapis.com:443 "GET /apis/serving.knative.dev/v1/namespaces/disbots/services/flower-bot?alt=json HTTP/1.1" 200 None
2022-04-20 12:35:19,505 DEBUG    urllib3.connectionpool https://asia-northeast1-run.googleapis.com:443 "GET /apis/serving.knative.dev/v1/namespaces/disbots/services/flower-bot?alt=json HTTP/1.1" 200 None
2022-04-20 12:35:20,832 DEBUG    urllib3.connectionpool https://asia-northeast1-run.googleapis.com:443 "GET /apis/serving.knative.dev/v1/namespaces/disbots/services/flower-bot?alt=json HTTP/1.1" 200 None
2022-04-20 12:35:22,154 DEBUG    urllib3.connectionpool https://asia-northeast1-run.googleapis.com:443 "GET /apis/serving.knative.dev/v1/namespaces/disbots/services/flower-bot?alt=json HTTP/1.1" 200 None
2022-04-20 12:35:23,492 DEBUG    urllib3.connectionpool https://asia-northeast1-run.googleapis.com:443 "GET /apis/serving.knative.dev/v1/namespaces/disbots/services/flower-bot?alt=json HTTP/1.1" 200 None
2022-04-20 12:35:24,821 DEBUG    urllib3.connectionpool https://asia-northeast1-run.googleapis.com:443 "GET /apis/serving.knative.dev/v1/namespaces/disbots/services/flower-bot?alt=json HTTP/1.1" 200 None
2022-04-20 12:35:26,103 DEBUG    urllib3.connectionpool https://asia-northeast1-run.googleapis.com:443 "GET /apis/serving.knative.dev/v1/namespaces/disbots/services/flower-bot?alt=json HTTP/1.1" 200 None
2022-04-20 12:35:27,395 DEBUG    urllib3.connectionpool https://asia-northeast1-run.googleapis.com:443 "GET /apis/serving.knative.dev/v1/namespaces/disbots/services/flower-bot?alt=json HTTP/1.1" 200 None
2022-04-20 12:35:28,717 DEBUG    urllib3.connectionpool https://asia-northeast1-run.googleapis.com:443 "GET /apis/serving.knative.dev/v1/namespaces/disbots/services/flower-bot?alt=json HTTP/1.1" 200 None
2022-04-20 12:35:30,056 DEBUG    urllib3.connectionpool https://asia-northeast1-run.googleapis.com:443 "GET /apis/serving.knative.dev/v1/namespaces/disbots/services/flower-bot?alt=json HTTP/1.1" 200 None
2022-04-20 12:35:31,379 DEBUG    urllib3.connectionpool https://asia-northeast1-run.googleapis.com:443 "GET /apis/serving.knative.dev/v1/namespaces/disbots/services/flower-bot?alt=json HTTP/1.1" 200 None
2022-04-20 12:35:32,653 DEBUG    urllib3.connectionpool https://asia-northeast1-run.googleapis.com:443 "GET /apis/serving.knative.dev/v1/namespaces/disbots/services/flower-bot?alt=json HTTP/1.1" 200 None
2022-04-20 12:35:33,971 DEBUG    urllib3.connectionpool https://asia-northeast1-run.googleapis.com:443 "GET /apis/serving.knative.dev/v1/namespaces/disbots/services/flower-bot?alt=json HTTP/1.1" 200 None
2022-04-20 12:35:35,300 DEBUG    urllib3.connectionpool https://asia-northeast1-run.googleapis.com:443 "GET /apis/serving.knative.dev/v1/namespaces/disbots/services/flower-bot?alt=json HTTP/1.1" 200 None
2022-04-20 12:35:36,584 DEBUG    urllib3.connectionpool https://asia-northeast1-run.googleapis.com:443 "GET /apis/serving.knative.dev/v1/namespaces/disbots/services/flower-bot?alt=json HTTP/1.1" 200 None
2022-04-20 12:35:36,640 DEBUG    root            (gcloud.run.deploy) Cloud Run error: The user-provided container failed to start and listen on the port defined provided by the PORT=8080 environment variable. Logs for this revision might contain more information.

Logs URL: https://console.cloud.google.com/logs/viewer?project=disbots&resource=cloud_run_revision/service_name/flower-bot/revision_name/flower-bot-00002-zev&advancedFilter=resource.type%3D%22cloud_run_revision%22%0Aresource.labels.service_name%3D%22flower-bot%22%0Aresource.labels.revision_name%3D%22flower-bot-00002-zev%22
For more troubleshooting guidance, see https://cloud.google.com/run/docs/troubleshooting#container-failed-to-start
Traceback (most recent call last):
  File "/Users/esh2n/google-cloud-sdk/lib/googlecloudsdk/calliope/cli.py", line 987, in Execute
    resources = calliope_command.Run(cli=self, args=args)
  File "/Users/esh2n/google-cloud-sdk/lib/googlecloudsdk/calliope/backend.py", line 809, in Run
    resources = command_instance.Run(args)
  File "/Users/esh2n/google-cloud-sdk/lib/surface/run/deploy.py", line 265, in Run
    service = operations.ReleaseService(
  File "/Users/esh2n/google-cloud-sdk/lib/googlecloudsdk/command_lib/run/serverless_operations.py", line 1171, in ReleaseService
    self.WaitForCondition(poller)
  File "/Users/esh2n/google-cloud-sdk/lib/googlecloudsdk/command_lib/run/serverless_operations.py", line 627, in WaitForCondition
    return waiter.PollUntilDone(poller, None, wait_ceiling_ms=1000)
  File "/Users/esh2n/google-cloud-sdk/lib/googlecloudsdk/api_lib/util/waiter.py", line 322, in PollUntilDone
    operation = retryer.RetryOnResult(
  File "/Users/esh2n/google-cloud-sdk/lib/googlecloudsdk/core/util/retry.py", line 239, in RetryOnResult
    result = func(*args, **kwargs)
  File "/Users/esh2n/google-cloud-sdk/lib/googlecloudsdk/command_lib/run/serverless_operations.py", line 248, in Poll
    self._PollTerminalSubconditions(conditions, conditions_message)
  File "/Users/esh2n/google-cloud-sdk/lib/googlecloudsdk/command_lib/run/serverless_operations.py", line 228, in _PollTerminalSubconditions
    self._PossiblyFailStage(condition, message)
  File "/Users/esh2n/google-cloud-sdk/lib/googlecloudsdk/command_lib/run/serverless_operations.py", line 345, in _PossiblyFailStage
    self._tracker.FailStage(condition, self._resource_fail_type(message),
  File "/Users/esh2n/google-cloud-sdk/lib/googlecloudsdk/core/console/progress_tracker.py", line 940, in FailStage
    raise failure_exception  # pylint: disable=raising-bad-type
googlecloudsdk.command_lib.run.exceptions.DeploymentFailedError: Cloud Run error: The user-provided container failed to start and listen on the port defined provided by the PORT=8080 environment variable. Logs for this revision might contain more information.

Logs URL: https://console.cloud.google.com/logs/viewer?project=disbots&resource=cloud_run_revision/service_name/flower-bot/revision_name/flower-bot-00002-zev&advancedFilter=resource.type%3D%22cloud_run_revision%22%0Aresource.labels.service_name%3D%22flower-bot%22%0Aresource.labels.revision_name%3D%22flower-bot-00002-zev%22
For more troubleshooting guidance, see https://cloud.google.com/run/docs/troubleshooting#container-failed-to-start
2022-04-20 12:35:36,644 ERROR    root            (gcloud.run.deploy) Cloud Run error: The user-provided container failed to start and listen on the port defined provided by the PORT=8080 environment variable. Logs for this revision might contain more information.

Logs URL: https://console.cloud.google.com/logs/viewer?project=disbots&resource=cloud_run_revision/service_name/flower-bot/revision_name/flower-bot-00002-zev&advancedFilter=resource.type%3D%22cloud_run_revision%22%0Aresource.labels.service_name%3D%22flower-bot%22%0Aresource.labels.revision_name%3D%22flower-bot-00002-zev%22
For more troubleshooting guidance, see https://cloud.google.com/run/docs/troubleshooting#container-failed-to-start
2022-04-20 12:35:36,652 DEBUG    root            Metrics reporting process started...
