2022-04-20 13:27:31,899 DEBUG    root            Loaded Command Group: ['gcloud', 'scheduler']
2022-04-20 13:27:31,899 DEBUG    root            Loaded Command Group: ['gcloud', 'scheduler', 'jobs']
2022-04-20 13:27:31,900 DEBUG    root            Loaded Command Group: ['gcloud', 'scheduler', 'jobs', 'create']
2022-04-20 13:27:31,938 DEBUG    root            Loaded Command Group: ['gcloud', 'scheduler', 'jobs', 'create', 'http']
2022-04-20 13:27:31,940 DEBUG    root            Running [gcloud.scheduler.jobs.create.http] with arguments: [--http-method: "get", --schedule: "* * * * *", --uri: "https://flower-bot-akbh3dd2eq-an.a.run.app", JOB: "GET-flower"]
2022-04-20 13:27:31,953 DEBUG    urllib3.connectionpool Starting new HTTPS connection (1): appengine.googleapis.com:443
2022-04-20 13:27:32,332 DEBUG    urllib3.connectionpool https://appengine.googleapis.com:443 "GET /v1/apps/disbots?alt=json HTTP/1.1" 404 None
2022-04-20 13:27:32,336 DEBUG    root            (gcloud.scheduler.jobs.create.http) Please use the location flag to manually specify a location.
Traceback (most recent call last):
  File "/Users/esh2n/google-cloud-sdk/lib/googlecloudsdk/calliope/cli.py", line 987, in Execute
    resources = calliope_command.Run(cli=self, args=args)
  File "/Users/esh2n/google-cloud-sdk/lib/googlecloudsdk/calliope/backend.py", line 809, in Run
    resources = command_instance.Run(args)
  File "/Users/esh2n/google-cloud-sdk/lib/googlecloudsdk/command_lib/util/apis/yaml_command_translator.py", line 641, in Run
    ref, response = self._CommonRun(args)
  File "/Users/esh2n/google-cloud-sdk/lib/googlecloudsdk/command_lib/util/apis/yaml_command_translator.py", line 374, in _CommonRun
    ref = self.arg_generator.GetRequestResourceRef(args)
  File "/Users/esh2n/google-cloud-sdk/lib/googlecloudsdk/command_lib/util/apis/arg_marshalling.py", line 210, in GetRequestResourceRef
    return self._ParseResourceArg(namespace)
  File "/Users/esh2n/google-cloud-sdk/lib/googlecloudsdk/command_lib/util/apis/arg_marshalling.py", line 331, in _ParseResourceArg
    result = arg_utils.GetFromNamespace(
  File "/Users/esh2n/google-cloud-sdk/lib/googlecloudsdk/calliope/concepts/handlers.py", line 87, in Parse
    return self.parse(self.arg_getter())
  File "/Users/esh2n/google-cloud-sdk/lib/googlecloudsdk/command_lib/util/concepts/info_holders.py", line 400, in Parse
    result = self.concept_spec.Parse(self.attribute_to_args_map,
  File "/Users/esh2n/google-cloud-sdk/lib/googlecloudsdk/calliope/concepts/concepts.py", line 487, in Parse
    return self.Initialize(
  File "/Users/esh2n/google-cloud-sdk/lib/googlecloudsdk/calliope/concepts/concepts.py", line 451, in Initialize
    return self._resources.Parse(
  File "/Users/esh2n/google-cloud-sdk/lib/googlecloudsdk/core/resources.py", line 1189, in Parse
    return self.ParseResourceId(collection, line, params or {},
  File "/Users/esh2n/google-cloud-sdk/lib/googlecloudsdk/core/resources.py", line 955, in ParseResourceId
    return parser.ParseResourceId(resource_id, kwargs, base_url, subcollection,
  File "/Users/esh2n/google-cloud-sdk/lib/googlecloudsdk/core/resources.py", line 314, in ParseResourceId
    param_values[param] = resolver() if callable(resolver) else resolver
  File "/Users/esh2n/google-cloud-sdk/lib/googlecloudsdk/calliope/concepts/concepts.py", line 443, in <lambda>
    f = lambda: deps_lib.Get(name, fallthroughs_map, parsed_args=parsed_args)
  File "/Users/esh2n/google-cloud-sdk/lib/googlecloudsdk/calliope/concepts/deps.py", line 311, in Get
    return GetFromFallthroughs(fallthroughs, parsed_args,
  File "/Users/esh2n/google-cloud-sdk/lib/googlecloudsdk/calliope/concepts/deps.py", line 336, in GetFromFallthroughs
    return fallthrough.GetValue(parsed_args)
  File "/Users/esh2n/google-cloud-sdk/lib/googlecloudsdk/calliope/concepts/deps.py", line 92, in GetValue
    value = self._Call(parsed_args)
  File "/Users/esh2n/google-cloud-sdk/lib/googlecloudsdk/calliope/concepts/deps.py", line 150, in _Call
    return self._function()
  File "/Users/esh2n/google-cloud-sdk/lib/googlecloudsdk/command_lib/scheduler/util.py", line 408, in __call__
    self.location = self._ResolveAppLocation()
  File "/Users/esh2n/google-cloud-sdk/lib/googlecloudsdk/command_lib/scheduler/util.py", line 421, in _ResolveAppLocation
    raise RegionResolvingError(
googlecloudsdk.command_lib.scheduler.util.RegionResolvingError: Please use the location flag to manually specify a location.
2022-04-20 13:27:32,339 ERROR    root            (gcloud.scheduler.jobs.create.http) Please use the location flag to manually specify a location.
2022-04-20 13:27:32,354 DEBUG    root            Metrics reporting process started...
