2022-04-20 13:22:42,946 DEBUG    root            Loaded Command Group: ['gcloud', 'scheduler']
2022-04-20 13:22:42,946 DEBUG    root            Loaded Command Group: ['gcloud', 'scheduler', 'jobs']
2022-04-20 13:22:42,947 DEBUG    root            Loaded Command Group: ['gcloud', 'scheduler', 'jobs', 'create']
2022-04-20 13:22:42,991 DEBUG    root            Loaded Command Group: ['gcloud', 'scheduler', 'jobs', 'create', 'http']
2022-04-20 13:22:42,994 DEBUG    root            Running [gcloud.scheduler.jobs.create.http] with arguments: [--http-method: "get", --location: "flower-bot", --schedule: "* * * * *", --uri: "https://flower-bot-akbh3dd2eq-an.a.run.app", JOB: "GET-flower-bot"]
2022-04-20 13:22:43,004 DEBUG    google.auth.transport.requests Making request: POST https://oauth2.googleapis.com/token
2022-04-20 13:22:43,053 DEBUG    urllib3.connectionpool Starting new HTTPS connection (1): oauth2.googleapis.com:443
2022-04-20 13:22:43,204 DEBUG    urllib3.connectionpool https://oauth2.googleapis.com:443 "POST /token HTTP/1.1" 200 None
2022-04-20 13:22:43,260 DEBUG    urllib3.connectionpool Starting new HTTPS connection (1): cloudscheduler.googleapis.com:443
2022-04-20 13:22:43,421 DEBUG    urllib3.connectionpool https://cloudscheduler.googleapis.com:443 "POST /v1/projects/disbots/locations/flower-bot/jobs?alt=json HTTP/1.1" 403 None
2022-04-20 13:22:43,422 DEBUG    root            (gcloud.scheduler.jobs.create.http) PERMISSION_DENIED: Permission denied on 'locations/flower-bot' (or it may not exist).
Traceback (most recent call last):
  File "/Users/esh2n/google-cloud-sdk/lib/googlecloudsdk/calliope/cli.py", line 987, in Execute
    resources = calliope_command.Run(cli=self, args=args)
  File "/Users/esh2n/google-cloud-sdk/lib/googlecloudsdk/calliope/backend.py", line 809, in Run
    resources = command_instance.Run(args)
  File "/Users/esh2n/google-cloud-sdk/lib/googlecloudsdk/command_lib/util/apis/yaml_command_translator.py", line 641, in Run
    ref, response = self._CommonRun(args)
  File "/Users/esh2n/google-cloud-sdk/lib/googlecloudsdk/command_lib/util/apis/yaml_command_translator.py", line 410, in _CommonRun
    response = self.method.Call(request,
  File "/Users/esh2n/google-cloud-sdk/lib/googlecloudsdk/command_lib/util/apis/registry.py", line 334, in Call
    return request_func(global_params=global_params)
  File "/Users/esh2n/google-cloud-sdk/lib/googlecloudsdk/command_lib/util/apis/registry.py", line 393, in RequestFunc
    return method(request, global_params=global_params)
  File "/Users/esh2n/google-cloud-sdk/lib/googlecloudsdk/third_party/apis/cloudscheduler/v1/cloudscheduler_v1_client.py", line 66, in Create
    return self._RunMethod(
  File "/Users/esh2n/google-cloud-sdk/lib/third_party/apitools/base/py/base_api.py", line 737, in _RunMethod
    return self.ProcessHttpResponse(method_config, http_response, request)
  File "/Users/esh2n/google-cloud-sdk/lib/third_party/apitools/base/py/base_api.py", line 743, in ProcessHttpResponse
    self.__ProcessHttpResponse(method_config, http_response, request))
  File "/Users/esh2n/google-cloud-sdk/lib/third_party/apitools/base/py/base_api.py", line 609, in __ProcessHttpResponse
    raise exceptions.HttpError.FromResponse(
apitools.base.py.exceptions.HttpForbiddenError: HttpError accessing <https://cloudscheduler.googleapis.com/v1/projects/disbots/locations/flower-bot/jobs?alt=json>: response: <{'vary': 'Origin, X-Origin, Referer', 'content-type': 'application/json; charset=UTF-8', 'content-encoding': 'gzip', 'date': 'Wed, 20 Apr 2022 04:22:43 GMT', 'server': 'ESF', 'cache-control': 'private', 'x-xss-protection': '0', 'x-frame-options': 'SAMEORIGIN', 'x-content-type-options': 'nosniff', 'alt-svc': 'h3=":443"; ma=2592000,h3-29=":443"; ma=2592000,h3-Q050=":443"; ma=2592000,h3-Q046=":443"; ma=2592000,h3-Q043=":443"; ma=2592000,quic=":443"; ma=2592000; v="46,43"', 'transfer-encoding': 'chunked', 'status': 403}>, content <{
  "error": {
    "code": 403,
    "message": "Permission denied on 'locations/flower-bot' (or it may not exist).",
    "status": "PERMISSION_DENIED"
  }
}
>
2022-04-20 13:22:43,426 ERROR    root            (gcloud.scheduler.jobs.create.http) PERMISSION_DENIED: Permission denied on 'locations/flower-bot' (or it may not exist).
2022-04-20 13:22:43,432 DEBUG    root            Metrics reporting process started...
