2022-04-22 11:04:00,549 DEBUG    root            Loaded Command Group: ['gcloud', 'config']
2022-04-22 11:04:00,551 DEBUG    root            Loaded Command Group: ['gcloud', 'config', 'configurations']
2022-04-22 11:04:00,552 DEBUG    root            Loaded Command Group: ['gcloud', 'config', 'configurations', 'list']
2022-04-22 11:04:00,553 DEBUG    root            Running [gcloud.config.configurations.list] with arguments: []
2022-04-22 11:04:00,554 INFO     root            Display format: "table(
        name,
        is_active,
        properties.core.account,
        properties.core.project,
        properties.compute.zone:label=COMPUTE_DEFAULT_ZONE,
        properties.compute.region:label=COMPUTE_DEFAULT_REGION)
    "
2022-04-22 11:04:00,555 INFO     ___FILE_ONLY___ NAME
2022-04-22 11:04:00,555 INFO     ___FILE_ONLY___      
2022-04-22 11:04:00,555 INFO     ___FILE_ONLY___ IS_ACTIVE
2022-04-22 11:04:00,555 INFO     ___FILE_ONLY___   
2022-04-22 11:04:00,555 INFO     ___FILE_ONLY___ ACCOUNT
2022-04-22 11:04:00,555 INFO     ___FILE_ONLY___                   
2022-04-22 11:04:00,555 INFO     ___FILE_ONLY___ PROJECT
2022-04-22 11:04:00,555 INFO     ___FILE_ONLY___   
2022-04-22 11:04:00,555 INFO     ___FILE_ONLY___ COMPUTE_DEFAULT_ZONE
2022-04-22 11:04:00,555 INFO     ___FILE_ONLY___   
2022-04-22 11:04:00,555 INFO     ___FILE_ONLY___ COMPUTE_DEFAULT_REGION
2022-04-22 11:04:00,555 INFO     ___FILE_ONLY___ 

2022-04-22 11:04:00,555 INFO     ___FILE_ONLY___ default
2022-04-22 11:04:00,555 INFO     ___FILE_ONLY___   
2022-04-22 11:04:00,555 INFO     ___FILE_ONLY___ True
2022-04-22 11:04:00,555 INFO     ___FILE_ONLY___        
2022-04-22 11:04:00,555 INFO     ___FILE_ONLY___ shunya.endo@ginco.co.jp
2022-04-22 11:04:00,556 INFO     ___FILE_ONLY___   
2022-04-22 11:04:00,556 INFO     ___FILE_ONLY___ disbots
2022-04-22 11:04:00,556 INFO     ___FILE_ONLY___ 

2022-04-22 11:04:00,560 DEBUG    root            Metrics reporting process started...
