2022-04-22 11:01:46,778 DEBUG    root            Loaded Command Group: ['gcloud', 'auth']
2022-04-22 11:01:46,780 DEBUG    root            Loaded Command Group: ['gcloud', 'auth', 'list']
2022-04-22 11:01:46,781 DEBUG    root            Running [gcloud.auth.list] with arguments: []
2022-04-22 11:01:46,806 INFO     root            Display format: "    table[title='Credentialed Accounts'](
        status.yesno(yes='*', no=''):label=ACTIVE,
        account
    )"
2022-04-22 11:01:46,806 INFO     ___FILE_ONLY___      Credentialed Accounts
2022-04-22 11:01:46,807 INFO     ___FILE_ONLY___ 

2022-04-22 11:01:46,807 INFO     ___FILE_ONLY___ ACTIVE
2022-04-22 11:01:46,807 INFO     ___FILE_ONLY___   
2022-04-22 11:01:46,807 INFO     ___FILE_ONLY___ ACCOUNT
2022-04-22 11:01:46,807 INFO     ___FILE_ONLY___ 

2022-04-22 11:01:46,807 INFO     ___FILE_ONLY___ *
2022-04-22 11:01:46,807 INFO     ___FILE_ONLY___        
2022-04-22 11:01:46,807 INFO     ___FILE_ONLY___ esh2n.bz@gmail.com
2022-04-22 11:01:46,807 INFO     ___FILE_ONLY___ 

2022-04-22 11:01:46,807 INFO     ___FILE_ONLY___         
2022-04-22 11:01:46,807 INFO     ___FILE_ONLY___ shunya.endo@ginco.co.jp
2022-04-22 11:01:46,807 INFO     ___FILE_ONLY___ 

2022-04-22 11:01:46,807 INFO     ___FILE_ONLY___ 
To set the active account, run:
    $ gcloud config set account `ACCOUNT`


2022-04-22 11:01:46,807 DEBUG    root            Checking for updates...
2022-04-22 11:01:46,868 DEBUG    urllib3.connectionpool Starting new HTTPS connection (1): dl.google.com:443
2022-04-22 11:01:47,067 DEBUG    urllib3.connectionpool https://dl.google.com:443 "GET /dl/cloudsdk/channels/rapid/components-2.json HTTP/1.1" 200 187078
2022-04-22 11:01:47,114 DEBUG    root            Updating notification cache...
2022-04-22 11:01:47,114 DEBUG    root            Activating notification: [default]
2022-04-22 11:01:47,114 INFO     ___FILE_ONLY___ 

Updates are available for some Google Cloud CLI components.  To install them,
please run:
  $ gcloud components update


2022-04-22 11:01:47,122 DEBUG    root            Metrics reporting process started...
