2022-04-22 11:08:25,376 DEBUG    root            Loaded Command Group: ['gcloud', 'config']
2022-04-22 11:08:25,377 DEBUG    root            Loaded Command Group: ['gcloud', 'config', 'configurations']
2022-04-22 11:08:25,378 DEBUG    root            Loaded Command Group: ['gcloud', 'config', 'configurations', 'list']
2022-04-22 11:08:25,379 DEBUG    root            Running [gcloud.config.configurations.list] with arguments: []
2022-04-22 11:08:25,380 INFO     root            Display format: "table(
        name,
        is_active,
        properties.core.account,
        properties.core.project,
        properties.compute.zone:label=COMPUTE_DEFAULT_ZONE,
        properties.compute.region:label=COMPUTE_DEFAULT_REGION)
    "
2022-04-22 11:08:25,383 INFO     ___FILE_ONLY___ NAME
2022-04-22 11:08:25,383 INFO     ___FILE_ONLY___      
2022-04-22 11:08:25,383 INFO     ___FILE_ONLY___ IS_ACTIVE
2022-04-22 11:08:25,383 INFO     ___FILE_ONLY___   
2022-04-22 11:08:25,383 INFO     ___FILE_ONLY___ ACCOUNT
2022-04-22 11:08:25,383 INFO     ___FILE_ONLY___                   
2022-04-22 11:08:25,383 INFO     ___FILE_ONLY___ PROJECT
2022-04-22 11:08:25,383 INFO     ___FILE_ONLY___          
2022-04-22 11:08:25,383 INFO     ___FILE_ONLY___ COMPUTE_DEFAULT_ZONE
2022-04-22 11:08:25,383 INFO     ___FILE_ONLY___   
2022-04-22 11:08:25,383 INFO     ___FILE_ONLY___ COMPUTE_DEFAULT_REGION
2022-04-22 11:08:25,383 INFO     ___FILE_ONLY___ 

2022-04-22 11:08:25,383 INFO     ___FILE_ONLY___ default
2022-04-22 11:08:25,383 INFO     ___FILE_ONLY___   
2022-04-22 11:08:25,383 INFO     ___FILE_ONLY___ False
2022-04-22 11:08:25,383 INFO     ___FILE_ONLY___       
2022-04-22 11:08:25,383 INFO     ___FILE_ONLY___ shunya.endo@ginco.co.jp
2022-04-22 11:08:25,383 INFO     ___FILE_ONLY___   
2022-04-22 11:08:25,383 INFO     ___FILE_ONLY___ disbots
2022-04-22 11:08:25,383 INFO     ___FILE_ONLY___ 

2022-04-22 11:08:25,383 INFO     ___FILE_ONLY___ ginco
2022-04-22 11:08:25,383 INFO     ___FILE_ONLY___     
2022-04-22 11:08:25,383 INFO     ___FILE_ONLY___ True
2022-04-22 11:08:25,383 INFO     ___FILE_ONLY___        
2022-04-22 11:08:25,383 INFO     ___FILE_ONLY___ shunya.endo@ginco.co.jp
2022-04-22 11:08:25,383 INFO     ___FILE_ONLY___   
2022-04-22 11:08:25,383 INFO     ___FILE_ONLY___ ginco-mura-dev
2022-04-22 11:08:25,383 INFO     ___FILE_ONLY___ 

