2022-04-22 11:11:55,364 DEBUG    root            Loaded Command Group: ['gcloud', 'sql']
2022-04-22 11:11:55,381 DEBUG    root            Loaded Command Group: ['gcloud', 'sql', 'connect']
2022-04-22 11:11:55,382 DEBUG    root            Running [gcloud.sql.connect] with arguments: [--user: "root", INSTANCE: "mura-dev"]
2022-04-22 11:11:55,483 DEBUG    urllib3.connectionpool Starting new HTTPS connection (1): sqladmin.googleapis.com:443
2022-04-22 11:11:55,738 DEBUG    urllib3.connectionpool https://sqladmin.googleapis.com:443 "GET /sql/v1beta4/projects/ginco-mura-dev/instances/mura-dev?alt=json HTTP/1.1" 200 None
2022-04-22 11:11:56,238 DEBUG    urllib3.connectionpool https://sqladmin.googleapis.com:443 "PATCH /sql/v1beta4/projects/ginco-mura-dev/instances/mura-dev?alt=json HTTP/1.1" 400 None
2022-04-22 11:11:56,240 WARNING  root            If you're connecting from an IPv6 address, or are constrained by certain organization policies (restrictPublicIP, restrictAuthorizedNetworks), consider running the beta version of this command by connecting through the Cloud SQL proxy: gcloud beta sql connect
2022-04-22 11:11:56,241 DEBUG    root            (gcloud.sql.connect) HTTPError 400: Invalid request: Invalid flag for instance role: CloudSQL Second Generation doesn't support IPv6 networks/subnets: 2404:7a80:c140:6a00:e0f4:dd67:b785:2459.
Traceback (most recent call last):
  File "/Users/esh2n/google-cloud-sdk/lib/surface/sql/connect.py", line 144, in _AllowlistClientIP
    result = sql_client.instances.Patch(patch_request)
  File "/Users/esh2n/google-cloud-sdk/lib/googlecloudsdk/third_party/apis/sqladmin/v1beta4/sqladmin_v1beta4_client.py", line 738, in Patch
    return self._RunMethod(
  File "/Users/esh2n/google-cloud-sdk/lib/third_party/apitools/base/py/base_api.py", line 737, in _RunMethod
    return self.ProcessHttpResponse(method_config, http_response, request)
  File "/Users/esh2n/google-cloud-sdk/lib/third_party/apitools/base/py/base_api.py", line 743, in ProcessHttpResponse
    self.__ProcessHttpResponse(method_config, http_response, request))
  File "/Users/esh2n/google-cloud-sdk/lib/third_party/apitools/base/py/base_api.py", line 609, in __ProcessHttpResponse
    raise exceptions.HttpError.FromResponse(
apitools.base.py.exceptions.HttpBadRequestError: HttpError accessing <https://sqladmin.googleapis.com/sql/v1beta4/projects/ginco-mura-dev/instances/mura-dev?alt=json>: response: <{'vary': 'Origin, X-Origin, Referer', 'content-type': 'application/json; charset=UTF-8', 'content-encoding': 'gzip', 'date': 'Fri, 22 Apr 2022 02:11:56 GMT', 'server': 'ESF', 'cache-control': 'private', 'x-xss-protection': '0', 'x-frame-options': 'SAMEORIGIN', 'x-content-type-options': 'nosniff', 'alt-svc': 'h3=":443"; ma=2592000,h3-29=":443"; ma=2592000,h3-Q050=":443"; ma=2592000,h3-Q046=":443"; ma=2592000,h3-Q043=":443"; ma=2592000,quic=":443"; ma=2592000; v="46,43"', 'transfer-encoding': 'chunked', 'status': 400}>, content <{
  "error": {
    "code": 400,
    "message": "Invalid request: Invalid flag for instance role: CloudSQL Second Generation doesn't support IPv6 networks/subnets: 2404:7a80:c140:6a00:e0f4:dd67:b785:2459.",
    "errors": [
      {
        "message": "Invalid request: Invalid flag for instance role: CloudSQL Second Generation doesn't support IPv6 networks/subnets: 2404:7a80:c140:6a00:e0f4:dd67:b785:2459.",
        "domain": "global",
        "reason": "invalid"
      }
    ]
  }
}
>

During handling of the above exception, another exception occurred:

Traceback (most recent call last):
  File "/Users/esh2n/google-cloud-sdk/lib/googlecloudsdk/calliope/cli.py", line 987, in Execute
    resources = calliope_command.Run(cli=self, args=args)
  File "/Users/esh2n/google-cloud-sdk/lib/googlecloudsdk/calliope/backend.py", line 809, in Run
    resources = command_instance.Run(args)
  File "/Users/esh2n/google-cloud-sdk/lib/surface/sql/connect.py", line 393, in Run
    return RunConnectCommand(args, supports_database=True)
  File "/Users/esh2n/google-cloud-sdk/lib/surface/sql/connect.py", line 237, in RunConnectCommand
    acl_name = _AllowlistClientIP(instance_ref, sql_client, sql_messages,
  File "/Users/esh2n/google-cloud-sdk/lib/surface/sql/connect.py", line 152, in _AllowlistClientIP
    raise calliope_exceptions.HttpException(error)
googlecloudsdk.calliope.exceptions.HttpException: HTTPError 400: Invalid request: Invalid flag for instance role: CloudSQL Second Generation doesn't support IPv6 networks/subnets: 2404:7a80:c140:6a00:e0f4:dd67:b785:2459.
2022-04-22 11:11:56,245 ERROR    root            (gcloud.sql.connect) HTTPError 400: Invalid request: Invalid flag for instance role: CloudSQL Second Generation doesn't support IPv6 networks/subnets: 2404:7a80:c140:6a00:e0f4:dd67:b785:2459.
