2022-03-26 13:39:45,886 DEBUG    root            Loaded Command Group: ['gcloud', 'beta', 'run']
2022-03-26 13:39:45,905 DEBUG    root            Loaded Command Group: ['gcloud', 'beta', 'run', 'deploy']
2022-03-26 13:39:45,912 DEBUG    root            Running [gcloud.beta.run.deploy] with arguments: [--image: "gcr.io/xdiscord-bot/lol-bot", --no-cpu-throttling: "False", --platform: "managed", --set-env-vars: "OrderedDict([('TOKEN', 'NzY0NzMwMjYzNzUzMTk1NTIw.X4Kgjg.cyrGi2QCSiibGEshI5BAkMoKrgw')])"]
2022-03-26 13:39:48,164 DEBUG    google.auth.transport.requests Making request: POST https://oauth2.googleapis.com/token
2022-03-26 13:39:48,233 DEBUG    urllib3.connectionpool Starting new HTTPS connection (1): oauth2.googleapis.com:443
2022-03-26 13:39:48,418 DEBUG    urllib3.connectionpool https://oauth2.googleapis.com:443 "POST /token HTTP/1.1" 200 None
2022-03-26 13:39:48,478 DEBUG    urllib3.connectionpool Starting new HTTPS connection (1): run.googleapis.com:443
2022-03-26 13:39:48,803 DEBUG    urllib3.connectionpool https://run.googleapis.com:443 "GET /v1/projects/ginco-nft-base-poc/locations?alt=json&pageSize=100 HTTP/1.1" 200 None
2022-03-26 13:39:56,011 INFO     ___FILE_ONLY___ To make this the default region, run `gcloud config set run/region asia-northeast1`.


2022-03-26 13:39:56,140 DEBUG    urllib3.connectionpool Starting new HTTPS connection (1): asia-northeast1-run.googleapis.com:443
2022-03-26 13:39:56,563 DEBUG    urllib3.connectionpool https://asia-northeast1-run.googleapis.com:443 "GET /apis/serving.knative.dev/v1/namespaces/ginco-nft-base-poc/services/lol-bot?alt=json HTTP/1.1" 404 None
2022-03-26 13:39:57,190 DEBUG    urllib3.connectionpool https://asia-northeast1-run.googleapis.com:443 "POST /v1/projects/ginco-nft-base-poc/locations/asia-northeast1/services/lol-bot:testIamPermissions?alt=json HTTP/1.1" 200 None
2022-03-26 13:39:57,192 INFO     ___FILE_ONLY___ This service will require authentication to be invoked.

2022-03-26 13:39:57,193 INFO     ___FILE_ONLY___ Deploying container to Cloud Run service [[1mlol-bot[m] in project [[1mginco-nft-base-poc[m] region [[1masia-northeast1[m]

2022-03-26 13:39:57,194 INFO     ___FILE_ONLY___ Deploying new service...
2022-03-26 13:39:57,929 DEBUG    urllib3.connectionpool https://asia-northeast1-run.googleapis.com:443 "POST /apis/serving.knative.dev/v1/namespaces/ginco-nft-base-poc/services?alt=json HTTP/1.1" 200 None
2022-03-26 13:39:58,295 DEBUG    urllib3.connectionpool https://asia-northeast1-run.googleapis.com:443 "GET /apis/serving.knative.dev/v1/namespaces/ginco-nft-base-poc/services/lol-bot?alt=json HTTP/1.1" 200 None
2022-03-26 13:39:59,696 DEBUG    urllib3.connectionpool https://asia-northeast1-run.googleapis.com:443 "GET /apis/serving.knative.dev/v1/namespaces/ginco-nft-base-poc/services/lol-bot?alt=json HTTP/1.1" 200 None
2022-03-26 13:40:01,056 DEBUG    urllib3.connectionpool https://asia-northeast1-run.googleapis.com:443 "GET /apis/serving.knative.dev/v1/namespaces/ginco-nft-base-poc/services/lol-bot?alt=json HTTP/1.1" 200 None
2022-03-26 13:40:02,436 DEBUG    urllib3.connectionpool https://asia-northeast1-run.googleapis.com:443 "GET /apis/serving.knative.dev/v1/namespaces/ginco-nft-base-poc/services/lol-bot?alt=json HTTP/1.1" 200 None
2022-03-26 13:40:03,873 DEBUG    urllib3.connectionpool https://asia-northeast1-run.googleapis.com:443 "GET /apis/serving.knative.dev/v1/namespaces/ginco-nft-base-poc/services/lol-bot?alt=json HTTP/1.1" 200 None
2022-03-26 13:40:05,266 DEBUG    urllib3.connectionpool https://asia-northeast1-run.googleapis.com:443 "GET /apis/serving.knative.dev/v1/namespaces/ginco-nft-base-poc/services/lol-bot?alt=json HTTP/1.1" 200 None
2022-03-26 13:40:06,643 DEBUG    urllib3.connectionpool https://asia-northeast1-run.googleapis.com:443 "GET /apis/serving.knative.dev/v1/namespaces/ginco-nft-base-poc/services/lol-bot?alt=json HTTP/1.1" 200 None
2022-03-26 13:40:08,738 DEBUG    urllib3.connectionpool https://asia-northeast1-run.googleapis.com:443 "GET /apis/serving.knative.dev/v1/namespaces/ginco-nft-base-poc/services/lol-bot?alt=json HTTP/1.1" 200 None
2022-03-26 13:40:10,164 DEBUG    urllib3.connectionpool https://asia-northeast1-run.googleapis.com:443 "GET /apis/serving.knative.dev/v1/namespaces/ginco-nft-base-poc/services/lol-bot?alt=json HTTP/1.1" 200 None
2022-03-26 13:40:11,533 DEBUG    urllib3.connectionpool https://asia-northeast1-run.googleapis.com:443 "GET /apis/serving.knative.dev/v1/namespaces/ginco-nft-base-poc/services/lol-bot?alt=json HTTP/1.1" 200 None
2022-03-26 13:40:13,022 DEBUG    urllib3.connectionpool https://asia-northeast1-run.googleapis.com:443 "GET /apis/serving.knative.dev/v1/namespaces/ginco-nft-base-poc/services/lol-bot?alt=json HTTP/1.1" 200 None
2022-03-26 13:40:14,376 DEBUG    urllib3.connectionpool https://asia-northeast1-run.googleapis.com:443 "GET /apis/serving.knative.dev/v1/namespaces/ginco-nft-base-poc/services/lol-bot?alt=json HTTP/1.1" 200 None
2022-03-26 13:40:15,717 DEBUG    urllib3.connectionpool https://asia-northeast1-run.googleapis.com:443 "GET /apis/serving.knative.dev/v1/namespaces/ginco-nft-base-poc/services/lol-bot?alt=json HTTP/1.1" 200 None
2022-03-26 13:40:17,145 DEBUG    urllib3.connectionpool https://asia-northeast1-run.googleapis.com:443 "GET /apis/serving.knative.dev/v1/namespaces/ginco-nft-base-poc/services/lol-bot?alt=json HTTP/1.1" 200 None
2022-03-26 13:40:18,631 DEBUG    urllib3.connectionpool https://asia-northeast1-run.googleapis.com:443 "GET /apis/serving.knative.dev/v1/namespaces/ginco-nft-base-poc/services/lol-bot?alt=json HTTP/1.1" 200 None
2022-03-26 13:40:20,126 DEBUG    urllib3.connectionpool https://asia-northeast1-run.googleapis.com:443 "GET /apis/serving.knative.dev/v1/namespaces/ginco-nft-base-poc/services/lol-bot?alt=json HTTP/1.1" 200 None
2022-03-26 13:40:21,593 DEBUG    urllib3.connectionpool https://asia-northeast1-run.googleapis.com:443 "GET /apis/serving.knative.dev/v1/namespaces/ginco-nft-base-poc/services/lol-bot?alt=json HTTP/1.1" 200 None
2022-03-26 13:40:23,127 DEBUG    urllib3.connectionpool https://asia-northeast1-run.googleapis.com:443 "GET /apis/serving.knative.dev/v1/namespaces/ginco-nft-base-poc/services/lol-bot?alt=json HTTP/1.1" 200 None
2022-03-26 13:40:24,704 DEBUG    urllib3.connectionpool https://asia-northeast1-run.googleapis.com:443 "GET /apis/serving.knative.dev/v1/namespaces/ginco-nft-base-poc/services/lol-bot?alt=json HTTP/1.1" 200 None
2022-03-26 13:40:26,156 DEBUG    urllib3.connectionpool https://asia-northeast1-run.googleapis.com:443 "GET /apis/serving.knative.dev/v1/namespaces/ginco-nft-base-poc/services/lol-bot?alt=json HTTP/1.1" 200 None
2022-03-26 13:40:27,598 DEBUG    urllib3.connectionpool https://asia-northeast1-run.googleapis.com:443 "GET /apis/serving.knative.dev/v1/namespaces/ginco-nft-base-poc/services/lol-bot?alt=json HTTP/1.1" 200 None
2022-03-26 13:40:29,040 DEBUG    urllib3.connectionpool https://asia-northeast1-run.googleapis.com:443 "GET /apis/serving.knative.dev/v1/namespaces/ginco-nft-base-poc/services/lol-bot?alt=json HTTP/1.1" 200 None
2022-03-26 13:40:30,560 DEBUG    urllib3.connectionpool https://asia-northeast1-run.googleapis.com:443 "GET /apis/serving.knative.dev/v1/namespaces/ginco-nft-base-poc/services/lol-bot?alt=json HTTP/1.1" 200 None
2022-03-26 13:40:32,185 DEBUG    urllib3.connectionpool https://asia-northeast1-run.googleapis.com:443 "GET /apis/serving.knative.dev/v1/namespaces/ginco-nft-base-poc/services/lol-bot?alt=json HTTP/1.1" 200 None
2022-03-26 13:40:33,623 DEBUG    urllib3.connectionpool https://asia-northeast1-run.googleapis.com:443 "GET /apis/serving.knative.dev/v1/namespaces/ginco-nft-base-poc/services/lol-bot?alt=json HTTP/1.1" 200 None
2022-03-26 13:40:34,937 DEBUG    urllib3.connectionpool https://asia-northeast1-run.googleapis.com:443 "GET /apis/serving.knative.dev/v1/namespaces/ginco-nft-base-poc/services/lol-bot?alt=json HTTP/1.1" 200 None
2022-03-26 13:40:36,439 DEBUG    urllib3.connectionpool https://asia-northeast1-run.googleapis.com:443 "GET /apis/serving.knative.dev/v1/namespaces/ginco-nft-base-poc/services/lol-bot?alt=json HTTP/1.1" 200 None
2022-03-26 13:40:37,932 DEBUG    urllib3.connectionpool https://asia-northeast1-run.googleapis.com:443 "GET /apis/serving.knative.dev/v1/namespaces/ginco-nft-base-poc/services/lol-bot?alt=json HTTP/1.1" 200 None
2022-03-26 13:40:39,189 DEBUG    urllib3.connectionpool https://asia-northeast1-run.googleapis.com:443 "GET /apis/serving.knative.dev/v1/namespaces/ginco-nft-base-poc/services/lol-bot?alt=json HTTP/1.1" 200 None
2022-03-26 13:40:40,581 DEBUG    urllib3.connectionpool https://asia-northeast1-run.googleapis.com:443 "GET /apis/serving.knative.dev/v1/namespaces/ginco-nft-base-poc/services/lol-bot?alt=json HTTP/1.1" 200 None
2022-03-26 13:40:42,022 DEBUG    urllib3.connectionpool https://asia-northeast1-run.googleapis.com:443 "GET /apis/serving.knative.dev/v1/namespaces/ginco-nft-base-poc/services/lol-bot?alt=json HTTP/1.1" 200 None
2022-03-26 13:40:43,361 DEBUG    urllib3.connectionpool https://asia-northeast1-run.googleapis.com:443 "GET /apis/serving.knative.dev/v1/namespaces/ginco-nft-base-poc/services/lol-bot?alt=json HTTP/1.1" 200 None
2022-03-26 13:40:44,670 DEBUG    urllib3.connectionpool https://asia-northeast1-run.googleapis.com:443 "GET /apis/serving.knative.dev/v1/namespaces/ginco-nft-base-poc/services/lol-bot?alt=json HTTP/1.1" 200 None
2022-03-26 13:40:46,011 DEBUG    urllib3.connectionpool https://asia-northeast1-run.googleapis.com:443 "GET /apis/serving.knative.dev/v1/namespaces/ginco-nft-base-poc/services/lol-bot?alt=json HTTP/1.1" 200 None
2022-03-26 13:40:47,536 DEBUG    urllib3.connectionpool https://asia-northeast1-run.googleapis.com:443 "GET /apis/serving.knative.dev/v1/namespaces/ginco-nft-base-poc/services/lol-bot?alt=json HTTP/1.1" 200 None
2022-03-26 13:40:48,962 DEBUG    urllib3.connectionpool https://asia-northeast1-run.googleapis.com:443 "GET /apis/serving.knative.dev/v1/namespaces/ginco-nft-base-poc/services/lol-bot?alt=json HTTP/1.1" 200 None
2022-03-26 13:40:50,353 DEBUG    urllib3.connectionpool https://asia-northeast1-run.googleapis.com:443 "GET /apis/serving.knative.dev/v1/namespaces/ginco-nft-base-poc/services/lol-bot?alt=json HTTP/1.1" 200 None
2022-03-26 13:40:51,795 DEBUG    urllib3.connectionpool https://asia-northeast1-run.googleapis.com:443 "GET /apis/serving.knative.dev/v1/namespaces/ginco-nft-base-poc/services/lol-bot?alt=json HTTP/1.1" 200 None
2022-03-26 13:40:53,187 DEBUG    urllib3.connectionpool https://asia-northeast1-run.googleapis.com:443 "GET /apis/serving.knative.dev/v1/namespaces/ginco-nft-base-poc/services/lol-bot?alt=json HTTP/1.1" 200 None
2022-03-26 13:40:54,593 DEBUG    urllib3.connectionpool https://asia-northeast1-run.googleapis.com:443 "GET /apis/serving.knative.dev/v1/namespaces/ginco-nft-base-poc/services/lol-bot?alt=json HTTP/1.1" 200 None
2022-03-26 13:40:55,745 DEBUG    urllib3.connectionpool https://asia-northeast1-run.googleapis.com:443 "GET /apis/serving.knative.dev/v1/namespaces/ginco-nft-base-poc/services/lol-bot?alt=json HTTP/1.1" 200 None
2022-03-26 13:40:57,352 DEBUG    urllib3.connectionpool https://asia-northeast1-run.googleapis.com:443 "GET /apis/serving.knative.dev/v1/namespaces/ginco-nft-base-poc/services/lol-bot?alt=json HTTP/1.1" 200 None
2022-03-26 13:40:58,786 DEBUG    urllib3.connectionpool https://asia-northeast1-run.googleapis.com:443 "GET /apis/serving.knative.dev/v1/namespaces/ginco-nft-base-poc/services/lol-bot?alt=json HTTP/1.1" 200 None
2022-03-26 13:41:00,218 DEBUG    urllib3.connectionpool https://asia-northeast1-run.googleapis.com:443 "GET /apis/serving.knative.dev/v1/namespaces/ginco-nft-base-poc/services/lol-bot?alt=json HTTP/1.1" 200 None
2022-03-26 13:41:00,304 DEBUG    root            (gcloud.beta.run.deploy) Google Cloud Run Service Agent must have permission to read the image, gcr.io/xdiscord-bot/lol-bot. Ensure that the provided container image URL is correct and that the above account has permission to access the image. If you just enabled the Cloud Run API, the permissions might take a few minutes to propagate. Note that the image is from project [xdiscord-bot], which is not the same as this project [ginco-nft-base-poc]. Permission must be granted to the Google Cloud Run Service Agent from this project.
Traceback (most recent call last):
  File "/Users/esh2n/google-cloud-sdk/lib/googlecloudsdk/calliope/cli.py", line 987, in Execute
    resources = calliope_command.Run(cli=self, args=args)
  File "/Users/esh2n/google-cloud-sdk/lib/googlecloudsdk/calliope/backend.py", line 809, in Run
    resources = command_instance.Run(args)
  File "/Users/esh2n/google-cloud-sdk/lib/surface/run/deploy.py", line 265, in Run
    service = operations.ReleaseService(
  File "/Users/esh2n/google-cloud-sdk/lib/googlecloudsdk/command_lib/run/serverless_operations.py", line 1171, in ReleaseService
    self.WaitForCondition(poller)
  File "/Users/esh2n/google-cloud-sdk/lib/googlecloudsdk/command_lib/run/serverless_operations.py", line 627, in WaitForCondition
    return waiter.PollUntilDone(poller, None, wait_ceiling_ms=1000)
  File "/Users/esh2n/google-cloud-sdk/lib/googlecloudsdk/api_lib/util/waiter.py", line 322, in PollUntilDone
    operation = retryer.RetryOnResult(
  File "/Users/esh2n/google-cloud-sdk/lib/googlecloudsdk/core/util/retry.py", line 239, in RetryOnResult
    result = func(*args, **kwargs)
  File "/Users/esh2n/google-cloud-sdk/lib/googlecloudsdk/command_lib/run/serverless_operations.py", line 248, in Poll
    self._PollTerminalSubconditions(conditions, conditions_message)
  File "/Users/esh2n/google-cloud-sdk/lib/googlecloudsdk/command_lib/run/serverless_operations.py", line 228, in _PollTerminalSubconditions
    self._PossiblyFailStage(condition, message)
  File "/Users/esh2n/google-cloud-sdk/lib/googlecloudsdk/command_lib/run/serverless_operations.py", line 345, in _PossiblyFailStage
    self._tracker.FailStage(condition, self._resource_fail_type(message),
  File "/Users/esh2n/google-cloud-sdk/lib/googlecloudsdk/core/console/progress_tracker.py", line 940, in FailStage
    raise failure_exception  # pylint: disable=raising-bad-type
googlecloudsdk.command_lib.run.exceptions.DeploymentFailedError: Google Cloud Run Service Agent must have permission to read the image, gcr.io/xdiscord-bot/lol-bot. Ensure that the provided container image URL is correct and that the above account has permission to access the image. If you just enabled the Cloud Run API, the permissions might take a few minutes to propagate. Note that the image is from project [xdiscord-bot], which is not the same as this project [ginco-nft-base-poc]. Permission must be granted to the Google Cloud Run Service Agent from this project.
2022-03-26 13:41:00,307 ERROR    root            (gcloud.beta.run.deploy) Google Cloud Run Service Agent must have permission to read the image, gcr.io/xdiscord-bot/lol-bot. Ensure that the provided container image URL is correct and that the above account has permission to access the image. If you just enabled the Cloud Run API, the permissions might take a few minutes to propagate. Note that the image is from project [xdiscord-bot], which is not the same as this project [ginco-nft-base-poc]. Permission must be granted to the Google Cloud Run Service Agent from this project.
