2022-03-26 13:57:41,865 DEBUG    root            Loaded Command Group: ['gcloud', 'auth']
2022-03-26 13:57:41,894 DEBUG    root            Loaded Command Group: ['gcloud', 'auth', 'login']
2022-03-26 13:57:41,895 DEBUG    root            Running [gcloud.auth.login] with arguments: []
2022-03-26 13:57:41,904 DEBUG    requests_oauthlib.oauth2_session Generated new state lD4x3lKYCiLab9NQhMREOK7gw1vi7w.
2022-03-26 13:57:42,063 INFO     ___FILE_ONLY___ Your browser has been opened to visit:

    https://accounts.google.com/o/oauth2/auth?response_type=code&client_id=32555940559.apps.googleusercontent.com&redirect_uri=http%3A%2F%2Flocalhost%3A8085%2F&scope=openid+https%3A%2F%2Fwww.googleapis.com%2Fauth%2Fuserinfo.email+https%3A%2F%2Fwww.googleapis.com%2Fauth%2Fcloud-platform+https%3A%2F%2Fwww.googleapis.com%2Fauth%2Fappengine.admin+https%3A%2F%2Fwww.googleapis.com%2Fauth%2Fcompute+https%3A%2F%2Fwww.googleapis.com%2Fauth%2Faccounts.reauth&state=lD4x3lKYCiLab9NQhMREOK7gw1vi7w&access_type=offline&code_challenge=i7I73qe_0nDNFQ5H7BIPnqiRMZo9J1puvlf_21Xf-mk&code_challenge_method=S256


2022-03-26 13:57:48,535 INFO     google_auth_oauthlib.flow "GET /?state=lD4x3lKYCiLab9NQhMREOK7gw1vi7w&code=4/0AX4XfWg1ydZnbUp3K6-gFz97UjvqS07r40eHSaDUnkRcUUScHsB1IS60D3wR7mAXsFefTA&scope=email%20openid%20https://www.googleapis.com/auth/userinfo.email%20https://www.googleapis.com/auth/cloud-platform%20https://www.googleapis.com/auth/appengine.admin%20https://www.googleapis.com/auth/compute%20https://www.googleapis.com/auth/accounts.reauth&authuser=2&prompt=consent HTTP/1.1" 200 959
2022-03-26 13:57:48,536 DEBUG    requests_oauthlib.oauth2_session Requesting url https://oauth2.googleapis.com/token using method POST.
2022-03-26 13:57:48,536 DEBUG    requests_oauthlib.oauth2_session Supplying headers {b'Accept': b'application/json', b'Content-Type': b'application/x-www-form-urlencoded;charset=UTF-8', b'user-agent': b'google-cloud-sdk gcloud/372.0.0 command/gcloud.auth.login invocation-id/e4c998a8e37d493b8e062cfda4434c66 environment/None environment-version/None interactive/True from-script/False python/3.9.10 term/screen-256color (Macintosh; Intel Mac OS X 21.1.0)'} and data {'grant_type': 'authorization_code', 'client_id': '32555940559.apps.googleusercontent.com', 'client_secret': 'ZmssLNjJy2998hD4CTg2ejr2', 'code': '4/0AX4XfWg1ydZnbUp3K6-gFz97UjvqS07r40eHSaDUnkRcUUScHsB1IS60D3wR7mAXsFefTA', 'redirect_uri': 'http://localhost:8085/', 'code_verifier': 'BtinJIS1HI8_P780vEb9RV5.mMxO8aL5ZRzZyBvPTvmlPyuCP.a_dN.nqMDR.BR~NBHv2w4aHxsCqi.Ys1X3JeTv~_qHngPJuLTc7XBeLKi_oMVEyd5KXMYLFcwLcoiK'}
2022-03-26 13:57:48,536 DEBUG    requests_oauthlib.oauth2_session Passing through key word arguments {'json': None, 'timeout': None, 'auth': None, 'verify': None, 'proxies': None}.
2022-03-26 13:57:48,587 DEBUG    urllib3.connectionpool Starting new HTTPS connection (1): oauth2.googleapis.com:443
2022-03-26 13:57:48,840 DEBUG    urllib3.connectionpool https://oauth2.googleapis.com:443 "POST /token HTTP/1.1" 200 None
2022-03-26 13:57:48,863 DEBUG    requests_oauthlib.oauth2_session Prepared fetch token request body grant_type=authorization_code&client_id=32555940559.apps.googleusercontent.com&client_secret=ZmssLNjJy2998hD4CTg2ejr2&code=4%2F0AX4XfWg1ydZnbUp3K6-gFz97UjvqS07r40eHSaDUnkRcUUScHsB1IS60D3wR7mAXsFefTA&redirect_uri=http%3A%2F%2Flocalhost%3A8085%2F&code_verifier=BtinJIS1HI8_P780vEb9RV5.mMxO8aL5ZRzZyBvPTvmlPyuCP.a_dN.nqMDR.BR~NBHv2w4aHxsCqi.Ys1X3JeTv~_qHngPJuLTc7XBeLKi_oMVEyd5KXMYLFcwLcoiK
2022-03-26 13:57:48,863 DEBUG    requests_oauthlib.oauth2_session Request to fetch token completed with status 200.
2022-03-26 13:57:48,864 DEBUG    requests_oauthlib.oauth2_session Request headers were {'user-agent': b'google-cloud-sdk gcloud/372.0.0 command/gcloud.auth.login invocation-id/e4c998a8e37d493b8e062cfda4434c66 environment/None environment-version/None interactive/True from-script/False python/3.9.10 term/screen-256color (Macintosh; Intel Mac OS X 21.1.0)', 'Accept-Encoding': 'gzip, deflate', 'Accept': b'application/json', 'Connection': 'keep-alive', 'Content-Type': b'application/x-www-form-urlencoded;charset=UTF-8', 'Content-Length': '387'}
2022-03-26 13:57:48,864 DEBUG    requests_oauthlib.oauth2_session Request body was grant_type=authorization_code&client_id=32555940559.apps.googleusercontent.com&client_secret=ZmssLNjJy2998hD4CTg2ejr2&code=4%2F0AX4XfWg1ydZnbUp3K6-gFz97UjvqS07r40eHSaDUnkRcUUScHsB1IS60D3wR7mAXsFefTA&redirect_uri=http%3A%2F%2Flocalhost%3A8085%2F&code_verifier=BtinJIS1HI8_P780vEb9RV5.mMxO8aL5ZRzZyBvPTvmlPyuCP.a_dN.nqMDR.BR~NBHv2w4aHxsCqi.Ys1X3JeTv~_qHngPJuLTc7XBeLKi_oMVEyd5KXMYLFcwLcoiK
2022-03-26 13:57:48,864 DEBUG    requests_oauthlib.oauth2_session Response headers were {'Pragma': 'no-cache', 'Expires': 'Mon, 01 Jan 1990 00:00:00 GMT', 'Date': 'Sat, 26 Mar 2022 04:57:48 GMT', 'Cache-Control': 'no-cache, no-store, max-age=0, must-revalidate', 'Content-Type': 'application/json; charset=utf-8', 'Vary': 'Origin, X-Origin, Referer', 'Content-Encoding': 'gzip', 'Server': 'scaffolding on HTTPServer2', 'X-XSS-Protection': '0', 'X-Frame-Options': 'SAMEORIGIN', 'X-Content-Type-Options': 'nosniff', 'Alt-Svc': 'h3=":443"; ma=2592000,h3-29=":443"; ma=2592000,h3-Q050=":443"; ma=2592000,h3-Q046=":443"; ma=2592000,h3-Q043=":443"; ma=2592000,quic=":443"; ma=2592000; v="46,43"', 'Transfer-Encoding': 'chunked'} and content {
  "access_token": "ya29.A0ARrdaM9Zfuck32LCvss1cjDUYV0zNogSiWUfDgW1I5c8L_leMmoUgUsDUB-xD21E6umzblYR3eVWt5Vg4s7lEnQjzmk6zm9iyHgmqrhAzQFNHccHtmpISSKXwIhFrC9_oVxYrbIvR_r5WAnTGXipCduV9IvuZX90bx63",
  "expires_in": 3599,
  "refresh_token": "1//0e9smHRBAAyfUCgYIARAAGA4SNwF-L9IrLp-DFrUs034xUndwJFlGQwVnI00293s94-7_h-QMnlmLe-TfGanOOEjSVRnInYmkHj8",
  "scope": "openid https://www.googleapis.com/auth/cloud-platform https://www.googleapis.com/auth/userinfo.email https://www.googleapis.com/auth/compute https://www.googleapis.com/auth/appengine.admin https://www.googleapis.com/auth/accounts.reauth",
  "token_type": "Bearer",
  "id_token": "eyJhbGciOiJSUzI1NiIsImtpZCI6IjU4YjQyOTY2MmRiMDc4NmYyZWZlZmUxM2MxZWIxMmEyOGRjNDQyZDAiLCJ0eXAiOiJKV1QifQ.eyJpc3MiOiJodHRwczovL2FjY291bnRzLmdvb2dsZS5jb20iLCJhenAiOiIzMjU1NTk0MDU1OS5hcHBzLmdvb2dsZXVzZXJjb250ZW50LmNvbSIsImF1ZCI6IjMyNTU1OTQwNTU5LmFwcHMuZ29vZ2xldXNlcmNvbnRlbnQuY29tIiwic3ViIjoiMTA0MjAxOTA4MDYxMDA2Njk4MTgyIiwiZW1haWwiOiJlc2gybi5iekBnbWFpbC5jb20iLCJlbWFpbF92ZXJpZmllZCI6dHJ1ZSwiYXRfaGFzaCI6Im95TzRmV0pvT0lUMS1sZnctUHJSQVEiLCJpYXQiOjE2NDgyNzA2NjgsImV4cCI6MTY0ODI3NDI2OH0.qt3aAvn9V7vjX-bCSIJMvIO7qmnQl_tTrMkBzz1sAs5CBWTuW66h5M9CXexAQNCpJyYXdCew7doS31IVSIWbWLGdpBDdZaY25SsAs4lXr6nstbv5H1CI2mJiP5M4AiS_lZ7ofpWiFd86_gqJ-DPz8329drCjWLF6qCiUqji5NhHDa_29xt4ULMtmlESPoX678bHRz2QRY8md0C8GWMEVf2wUUomqSNI9tNXbQQsscrE5UFECPkWG4T9AIYLIiT5mq6me8GPiO52i1zUByu_i6UUhlgMFQdo4_OIl_II6mEAwZXIowa0iu8JuFznoyNP0r1SsDWw4AkYZiqH3Pw6J-Q"
}.
2022-03-26 13:57:48,865 DEBUG    requests_oauthlib.oauth2_session Invoking 0 token response hooks.
2022-03-26 13:57:48,865 DEBUG    requests_oauthlib.oauth2_session Obtained token {'access_token': 'ya29.A0ARrdaM9Zfuck32LCvss1cjDUYV0zNogSiWUfDgW1I5c8L_leMmoUgUsDUB-xD21E6umzblYR3eVWt5Vg4s7lEnQjzmk6zm9iyHgmqrhAzQFNHccHtmpISSKXwIhFrC9_oVxYrbIvR_r5WAnTGXipCduV9IvuZX90bx63', 'expires_in': 3599, 'refresh_token': '1//0e9smHRBAAyfUCgYIARAAGA4SNwF-L9IrLp-DFrUs034xUndwJFlGQwVnI00293s94-7_h-QMnlmLe-TfGanOOEjSVRnInYmkHj8', 'scope': ['openid', 'https://www.googleapis.com/auth/cloud-platform', 'https://www.googleapis.com/auth/userinfo.email', 'https://www.googleapis.com/auth/compute', 'https://www.googleapis.com/auth/appengine.admin', 'https://www.googleapis.com/auth/accounts.reauth'], 'token_type': 'Bearer', 'id_token': 'eyJhbGciOiJSUzI1NiIsImtpZCI6IjU4YjQyOTY2MmRiMDc4NmYyZWZlZmUxM2MxZWIxMmEyOGRjNDQyZDAiLCJ0eXAiOiJKV1QifQ.eyJpc3MiOiJodHRwczovL2FjY291bnRzLmdvb2dsZS5jb20iLCJhenAiOiIzMjU1NTk0MDU1OS5hcHBzLmdvb2dsZXVzZXJjb250ZW50LmNvbSIsImF1ZCI6IjMyNTU1OTQwNTU5LmFwcHMuZ29vZ2xldXNlcmNvbnRlbnQuY29tIiwic3ViIjoiMTA0MjAxOTA4MDYxMDA2Njk4MTgyIiwiZW1haWwiOiJlc2gybi5iekBnbWFpbC5jb20iLCJlbWFpbF92ZXJpZmllZCI6dHJ1ZSwiYXRfaGFzaCI6Im95TzRmV0pvT0lUMS1sZnctUHJSQVEiLCJpYXQiOjE2NDgyNzA2NjgsImV4cCI6MTY0ODI3NDI2OH0.qt3aAvn9V7vjX-bCSIJMvIO7qmnQl_tTrMkBzz1sAs5CBWTuW66h5M9CXexAQNCpJyYXdCew7doS31IVSIWbWLGdpBDdZaY25SsAs4lXr6nstbv5H1CI2mJiP5M4AiS_lZ7ofpWiFd86_gqJ-DPz8329drCjWLF6qCiUqji5NhHDa_29xt4ULMtmlESPoX678bHRz2QRY8md0C8GWMEVf2wUUomqSNI9tNXbQQsscrE5UFECPkWG4T9AIYLIiT5mq6me8GPiO52i1zUByu_i6UUhlgMFQdo4_OIl_II6mEAwZXIowa0iu8JuFznoyNP0r1SsDWw4AkYZiqH3Pw6J-Q', 'expires_at': 1648274267.8653288}.
2022-03-26 13:57:48,881 INFO     ___FILE_ONLY___ 
You are now logged in as [esh2n.bz@gmail.com].
Your current project is [ginco-nft-base-poc].  You can change this setting by running:
  $ gcloud config set project PROJECT_ID

2022-03-26 13:57:48,882 INFO     root            Display format: "none"
2022-03-26 13:57:48,888 DEBUG    root            Checking for updates...
2022-03-26 13:57:48,901 DEBUG    urllib3.connectionpool Starting new HTTPS connection (1): dl.google.com:443
2022-03-26 13:57:49,109 DEBUG    urllib3.connectionpool https://dl.google.com:443 "GET /dl/cloudsdk/channels/rapid/components-2.json HTTP/1.1" 200 186644
2022-03-26 13:57:49,141 DEBUG    root            Updating notification cache...
2022-03-26 13:57:49,141 DEBUG    root            Activating notification: [default]
2022-03-26 13:57:49,141 INFO     ___FILE_ONLY___ 

Updates are available for some Google Cloud CLI components.  To install them,
please run:
  $ gcloud components update


2022-03-26 13:57:49,143 INFO     ___FILE_ONLY___ 

To take a quick anonymous survey, run:
  $ gcloud survey


