2022-03-26 14:23:25,212 DEBUG    root            Loaded Command Group: ['gcloud', 'run']
2022-03-26 14:23:25,230 DEBUG    root            Loaded Command Group: ['gcloud', 'run', 'deploy']
2022-03-26 14:23:25,236 DEBUG    root            Running [gcloud.run.deploy] with arguments: [--set-env-vars: "OrderedDict([('TOKEN', 'NzY0NzMwMjYzNzUzMTk1NTIw.X4Kgjg.cyrGi2QCSiibGEshI5BAkMoKrgw')])", --source: ".", SERVICE: "lol-bot"]
2022-03-26 14:23:25,368 DEBUG    urllib3.connectionpool Starting new HTTPS connection (1): run.googleapis.com:443
2022-03-26 14:23:25,625 DEBUG    urllib3.connectionpool https://run.googleapis.com:443 "GET /v1/projects/disbots/locations?alt=json&pageSize=100 HTTP/1.1" 200 None
2022-03-26 14:23:30,757 INFO     ___FILE_ONLY___ To make this the default region, run `gcloud config set run/region asia-northeast1`.


2022-03-26 14:23:30,808 DEBUG    urllib3.connectionpool Starting new HTTPS connection (1): artifactregistry.googleapis.com:443
2022-03-26 14:23:31,267 DEBUG    urllib3.connectionpool https://artifactregistry.googleapis.com:443 "GET /v1beta2/projects/disbots/locations/asia-northeast1/repositories/cloud-run-source-deploy?alt=json HTTP/1.1" 200 None
2022-03-26 14:23:31,269 INFO     ___FILE_ONLY___ This command is equivalent to running `gcloud builds submit --tag [IMAGE] .` and `gcloud run deploy lol-bot --image [IMAGE]`


2022-03-26 14:23:31,287 DEBUG    urllib3.connectionpool Starting new HTTPS connection (1): asia-northeast1-run.googleapis.com:443
2022-03-26 14:23:31,537 DEBUG    urllib3.connectionpool https://asia-northeast1-run.googleapis.com:443 "GET /apis/serving.knative.dev/v1/namespaces/disbots/services/lol-bot?alt=json HTTP/1.1" 200 None
2022-03-26 14:23:31,543 INFO     ___FILE_ONLY___ Building using Dockerfile and deploying container to Cloud Run service [[1mlol-bot[m] in project [[1mdisbots[m] region [[1masia-northeast1[m]

2022-03-26 14:23:31,544 INFO     ___FILE_ONLY___ Building and deploying...
2022-03-26 14:23:31,666 DEBUG    urllib3.connectionpool Starting new HTTPS connection (1): storage.googleapis.com:443
2022-03-26 14:23:31,969 DEBUG    urllib3.connectionpool https://storage.googleapis.com:443 "GET /storage/v1/b/disbots_cloudbuild?alt=json HTTP/1.1" 200 628
2022-03-26 14:23:32,314 DEBUG    urllib3.connectionpool https://storage.googleapis.com:443 "GET /storage/v1/b?alt=json&maxResults=1000&prefix=disbots_cloudbuild&project=disbots HTTP/1.1" 200 774
2022-03-26 14:23:32,315 INFO     root            Using default gcloudignore file:
--------------------------------------------------
# This file specifies files that are *not* uploaded to Google Cloud
# using gcloud. It follows the same syntax as .gitignore, with the addition of
# "#!include" directives (which insert the entries of the given .gitignore-style
# file at that point).
#
# For more information, run:
#   $ gcloud topic gcloudignore
#
.gcloudignore
# If you would like to upload your .git directory, .gitignore file or files
# from your .gitignore file, remove the corresponding line
# below:
.git
.gitignore
#!include:.gitignore

--------------------------------------------------
2022-03-26 14:23:32,317 DEBUG    root            Skipping file [.gitignore]
2022-03-26 14:23:32,317 DEBUG    root            Skipping file [.env]
2022-03-26 14:23:32,318 DEBUG    root            Skipping file [dist]
2022-03-26 14:23:32,318 DEBUG    root            Skipping file [node_modules]
2022-03-26 14:23:32,318 DEBUG    root            Skipping file [.git]
2022-03-26 14:23:32,326 DEBUG    root            Added dir [assets]
2022-03-26 14:23:32,326 DEBUG    root            Added dir [src]
2022-03-26 14:23:32,326 DEBUG    root            Added dir [assets/voice]
2022-03-26 14:23:32,327 DEBUG    root            Added dir [assets/voice/rikko]
2022-03-26 14:23:32,327 DEBUG    root            Added dir [assets/voice/fei]
2022-03-26 14:23:32,327 DEBUG    root            Added dir [assets/voice/eyes]
2022-03-26 14:23:32,327 DEBUG    root            Added dir [src/util]
2022-03-26 14:23:32,327 DEBUG    root            Added dir [src/funcs]
2022-03-26 14:23:32,327 DEBUG    root            Added [Dockerfile]
2022-03-26 14:23:32,327 DEBUG    root            Added [README.md]
2022-03-26 14:23:32,329 DEBUG    root            Added [yarn.lock]
2022-03-26 14:23:32,329 DEBUG    root            Added [.dockerignore]
2022-03-26 14:23:32,334 DEBUG    root            Added [package-lock.json]
2022-03-26 14:23:32,334 DEBUG    root            Added [package.json]
2022-03-26 14:23:32,335 DEBUG    root            Added [tsconfig.json]
2022-03-26 14:23:32,335 DEBUG    root            Added [docker-compose.yml]
2022-03-26 14:23:32,335 DEBUG    root            Added [.env.example]
2022-03-26 14:23:32,335 DEBUG    root            Added [.eslintrc.json]
2022-03-26 14:23:32,340 DEBUG    root            Added [assets/voice/rikko/tinpo_1.mp3]
2022-03-26 14:23:32,344 DEBUG    root            Added [assets/voice/rikko/rikko_1.mp3]
2022-03-26 14:23:32,346 DEBUG    root            Added [assets/voice/fei/fei_4.mp3]
2022-03-26 14:23:32,348 DEBUG    root            Added [assets/voice/fei/fei_5.mp3]
2022-03-26 14:23:32,350 DEBUG    root            Added [assets/voice/fei/fei_1.mp3]
2022-03-26 14:23:32,352 DEBUG    root            Added [assets/voice/fei/fei_2.mp3]
2022-03-26 14:23:32,354 DEBUG    root            Added [assets/voice/fei/fei_3.mp3]
2022-03-26 14:23:32,370 DEBUG    root            Added [assets/voice/eyes/eyes_6.mp3]
2022-03-26 14:23:32,373 DEBUG    root            Added [assets/voice/eyes/eyes_5.mp3]
2022-03-26 14:23:32,375 DEBUG    root            Added [assets/voice/eyes/eyes_4.mp3]
2022-03-26 14:23:32,377 DEBUG    root            Added [assets/voice/eyes/eyes_1.mp3]
2022-03-26 14:23:32,379 DEBUG    root            Added [assets/voice/eyes/eyes_3.mp3]
2022-03-26 14:23:32,381 DEBUG    root            Added [assets/voice/eyes/eyes_2.mp3]
2022-03-26 14:23:32,381 DEBUG    root            Added [src/index.ts]
2022-03-26 14:23:32,381 DEBUG    root            Added [src/util/scraping.ts]
2022-03-26 14:23:32,381 DEBUG    root            Added [src/util/getSkinName.ts]
2022-03-26 14:23:32,382 DEBUG    root            Added [src/util/getChampName.ts]
2022-03-26 14:23:32,382 DEBUG    root            Added [src/funcs/playVoice.ts]
2022-03-26 14:23:32,382 DEBUG    root            Added [src/funcs/echoBio.ts]
2022-03-26 14:23:32,382 DEBUG    root            Added [src/funcs/help.ts]
2022-03-26 14:23:32,382 DEBUG    root            Added [src/funcs/echoCounter.ts]
2022-03-26 14:23:32,383 DEBUG    root            Added [src/funcs/callEveryone.ts]
2022-03-26 14:23:32,383 DEBUG    root            Added [src/funcs/services.ts]
2022-03-26 14:23:32,385 INFO     root            Uploading [/var/folders/2b/s8mymn417x38kb14nwl_453h0000gn/T/tmpc_ir0qzg/file.tgz] to [disbots_cloudbuild/source/1648272211.56741-93aa7f5a01e74c92ae2772a755035e07.tgz]
2022-03-26 14:23:32,772 DEBUG    urllib3.connectionpool https://storage.googleapis.com:443 "POST /upload/storage/v1/b/disbots_cloudbuild/o?alt=json&name=source%2F1648272211.56741-93aa7f5a01e74c92ae2772a755035e07.tgz&uploadType=multipart HTTP/1.1" 200 969
2022-03-26 14:23:32,773 DEBUG    root            submitting build: <Build
 images: ['asia-northeast1-docker.pkg.dev/disbots/cloud-run-source-deploy/lol-bot']
 secrets: []
 source: <Source
 storageSource: <StorageSource
 bucket: 'disbots_cloudbuild'
 generation: 1648272212802609
 object: 'source/1648272211.56741-93aa7f5a01e74c92ae2772a755035e07.tgz'>>
 steps: [<BuildStep
 args: ['build', '--network', 'cloudbuild', '--no-cache', '-t', 'asia-northeast1-docker.pkg.dev/disbots/cloud-run-source-deploy/lol-bot', '.']
 env: []
 name: 'gcr.io/cloud-builders/docker'
 secretEnv: []
 volumes: []
 waitFor: []>]
 tags: []
 warnings: []>
2022-03-26 14:23:32,820 DEBUG    urllib3.connectionpool Starting new HTTPS connection (1): cloudbuild.googleapis.com:443
2022-03-26 14:23:34,457 DEBUG    urllib3.connectionpool https://cloudbuild.googleapis.com:443 "POST /v1/projects/disbots/locations/global/builds?alt=json HTTP/1.1" 200 None
2022-03-26 14:23:34,468 DEBUG    urllib3.connectionpool Starting new HTTPS connection (1): cloudbuild.googleapis.com:443
2022-03-26 14:23:34,983 DEBUG    urllib3.connectionpool https://cloudbuild.googleapis.com:443 "GET /v1/operations/build/disbots/YWJkNjI1YjgtNjQ4MS00YmY3LWFjNWUtNjA4M2RhYzk5MWQy?alt=json HTTP/1.1" 200 None
2022-03-26 14:23:38,895 DEBUG    urllib3.connectionpool https://cloudbuild.googleapis.com:443 "GET /v1/operations/build/disbots/YWJkNjI1YjgtNjQ4MS00YmY3LWFjNWUtNjA4M2RhYzk5MWQy?alt=json HTTP/1.1" 200 None
2022-03-26 14:23:43,583 DEBUG    urllib3.connectionpool https://cloudbuild.googleapis.com:443 "GET /v1/operations/build/disbots/YWJkNjI1YjgtNjQ4MS00YmY3LWFjNWUtNjA4M2RhYzk5MWQy?alt=json HTTP/1.1" 200 None
2022-03-26 14:23:49,240 DEBUG    urllib3.connectionpool https://cloudbuild.googleapis.com:443 "GET /v1/operations/build/disbots/YWJkNjI1YjgtNjQ4MS00YmY3LWFjNWUtNjA4M2RhYzk5MWQy?alt=json HTTP/1.1" 200 None
2022-03-26 14:23:55,845 DEBUG    urllib3.connectionpool https://cloudbuild.googleapis.com:443 "GET /v1/operations/build/disbots/YWJkNjI1YjgtNjQ4MS00YmY3LWFjNWUtNjA4M2RhYzk5MWQy?alt=json HTTP/1.1" 200 None
2022-03-26 14:24:04,359 DEBUG    urllib3.connectionpool https://cloudbuild.googleapis.com:443 "GET /v1/operations/build/disbots/YWJkNjI1YjgtNjQ4MS00YmY3LWFjNWUtNjA4M2RhYzk5MWQy?alt=json HTTP/1.1" 200 None
2022-03-26 14:24:15,980 DEBUG    urllib3.connectionpool https://cloudbuild.googleapis.com:443 "GET /v1/operations/build/disbots/YWJkNjI1YjgtNjQ4MS00YmY3LWFjNWUtNjA4M2RhYzk5MWQy?alt=json HTTP/1.1" 200 None
2022-03-26 14:24:32,843 DEBUG    urllib3.connectionpool https://cloudbuild.googleapis.com:443 "GET /v1/operations/build/disbots/YWJkNjI1YjgtNjQ4MS00YmY3LWFjNWUtNjA4M2RhYzk5MWQy?alt=json HTTP/1.1" 200 None
2022-03-26 14:24:54,659 DEBUG    urllib3.connectionpool https://cloudbuild.googleapis.com:443 "GET /v1/operations/build/disbots/YWJkNjI1YjgtNjQ4MS00YmY3LWFjNWUtNjA4M2RhYzk5MWQy?alt=json HTTP/1.1" 200 None
2022-03-26 14:25:25,309 DEBUG    urllib3.connectionpool https://cloudbuild.googleapis.com:443 "GET /v1/operations/build/disbots/YWJkNjI1YjgtNjQ4MS00YmY3LWFjNWUtNjA4M2RhYzk5MWQy?alt=json HTTP/1.1" 200 None
2022-03-26 14:26:07,036 DEBUG    urllib3.connectionpool https://cloudbuild.googleapis.com:443 "GET /v1/operations/build/disbots/YWJkNjI1YjgtNjQ4MS00YmY3LWFjNWUtNjA4M2RhYzk5MWQy?alt=json HTTP/1.1" 200 None
2022-03-26 14:27:05,605 DEBUG    urllib3.connectionpool https://cloudbuild.googleapis.com:443 "GET /v1/operations/build/disbots/YWJkNjI1YjgtNjQ4MS00YmY3LWFjNWUtNjA4M2RhYzk5MWQy?alt=json HTTP/1.1" 200 None
2022-03-26 14:28:27,377 DEBUG    urllib3.connectionpool https://cloudbuild.googleapis.com:443 "GET /v1/operations/build/disbots/YWJkNjI1YjgtNjQ4MS00YmY3LWFjNWUtNjA4M2RhYzk5MWQy?alt=json HTTP/1.1" 200 None
2022-03-26 14:28:27,430 DEBUG    urllib3.connectionpool Resetting dropped connection: asia-northeast1-run.googleapis.com
2022-03-26 14:28:28,091 DEBUG    urllib3.connectionpool https://asia-northeast1-run.googleapis.com:443 "PUT /apis/serving.knative.dev/v1/namespaces/disbots/services/lol-bot?alt=json HTTP/1.1" 200 None
2022-03-26 14:28:28,402 DEBUG    urllib3.connectionpool https://asia-northeast1-run.googleapis.com:443 "GET /apis/serving.knative.dev/v1/namespaces/disbots/services/lol-bot?alt=json HTTP/1.1" 200 None
2022-03-26 14:28:29,765 DEBUG    urllib3.connectionpool https://asia-northeast1-run.googleapis.com:443 "GET /apis/serving.knative.dev/v1/namespaces/disbots/services/lol-bot?alt=json HTTP/1.1" 200 None
2022-03-26 14:28:31,155 DEBUG    urllib3.connectionpool https://asia-northeast1-run.googleapis.com:443 "GET /apis/serving.knative.dev/v1/namespaces/disbots/services/lol-bot?alt=json HTTP/1.1" 200 None
2022-03-26 14:28:32,597 DEBUG    urllib3.connectionpool https://asia-northeast1-run.googleapis.com:443 "GET /apis/serving.knative.dev/v1/namespaces/disbots/services/lol-bot?alt=json HTTP/1.1" 200 None
2022-03-26 14:28:33,942 DEBUG    urllib3.connectionpool https://asia-northeast1-run.googleapis.com:443 "GET /apis/serving.knative.dev/v1/namespaces/disbots/services/lol-bot?alt=json HTTP/1.1" 200 None
2022-03-26 14:28:35,247 DEBUG    urllib3.connectionpool https://asia-northeast1-run.googleapis.com:443 "GET /apis/serving.knative.dev/v1/namespaces/disbots/services/lol-bot?alt=json HTTP/1.1" 200 None
2022-03-26 14:28:36,517 DEBUG    urllib3.connectionpool https://asia-northeast1-run.googleapis.com:443 "GET /apis/serving.knative.dev/v1/namespaces/disbots/services/lol-bot?alt=json HTTP/1.1" 200 None
2022-03-26 14:28:37,841 DEBUG    urllib3.connectionpool https://asia-northeast1-run.googleapis.com:443 "GET /apis/serving.knative.dev/v1/namespaces/disbots/services/lol-bot?alt=json HTTP/1.1" 200 None
2022-03-26 14:28:39,201 DEBUG    urllib3.connectionpool https://asia-northeast1-run.googleapis.com:443 "GET /apis/serving.knative.dev/v1/namespaces/disbots/services/lol-bot?alt=json HTTP/1.1" 200 None
2022-03-26 14:28:40,593 DEBUG    urllib3.connectionpool https://asia-northeast1-run.googleapis.com:443 "GET /apis/serving.knative.dev/v1/namespaces/disbots/services/lol-bot?alt=json HTTP/1.1" 200 None
2022-03-26 14:28:41,904 DEBUG    urllib3.connectionpool https://asia-northeast1-run.googleapis.com:443 "GET /apis/serving.knative.dev/v1/namespaces/disbots/services/lol-bot?alt=json HTTP/1.1" 200 None
2022-03-26 14:28:43,213 DEBUG    urllib3.connectionpool https://asia-northeast1-run.googleapis.com:443 "GET /apis/serving.knative.dev/v1/namespaces/disbots/services/lol-bot?alt=json HTTP/1.1" 200 None
2022-03-26 14:28:44,531 DEBUG    urllib3.connectionpool https://asia-northeast1-run.googleapis.com:443 "GET /apis/serving.knative.dev/v1/namespaces/disbots/services/lol-bot?alt=json HTTP/1.1" 200 None
2022-03-26 14:28:45,644 DEBUG    urllib3.connectionpool https://asia-northeast1-run.googleapis.com:443 "GET /apis/serving.knative.dev/v1/namespaces/disbots/services/lol-bot?alt=json HTTP/1.1" 200 None
2022-03-26 14:28:46,953 DEBUG    urllib3.connectionpool https://asia-northeast1-run.googleapis.com:443 "GET /apis/serving.knative.dev/v1/namespaces/disbots/services/lol-bot?alt=json HTTP/1.1" 200 None
2022-03-26 14:28:48,099 DEBUG    urllib3.connectionpool https://asia-northeast1-run.googleapis.com:443 "GET /apis/serving.knative.dev/v1/namespaces/disbots/services/lol-bot?alt=json HTTP/1.1" 200 None
2022-03-26 14:28:49,374 DEBUG    urllib3.connectionpool https://asia-northeast1-run.googleapis.com:443 "GET /apis/serving.knative.dev/v1/namespaces/disbots/services/lol-bot?alt=json HTTP/1.1" 200 None
2022-03-26 14:28:50,720 DEBUG    urllib3.connectionpool https://asia-northeast1-run.googleapis.com:443 "GET /apis/serving.knative.dev/v1/namespaces/disbots/services/lol-bot?alt=json HTTP/1.1" 200 None
2022-03-26 14:28:52,029 DEBUG    urllib3.connectionpool https://asia-northeast1-run.googleapis.com:443 "GET /apis/serving.knative.dev/v1/namespaces/disbots/services/lol-bot?alt=json HTTP/1.1" 200 None
2022-03-26 14:28:53,349 DEBUG    urllib3.connectionpool https://asia-northeast1-run.googleapis.com:443 "GET /apis/serving.knative.dev/v1/namespaces/disbots/services/lol-bot?alt=json HTTP/1.1" 200 None
2022-03-26 14:28:54,675 DEBUG    urllib3.connectionpool https://asia-northeast1-run.googleapis.com:443 "GET /apis/serving.knative.dev/v1/namespaces/disbots/services/lol-bot?alt=json HTTP/1.1" 200 None
2022-03-26 14:28:55,944 DEBUG    urllib3.connectionpool https://asia-northeast1-run.googleapis.com:443 "GET /apis/serving.knative.dev/v1/namespaces/disbots/services/lol-bot?alt=json HTTP/1.1" 200 None
2022-03-26 14:28:57,255 DEBUG    urllib3.connectionpool https://asia-northeast1-run.googleapis.com:443 "GET /apis/serving.knative.dev/v1/namespaces/disbots/services/lol-bot?alt=json HTTP/1.1" 200 None
2022-03-26 14:28:58,560 DEBUG    urllib3.connectionpool https://asia-northeast1-run.googleapis.com:443 "GET /apis/serving.knative.dev/v1/namespaces/disbots/services/lol-bot?alt=json HTTP/1.1" 200 None
2022-03-26 14:28:59,859 DEBUG    urllib3.connectionpool https://asia-northeast1-run.googleapis.com:443 "GET /apis/serving.knative.dev/v1/namespaces/disbots/services/lol-bot?alt=json HTTP/1.1" 200 None
2022-03-26 14:29:01,164 DEBUG    urllib3.connectionpool https://asia-northeast1-run.googleapis.com:443 "GET /apis/serving.knative.dev/v1/namespaces/disbots/services/lol-bot?alt=json HTTP/1.1" 200 None
2022-03-26 14:29:02,505 DEBUG    urllib3.connectionpool https://asia-northeast1-run.googleapis.com:443 "GET /apis/serving.knative.dev/v1/namespaces/disbots/services/lol-bot?alt=json HTTP/1.1" 200 None
2022-03-26 14:29:03,816 DEBUG    urllib3.connectionpool https://asia-northeast1-run.googleapis.com:443 "GET /apis/serving.knative.dev/v1/namespaces/disbots/services/lol-bot?alt=json HTTP/1.1" 200 None
2022-03-26 14:29:05,102 DEBUG    urllib3.connectionpool https://asia-northeast1-run.googleapis.com:443 "GET /apis/serving.knative.dev/v1/namespaces/disbots/services/lol-bot?alt=json HTTP/1.1" 200 None
2022-03-26 14:29:06,411 DEBUG    urllib3.connectionpool https://asia-northeast1-run.googleapis.com:443 "GET /apis/serving.knative.dev/v1/namespaces/disbots/services/lol-bot?alt=json HTTP/1.1" 200 None
2022-03-26 14:29:07,678 DEBUG    urllib3.connectionpool https://asia-northeast1-run.googleapis.com:443 "GET /apis/serving.knative.dev/v1/namespaces/disbots/services/lol-bot?alt=json HTTP/1.1" 200 None
2022-03-26 14:29:08,943 DEBUG    urllib3.connectionpool https://asia-northeast1-run.googleapis.com:443 "GET /apis/serving.knative.dev/v1/namespaces/disbots/services/lol-bot?alt=json HTTP/1.1" 200 None
2022-03-26 14:29:10,345 DEBUG    urllib3.connectionpool https://asia-northeast1-run.googleapis.com:443 "GET /apis/serving.knative.dev/v1/namespaces/disbots/services/lol-bot?alt=json HTTP/1.1" 200 None
2022-03-26 14:29:11,650 DEBUG    urllib3.connectionpool https://asia-northeast1-run.googleapis.com:443 "GET /apis/serving.knative.dev/v1/namespaces/disbots/services/lol-bot?alt=json HTTP/1.1" 200 None
2022-03-26 14:29:12,968 DEBUG    urllib3.connectionpool https://asia-northeast1-run.googleapis.com:443 "GET /apis/serving.knative.dev/v1/namespaces/disbots/services/lol-bot?alt=json HTTP/1.1" 200 None
2022-03-26 14:29:14,238 DEBUG    urllib3.connectionpool https://asia-northeast1-run.googleapis.com:443 "GET /apis/serving.knative.dev/v1/namespaces/disbots/services/lol-bot?alt=json HTTP/1.1" 200 None
2022-03-26 14:29:15,589 DEBUG    urllib3.connectionpool https://asia-northeast1-run.googleapis.com:443 "GET /apis/serving.knative.dev/v1/namespaces/disbots/services/lol-bot?alt=json HTTP/1.1" 200 None
2022-03-26 14:29:16,893 DEBUG    urllib3.connectionpool https://asia-northeast1-run.googleapis.com:443 "GET /apis/serving.knative.dev/v1/namespaces/disbots/services/lol-bot?alt=json HTTP/1.1" 200 None
2022-03-26 14:29:18,167 DEBUG    urllib3.connectionpool https://asia-northeast1-run.googleapis.com:443 "GET /apis/serving.knative.dev/v1/namespaces/disbots/services/lol-bot?alt=json HTTP/1.1" 200 None
2022-03-26 14:29:19,439 DEBUG    urllib3.connectionpool https://asia-northeast1-run.googleapis.com:443 "GET /apis/serving.knative.dev/v1/namespaces/disbots/services/lol-bot?alt=json HTTP/1.1" 200 None
2022-03-26 14:29:20,707 DEBUG    urllib3.connectionpool https://asia-northeast1-run.googleapis.com:443 "GET /apis/serving.knative.dev/v1/namespaces/disbots/services/lol-bot?alt=json HTTP/1.1" 200 None
2022-03-26 14:29:22,026 DEBUG    urllib3.connectionpool https://asia-northeast1-run.googleapis.com:443 "GET /apis/serving.knative.dev/v1/namespaces/disbots/services/lol-bot?alt=json HTTP/1.1" 200 None
2022-03-26 14:29:23,127 DEBUG    urllib3.connectionpool https://asia-northeast1-run.googleapis.com:443 "GET /apis/serving.knative.dev/v1/namespaces/disbots/services/lol-bot?alt=json HTTP/1.1" 200 None
2022-03-26 14:29:24,398 DEBUG    urllib3.connectionpool https://asia-northeast1-run.googleapis.com:443 "GET /apis/serving.knative.dev/v1/namespaces/disbots/services/lol-bot?alt=json HTTP/1.1" 200 None
2022-03-26 14:29:25,706 DEBUG    urllib3.connectionpool https://asia-northeast1-run.googleapis.com:443 "GET /apis/serving.knative.dev/v1/namespaces/disbots/services/lol-bot?alt=json HTTP/1.1" 200 None
2022-03-26 14:29:26,988 DEBUG    urllib3.connectionpool https://asia-northeast1-run.googleapis.com:443 "GET /apis/serving.knative.dev/v1/namespaces/disbots/services/lol-bot?alt=json HTTP/1.1" 200 None
2022-03-26 14:29:27,255 DEBUG    urllib3.connectionpool https://asia-northeast1-run.googleapis.com:443 "GET /apis/serving.knative.dev/v1/namespaces/disbots/services/lol-bot?alt=json HTTP/1.1" 200 None
2022-03-26 14:29:27,643 DEBUG    urllib3.connectionpool https://asia-northeast1-run.googleapis.com:443 "GET /apis/serving.knative.dev/v1/namespaces/disbots/services/lol-bot?alt=json HTTP/1.1" 200 None
2022-03-26 14:29:27,650 INFO     ___FILE_ONLY___ Service [[1mlol-bot[m] revision [[1mlol-bot-00002-jed[m] has been deployed and is serving [1m100[m percent of traffic.
Service URL: [1mhttps://lol-bot-akbh3dd2eq-an.a.run.app[m

2022-03-26 14:29:27,651 INFO     root            Display format: "none"
