2022-03-26 15:23:43,940 DEBUG    root            Loaded Command Group: ['gcloud', 'run']
2022-03-26 15:23:43,948 DEBUG    root            Loaded Command Group: ['gcloud', 'run', 'services']
2022-03-26 15:23:43,961 DEBUG    root            Loaded Command Group: ['gcloud', 'run', 'services', 'list']
2022-03-26 15:23:43,964 DEBUG    root            Running [gcloud.run.services.list] with arguments: [--platform: "managed"]
2022-03-26 15:23:43,987 DEBUG    urllib3.connectionpool Starting new HTTPS connection (1): run.googleapis.com:443
2022-03-26 15:23:44,535 DEBUG    urllib3.connectionpool https://run.googleapis.com:443 "GET /v1/projects/disbots/locations/-/services?alt=json HTTP/1.1" 200 None
2022-03-26 15:23:44,538 INFO     root            Display format: "table(ready_symbol.color(red="[xX]",green="[✓✔]",yellow="[-!…]"):label="",firstof(id,metadata.name):label=SERVICE,region:label=REGION,domain:label=URL,last_modifier:label="LAST DEPLOYED BY",last_transition_time:label="LAST DEPLOYED AT")"
2022-03-26 15:23:44,546 INFO     ___FILE_ONLY___    
2022-03-26 15:23:44,562 INFO     ___FILE_ONLY___ SERVICE
2022-03-26 15:23:44,562 INFO     ___FILE_ONLY___   
2022-03-26 15:23:44,562 INFO     ___FILE_ONLY___ REGION
2022-03-26 15:23:44,562 INFO     ___FILE_ONLY___            
2022-03-26 15:23:44,562 INFO     ___FILE_ONLY___ URL
2022-03-26 15:23:44,562 INFO     ___FILE_ONLY___                                       
2022-03-26 15:23:44,562 INFO     ___FILE_ONLY___ LAST DEPLOYED BY
2022-03-26 15:23:44,563 INFO     ___FILE_ONLY___     
2022-03-26 15:23:44,563 INFO     ___FILE_ONLY___ LAST DEPLOYED AT
2022-03-26 15:23:44,563 INFO     ___FILE_ONLY___ 

2022-03-26 15:23:44,563 INFO     ___FILE_ONLY___ [32m✔[39;0m
2022-03-26 15:23:44,563 INFO     ___FILE_ONLY___   
2022-03-26 15:23:44,563 INFO     ___FILE_ONLY___ lol-bot
2022-03-26 15:23:44,563 INFO     ___FILE_ONLY___   
2022-03-26 15:23:44,563 INFO     ___FILE_ONLY___ asia-northeast1
2022-03-26 15:23:44,563 INFO     ___FILE_ONLY___   
2022-03-26 15:23:44,563 INFO     ___FILE_ONLY___ https://lol-bot-akbh3dd2eq-an.a.run.app
2022-03-26 15:23:44,563 INFO     ___FILE_ONLY___   
2022-03-26 15:23:44,563 INFO     ___FILE_ONLY___ esh2n.bz@gmail.com
2022-03-26 15:23:44,563 INFO     ___FILE_ONLY___   
2022-03-26 15:23:44,563 INFO     ___FILE_ONLY___ 2022-03-26T05:42:51.458854Z
2022-03-26 15:23:44,563 INFO     ___FILE_ONLY___ 

