2022-03-26 21:12:57,537 DEBUG    root            Loaded Command Group: ['gcloud', 'run']
2022-03-26 21:12:57,568 DEBUG    root            Loaded Command Group: ['gcloud', 'run', 'deploy']
2022-03-26 21:12:57,575 DEBUG    root            Running [gcloud.run.deploy] with arguments: [--allow-unauthenticated: "True", --max-instances: "<googlecloudsdk.command_lib.run.flags._ScaleValue object at 0x105631100>", --memory: "512Mi", --platform: "managed", --set-env-vars: "OrderedDict([('SECRET_TOKEN', 'OTU3MjQ0MDU2MjEwMTM3MTUw.Yj78_w.DLyOJHDF1pXD8uWUGinHaCq9Ocs')])", --source: ".", SERVICE: "pochi"]
2022-03-26 21:12:57,586 DEBUG    google.auth.transport.requests Making request: POST https://oauth2.googleapis.com/token
2022-03-26 21:12:57,634 DEBUG    urllib3.connectionpool Starting new HTTPS connection (1): oauth2.googleapis.com:443
2022-03-26 21:12:57,873 DEBUG    urllib3.connectionpool https://oauth2.googleapis.com:443 "POST /token HTTP/1.1" 200 None
2022-03-26 21:12:57,943 DEBUG    urllib3.connectionpool Starting new HTTPS connection (1): run.googleapis.com:443
2022-03-26 21:12:58,264 DEBUG    urllib3.connectionpool https://run.googleapis.com:443 "GET /v1/projects/disbots/locations?alt=json&pageSize=100 HTTP/1.1" 200 None
2022-03-26 21:13:05,015 INFO     ___FILE_ONLY___ To make this the default region, run `gcloud config set run/region asia-northeast1`.


2022-03-26 21:13:05,118 DEBUG    urllib3.connectionpool Starting new HTTPS connection (1): artifactregistry.googleapis.com:443
2022-03-26 21:13:05,604 DEBUG    urllib3.connectionpool https://artifactregistry.googleapis.com:443 "GET /v1beta2/projects/disbots/locations/asia-northeast1/repositories/cloud-run-source-deploy?alt=json HTTP/1.1" 200 None
2022-03-26 21:13:05,605 INFO     ___FILE_ONLY___ This command is equivalent to running `gcloud builds submit --tag [IMAGE] .` and `gcloud run deploy pochi --image [IMAGE]`


2022-03-26 21:13:05,658 DEBUG    urllib3.connectionpool Starting new HTTPS connection (1): asia-northeast1-run.googleapis.com:443
2022-03-26 21:13:06,087 DEBUG    urllib3.connectionpool https://asia-northeast1-run.googleapis.com:443 "GET /apis/serving.knative.dev/v1/namespaces/disbots/services/pochi?alt=json HTTP/1.1" 404 None
2022-03-26 21:13:06,092 INFO     ___FILE_ONLY___ Building using Dockerfile and deploying container to Cloud Run service [[1mpochi[m] in project [[1mdisbots[m] region [[1masia-northeast1[m]

2022-03-26 21:13:06,093 INFO     ___FILE_ONLY___ Building and deploying new service...
2022-03-26 21:13:06,135 DEBUG    urllib3.connectionpool Starting new HTTPS connection (1): storage.googleapis.com:443
2022-03-26 21:13:06,458 DEBUG    urllib3.connectionpool https://storage.googleapis.com:443 "GET /storage/v1/b/disbots_cloudbuild?alt=json HTTP/1.1" 200 628
2022-03-26 21:13:06,798 DEBUG    urllib3.connectionpool https://storage.googleapis.com:443 "GET /storage/v1/b?alt=json&maxResults=1000&prefix=disbots_cloudbuild&project=disbots HTTP/1.1" 200 774
2022-03-26 21:13:06,799 INFO     root            Using default gcloudignore file:
--------------------------------------------------
# This file specifies files that are *not* uploaded to Google Cloud
# using gcloud. It follows the same syntax as .gitignore, with the addition of
# "#!include" directives (which insert the entries of the given .gitignore-style
# file at that point).
#
# For more information, run:
#   $ gcloud topic gcloudignore
#
.gcloudignore
# If you would like to upload your .git directory, .gitignore file or files
# from your .gitignore file, remove the corresponding line
# below:
.git
.gitignore
#!include:.gitignore

--------------------------------------------------
2022-03-26 21:13:06,800 DEBUG    root            Skipping file [.gitignore]
2022-03-26 21:13:06,800 DEBUG    root            Skipping file [target]
2022-03-26 21:13:06,800 DEBUG    root            Skipping file [.git]
2022-03-26 21:13:06,802 DEBUG    root            Added dir [src]
2022-03-26 21:13:06,802 DEBUG    root            Added dir [src/commands]
2022-03-26 21:13:06,803 DEBUG    root            Added [Cargo.toml]
2022-03-26 21:13:06,803 DEBUG    root            Added [Dockerfile]
2022-03-26 21:13:06,805 DEBUG    root            Added [Cargo.lock]
2022-03-26 21:13:06,805 DEBUG    root            Added [.env]
2022-03-26 21:13:06,806 DEBUG    root            Added [docker-compose.yml]
2022-03-26 21:13:06,806 DEBUG    root            Added [src/main.rs]
2022-03-26 21:13:06,806 DEBUG    root            Added [src/commands/neko.rs]
2022-03-26 21:13:06,807 DEBUG    root            Added [src/commands/mod.rs]
2022-03-26 21:13:06,807 DEBUG    root            Added [src/commands/channels.rs]
2022-03-26 21:13:06,811 INFO     root            Uploading [/var/folders/2b/s8mymn417x38kb14nwl_453h0000gn/T/tmpdlvahvno/file.tgz] to [disbots_cloudbuild/source/1648296786.120533-1bf1f2326802479d95343ac66c565157.tgz]
2022-03-26 21:13:07,123 DEBUG    urllib3.connectionpool https://storage.googleapis.com:443 "POST /upload/storage/v1/b/disbots_cloudbuild/o?alt=json&name=source%2F1648296786.120533-1bf1f2326802479d95343ac66c565157.tgz&uploadType=multipart HTTP/1.1" 200 971
2022-03-26 21:13:07,124 DEBUG    root            submitting build: <Build
 images: ['asia-northeast1-docker.pkg.dev/disbots/cloud-run-source-deploy/pochi']
 secrets: []
 source: <Source
 storageSource: <StorageSource
 bucket: 'disbots_cloudbuild'
 generation: 1648296787086479
 object: 'source/1648296786.120533-1bf1f2326802479d95343ac66c565157.tgz'>>
 steps: [<BuildStep
 args: ['build', '--network', 'cloudbuild', '--no-cache', '-t', 'asia-northeast1-docker.pkg.dev/disbots/cloud-run-source-deploy/pochi', '.']
 env: []
 name: 'gcr.io/cloud-builders/docker'
 secretEnv: []
 volumes: []
 waitFor: []>]
 tags: []
 warnings: []>
2022-03-26 21:13:07,178 DEBUG    urllib3.connectionpool Starting new HTTPS connection (1): cloudbuild.googleapis.com:443
2022-03-26 21:13:08,247 DEBUG    urllib3.connectionpool https://cloudbuild.googleapis.com:443 "POST /v1/projects/disbots/locations/global/builds?alt=json HTTP/1.1" 200 None
2022-03-26 21:13:08,254 DEBUG    urllib3.connectionpool Starting new HTTPS connection (1): cloudbuild.googleapis.com:443
2022-03-26 21:13:08,749 DEBUG    urllib3.connectionpool https://cloudbuild.googleapis.com:443 "GET /v1/operations/build/disbots/ODIxY2U3MWMtZThiNC00MDBhLTlmN2EtNmZhNjM3NjA1MWVk?alt=json HTTP/1.1" 200 None
2022-03-26 21:13:11,184 DEBUG    urllib3.connectionpool https://cloudbuild.googleapis.com:443 "GET /v1/operations/build/disbots/ODIxY2U3MWMtZThiNC00MDBhLTlmN2EtNmZhNjM3NjA1MWVk?alt=json HTTP/1.1" 200 None
2022-03-26 21:13:14,924 DEBUG    urllib3.connectionpool https://cloudbuild.googleapis.com:443 "GET /v1/operations/build/disbots/ODIxY2U3MWMtZThiNC00MDBhLTlmN2EtNmZhNjM3NjA1MWVk?alt=json HTTP/1.1" 200 None
2022-03-26 21:13:19,607 DEBUG    urllib3.connectionpool https://cloudbuild.googleapis.com:443 "GET /v1/operations/build/disbots/ODIxY2U3MWMtZThiNC00MDBhLTlmN2EtNmZhNjM3NjA1MWVk?alt=json HTTP/1.1" 200 None
2022-03-26 21:13:26,076 DEBUG    urllib3.connectionpool https://cloudbuild.googleapis.com:443 "GET /v1/operations/build/disbots/ODIxY2U3MWMtZThiNC00MDBhLTlmN2EtNmZhNjM3NjA1MWVk?alt=json HTTP/1.1" 200 None
2022-03-26 21:13:34,582 DEBUG    urllib3.connectionpool https://cloudbuild.googleapis.com:443 "GET /v1/operations/build/disbots/ODIxY2U3MWMtZThiNC00MDBhLTlmN2EtNmZhNjM3NjA1MWVk?alt=json HTTP/1.1" 200 None
2022-03-26 21:13:46,520 DEBUG    urllib3.connectionpool https://cloudbuild.googleapis.com:443 "GET /v1/operations/build/disbots/ODIxY2U3MWMtZThiNC00MDBhLTlmN2EtNmZhNjM3NjA1MWVk?alt=json HTTP/1.1" 200 None
2022-03-26 21:14:03,405 DEBUG    urllib3.connectionpool https://cloudbuild.googleapis.com:443 "GET /v1/operations/build/disbots/ODIxY2U3MWMtZThiNC00MDBhLTlmN2EtNmZhNjM3NjA1MWVk?alt=json HTTP/1.1" 200 None
2022-03-26 21:14:25,293 DEBUG    urllib3.connectionpool https://cloudbuild.googleapis.com:443 "GET /v1/operations/build/disbots/ODIxY2U3MWMtZThiNC00MDBhLTlmN2EtNmZhNjM3NjA1MWVk?alt=json HTTP/1.1" 200 None
2022-03-26 21:14:56,802 DEBUG    urllib3.connectionpool https://cloudbuild.googleapis.com:443 "GET /v1/operations/build/disbots/ODIxY2U3MWMtZThiNC00MDBhLTlmN2EtNmZhNjM3NjA1MWVk?alt=json HTTP/1.1" 200 None
2022-03-26 21:15:39,350 DEBUG    urllib3.connectionpool https://cloudbuild.googleapis.com:443 "GET /v1/operations/build/disbots/ODIxY2U3MWMtZThiNC00MDBhLTlmN2EtNmZhNjM3NjA1MWVk?alt=json HTTP/1.1" 200 None
2022-03-26 21:16:38,142 DEBUG    urllib3.connectionpool https://cloudbuild.googleapis.com:443 "GET /v1/operations/build/disbots/ODIxY2U3MWMtZThiNC00MDBhLTlmN2EtNmZhNjM3NjA1MWVk?alt=json HTTP/1.1" 200 None
2022-03-26 21:17:59,542 DEBUG    urllib3.connectionpool https://cloudbuild.googleapis.com:443 "GET /v1/operations/build/disbots/ODIxY2U3MWMtZThiNC00MDBhLTlmN2EtNmZhNjM3NjA1MWVk?alt=json HTTP/1.1" 200 None
2022-03-26 21:19:54,236 DEBUG    urllib3.connectionpool https://cloudbuild.googleapis.com:443 "GET /v1/operations/build/disbots/ODIxY2U3MWMtZThiNC00MDBhLTlmN2EtNmZhNjM3NjA1MWVk?alt=json HTTP/1.1" 200 None
2022-03-26 21:22:34,014 DEBUG    urllib3.connectionpool https://cloudbuild.googleapis.com:443 "GET /v1/operations/build/disbots/ODIxY2U3MWMtZThiNC00MDBhLTlmN2EtNmZhNjM3NjA1MWVk?alt=json HTTP/1.1" 200 None
2022-03-26 21:25:34,372 DEBUG    urllib3.connectionpool https://cloudbuild.googleapis.com:443 "GET /v1/operations/build/disbots/ODIxY2U3MWMtZThiNC00MDBhLTlmN2EtNmZhNjM3NjA1MWVk?alt=json HTTP/1.1" 200 None
2022-03-26 21:25:34,427 DEBUG    root            (gcloud.run.deploy) DEADLINE_EXCEEDED
Traceback (most recent call last):
  File "/Users/esh2n/google-cloud-sdk/lib/googlecloudsdk/calliope/cli.py", line 987, in Execute
    resources = calliope_command.Run(cli=self, args=args)
  File "/Users/esh2n/google-cloud-sdk/lib/googlecloudsdk/calliope/backend.py", line 809, in Run
    resources = command_instance.Run(args)
  File "/Users/esh2n/google-cloud-sdk/lib/surface/run/deploy.py", line 265, in Run
    service = operations.ReleaseService(
  File "/Users/esh2n/google-cloud-sdk/lib/googlecloudsdk/command_lib/run/serverless_operations.py", line 1109, in ReleaseService
    operation = waiter.PollUntilDone(poller, build_op_ref)
  File "/Users/esh2n/google-cloud-sdk/lib/googlecloudsdk/api_lib/util/waiter.py", line 322, in PollUntilDone
    operation = retryer.RetryOnResult(
  File "/Users/esh2n/google-cloud-sdk/lib/googlecloudsdk/core/util/retry.py", line 249, in RetryOnResult
    if not should_retry(result, state):
  File "/Users/esh2n/google-cloud-sdk/lib/googlecloudsdk/api_lib/util/waiter.py", line 320, in _IsNotDone
    return not poller.IsDone(operation)
  File "/Users/esh2n/google-cloud-sdk/lib/googlecloudsdk/api_lib/util/waiter.py", line 122, in IsDone
    raise OperationError(operation.error.message)
googlecloudsdk.api_lib.util.waiter.OperationError: DEADLINE_EXCEEDED
2022-03-26 21:25:34,430 ERROR    root            (gcloud.run.deploy) DEADLINE_EXCEEDED
