2022-03-26 21:26:54,437 DEBUG    root            Loaded Command Group: ['gcloud', 'run']
2022-03-26 21:26:54,461 DEBUG    root            Loaded Command Group: ['gcloud', 'run', 'deploy']
2022-03-26 21:26:54,468 DEBUG    root            Running [gcloud.run.deploy] with arguments: [--allow-unauthenticated: "True", --max-instances: "<googlecloudsdk.command_lib.run.flags._ScaleValue object at 0x1033b65b0>", --memory: "512Mi", --platform: "managed", --set-env-vars: "OrderedDict([('SECRET_TOKEN', 'OTU3MjQ0MDU2MjEwMTM3MTUw.Yj78_w.DLyOJHDF1pXD8uWUGinHaCq9Ocs')])", --source: ".", SERVICE: "pochi"]
2022-03-26 21:26:54,529 DEBUG    urllib3.connectionpool Starting new HTTPS connection (1): run.googleapis.com:443
2022-03-26 21:26:54,842 DEBUG    urllib3.connectionpool https://run.googleapis.com:443 "GET /v1/projects/disbots/locations?alt=json&pageSize=100 HTTP/1.1" 200 None
2022-03-26 21:26:57,970 INFO     ___FILE_ONLY___ To make this the default region, run `gcloud config set run/region asia-northeast1`.


2022-03-26 21:26:58,033 DEBUG    urllib3.connectionpool Starting new HTTPS connection (1): artifactregistry.googleapis.com:443
2022-03-26 21:26:58,557 DEBUG    urllib3.connectionpool https://artifactregistry.googleapis.com:443 "GET /v1beta2/projects/disbots/locations/asia-northeast1/repositories/cloud-run-source-deploy?alt=json HTTP/1.1" 200 None
2022-03-26 21:26:58,558 INFO     ___FILE_ONLY___ This command is equivalent to running `gcloud builds submit --tag [IMAGE] .` and `gcloud run deploy pochi --image [IMAGE]`


2022-03-26 21:26:58,611 DEBUG    urllib3.connectionpool Starting new HTTPS connection (1): asia-northeast1-run.googleapis.com:443
2022-03-26 21:26:59,054 DEBUG    urllib3.connectionpool https://asia-northeast1-run.googleapis.com:443 "GET /apis/serving.knative.dev/v1/namespaces/disbots/services/pochi?alt=json HTTP/1.1" 404 None
2022-03-26 21:26:59,059 INFO     ___FILE_ONLY___ Building using Dockerfile and deploying container to Cloud Run service [[1mpochi[m] in project [[1mdisbots[m] region [[1masia-northeast1[m]

2022-03-26 21:26:59,060 INFO     ___FILE_ONLY___ Building and deploying new service...
2022-03-26 21:26:59,101 DEBUG    urllib3.connectionpool Starting new HTTPS connection (1): storage.googleapis.com:443
2022-03-26 21:26:59,356 DEBUG    urllib3.connectionpool https://storage.googleapis.com:443 "GET /storage/v1/b/disbots_cloudbuild?alt=json HTTP/1.1" 200 628
2022-03-26 21:26:59,663 DEBUG    urllib3.connectionpool https://storage.googleapis.com:443 "GET /storage/v1/b?alt=json&maxResults=1000&prefix=disbots_cloudbuild&project=disbots HTTP/1.1" 200 774
2022-03-26 21:26:59,664 INFO     root            Using default gcloudignore file:
--------------------------------------------------
# This file specifies files that are *not* uploaded to Google Cloud
# using gcloud. It follows the same syntax as .gitignore, with the addition of
# "#!include" directives (which insert the entries of the given .gitignore-style
# file at that point).
#
# For more information, run:
#   $ gcloud topic gcloudignore
#
.gcloudignore
# If you would like to upload your .git directory, .gitignore file or files
# from your .gitignore file, remove the corresponding line
# below:
.git
.gitignore
#!include:.gitignore

--------------------------------------------------
2022-03-26 21:26:59,666 DEBUG    root            Skipping file [.gitignore]
2022-03-26 21:26:59,666 DEBUG    root            Skipping file [.env]
2022-03-26 21:26:59,666 DEBUG    root            Skipping file [target]
2022-03-26 21:26:59,666 DEBUG    root            Skipping file [.git]
2022-03-26 21:26:59,667 DEBUG    root            Added dir [src]
2022-03-26 21:26:59,667 DEBUG    root            Added dir [src/commands]
2022-03-26 21:26:59,668 DEBUG    root            Added [Cargo.toml]
2022-03-26 21:26:59,668 DEBUG    root            Added [Dockerfile]
2022-03-26 21:26:59,669 DEBUG    root            Added [Cargo.lock]
2022-03-26 21:26:59,670 DEBUG    root            Added [docker-compose.yml]
2022-03-26 21:26:59,670 DEBUG    root            Added [src/main.rs]
2022-03-26 21:26:59,671 DEBUG    root            Added [src/commands/neko.rs]
2022-03-26 21:26:59,671 DEBUG    root            Added [src/commands/mod.rs]
2022-03-26 21:26:59,671 DEBUG    root            Added [src/commands/channels.rs]
2022-03-26 21:26:59,674 INFO     root            Uploading [/var/folders/2b/s8mymn417x38kb14nwl_453h0000gn/T/tmpp5sch9_q/file.tgz] to [disbots_cloudbuild/source/1648297619.085953-3ce995297fa64459b7d07e7dd0a47d9b.tgz]
2022-03-26 21:26:59,961 DEBUG    urllib3.connectionpool https://storage.googleapis.com:443 "POST /upload/storage/v1/b/disbots_cloudbuild/o?alt=json&name=source%2F1648297619.085953-3ce995297fa64459b7d07e7dd0a47d9b.tgz&uploadType=multipart HTTP/1.1" 200 971
2022-03-26 21:26:59,962 DEBUG    root            submitting build: <Build
 images: ['asia-northeast1-docker.pkg.dev/disbots/cloud-run-source-deploy/pochi']
 secrets: []
 source: <Source
 storageSource: <StorageSource
 bucket: 'disbots_cloudbuild'
 generation: 1648297619807382
 object: 'source/1648297619.085953-3ce995297fa64459b7d07e7dd0a47d9b.tgz'>>
 steps: [<BuildStep
 args: ['build', '--network', 'cloudbuild', '--no-cache', '-t', 'asia-northeast1-docker.pkg.dev/disbots/cloud-run-source-deploy/pochi', '.']
 env: []
 name: 'gcr.io/cloud-builders/docker'
 secretEnv: []
 volumes: []
 waitFor: []>]
 tags: []
 warnings: []>
2022-03-26 21:27:00,014 DEBUG    urllib3.connectionpool Starting new HTTPS connection (1): cloudbuild.googleapis.com:443
2022-03-26 21:27:01,683 DEBUG    urllib3.connectionpool https://cloudbuild.googleapis.com:443 "POST /v1/projects/disbots/locations/global/builds?alt=json HTTP/1.1" 200 None
2022-03-26 21:27:01,692 DEBUG    urllib3.connectionpool Starting new HTTPS connection (1): cloudbuild.googleapis.com:443
2022-03-26 21:27:02,811 DEBUG    urllib3.connectionpool https://cloudbuild.googleapis.com:443 "GET /v1/operations/build/disbots/NGM2OTNmMDUtN2Y0OC00Mjk1LWFiNDctZTc0Y2M4Yjc0OTNk?alt=json HTTP/1.1" 200 None
2022-03-26 21:27:06,333 DEBUG    urllib3.connectionpool https://cloudbuild.googleapis.com:443 "GET /v1/operations/build/disbots/NGM2OTNmMDUtN2Y0OC00Mjk1LWFiNDctZTc0Y2M4Yjc0OTNk?alt=json HTTP/1.1" 200 None
2022-03-26 21:27:10,909 DEBUG    urllib3.connectionpool https://cloudbuild.googleapis.com:443 "GET /v1/operations/build/disbots/NGM2OTNmMDUtN2Y0OC00Mjk1LWFiNDctZTc0Y2M4Yjc0OTNk?alt=json HTTP/1.1" 200 None
2022-03-26 21:27:16,745 DEBUG    urllib3.connectionpool https://cloudbuild.googleapis.com:443 "GET /v1/operations/build/disbots/NGM2OTNmMDUtN2Y0OC00Mjk1LWFiNDctZTc0Y2M4Yjc0OTNk?alt=json HTTP/1.1" 200 None
2022-03-26 21:27:23,692 DEBUG    urllib3.connectionpool https://cloudbuild.googleapis.com:443 "GET /v1/operations/build/disbots/NGM2OTNmMDUtN2Y0OC00Mjk1LWFiNDctZTc0Y2M4Yjc0OTNk?alt=json HTTP/1.1" 200 None
2022-03-26 21:27:33,153 DEBUG    urllib3.connectionpool https://cloudbuild.googleapis.com:443 "GET /v1/operations/build/disbots/NGM2OTNmMDUtN2Y0OC00Mjk1LWFiNDctZTc0Y2M4Yjc0OTNk?alt=json HTTP/1.1" 200 None
2022-03-26 21:27:44,739 DEBUG    urllib3.connectionpool https://cloudbuild.googleapis.com:443 "GET /v1/operations/build/disbots/NGM2OTNmMDUtN2Y0OC00Mjk1LWFiNDctZTc0Y2M4Yjc0OTNk?alt=json HTTP/1.1" 200 None
2022-03-26 21:28:00,564 DEBUG    urllib3.connectionpool https://cloudbuild.googleapis.com:443 "GET /v1/operations/build/disbots/NGM2OTNmMDUtN2Y0OC00Mjk1LWFiNDctZTc0Y2M4Yjc0OTNk?alt=json HTTP/1.1" 200 None
2022-03-26 21:28:22,879 DEBUG    urllib3.connectionpool https://cloudbuild.googleapis.com:443 "GET /v1/operations/build/disbots/NGM2OTNmMDUtN2Y0OC00Mjk1LWFiNDctZTc0Y2M4Yjc0OTNk?alt=json HTTP/1.1" 200 None
2022-03-26 21:28:53,609 DEBUG    urllib3.connectionpool https://cloudbuild.googleapis.com:443 "GET /v1/operations/build/disbots/NGM2OTNmMDUtN2Y0OC00Mjk1LWFiNDctZTc0Y2M4Yjc0OTNk?alt=json HTTP/1.1" 200 None
2022-03-26 21:29:36,223 DEBUG    urllib3.connectionpool https://cloudbuild.googleapis.com:443 "GET /v1/operations/build/disbots/NGM2OTNmMDUtN2Y0OC00Mjk1LWFiNDctZTc0Y2M4Yjc0OTNk?alt=json HTTP/1.1" 200 None
2022-03-26 21:30:34,675 DEBUG    urllib3.connectionpool https://cloudbuild.googleapis.com:443 "GET /v1/operations/build/disbots/NGM2OTNmMDUtN2Y0OC00Mjk1LWFiNDctZTc0Y2M4Yjc0OTNk?alt=json HTTP/1.1" 200 None
2022-03-26 21:31:56,301 DEBUG    urllib3.connectionpool https://cloudbuild.googleapis.com:443 "GET /v1/operations/build/disbots/NGM2OTNmMDUtN2Y0OC00Mjk1LWFiNDctZTc0Y2M4Yjc0OTNk?alt=json HTTP/1.1" 200 None
2022-03-26 21:33:51,071 DEBUG    urllib3.connectionpool https://cloudbuild.googleapis.com:443 "GET /v1/operations/build/disbots/NGM2OTNmMDUtN2Y0OC00Mjk1LWFiNDctZTc0Y2M4Yjc0OTNk?alt=json HTTP/1.1" 200 None
2022-03-26 21:36:30,490 DEBUG    urllib3.connectionpool https://cloudbuild.googleapis.com:443 "GET /v1/operations/build/disbots/NGM2OTNmMDUtN2Y0OC00Mjk1LWFiNDctZTc0Y2M4Yjc0OTNk?alt=json HTTP/1.1" 200 None
2022-03-26 21:39:31,588 DEBUG    urllib3.connectionpool https://cloudbuild.googleapis.com:443 "GET /v1/operations/build/disbots/NGM2OTNmMDUtN2Y0OC00Mjk1LWFiNDctZTc0Y2M4Yjc0OTNk?alt=json HTTP/1.1" 200 None
2022-03-26 21:39:31,657 DEBUG    root            (gcloud.run.deploy) DEADLINE_EXCEEDED
Traceback (most recent call last):
  File "/Users/esh2n/google-cloud-sdk/lib/googlecloudsdk/calliope/cli.py", line 987, in Execute
    resources = calliope_command.Run(cli=self, args=args)
  File "/Users/esh2n/google-cloud-sdk/lib/googlecloudsdk/calliope/backend.py", line 809, in Run
    resources = command_instance.Run(args)
  File "/Users/esh2n/google-cloud-sdk/lib/surface/run/deploy.py", line 265, in Run
    service = operations.ReleaseService(
  File "/Users/esh2n/google-cloud-sdk/lib/googlecloudsdk/command_lib/run/serverless_operations.py", line 1109, in ReleaseService
    operation = waiter.PollUntilDone(poller, build_op_ref)
  File "/Users/esh2n/google-cloud-sdk/lib/googlecloudsdk/api_lib/util/waiter.py", line 322, in PollUntilDone
    operation = retryer.RetryOnResult(
  File "/Users/esh2n/google-cloud-sdk/lib/googlecloudsdk/core/util/retry.py", line 249, in RetryOnResult
    if not should_retry(result, state):
  File "/Users/esh2n/google-cloud-sdk/lib/googlecloudsdk/api_lib/util/waiter.py", line 320, in _IsNotDone
    return not poller.IsDone(operation)
  File "/Users/esh2n/google-cloud-sdk/lib/googlecloudsdk/api_lib/util/waiter.py", line 122, in IsDone
    raise OperationError(operation.error.message)
googlecloudsdk.api_lib.util.waiter.OperationError: DEADLINE_EXCEEDED
2022-03-26 21:39:31,661 ERROR    root            (gcloud.run.deploy) DEADLINE_EXCEEDED
