2022-03-26 22:55:35,645 DEBUG    root            Loaded Command Group: ['gcloud', 'builds']
2022-03-26 22:55:35,659 DEBUG    root            Loaded Command Group: ['gcloud', 'builds', 'submit']
2022-03-26 22:55:35,666 DEBUG    root            Running [gcloud.builds.submit] with arguments: []
2022-03-26 22:55:35,737 DEBUG    urllib3.connectionpool Starting new HTTPS connection (1): storage.googleapis.com:443
2022-03-26 22:55:36,040 DEBUG    urllib3.connectionpool https://storage.googleapis.com:443 "GET /storage/v1/b/disbots_cloudbuild?alt=json HTTP/1.1" 200 628
2022-03-26 22:55:36,337 DEBUG    urllib3.connectionpool https://storage.googleapis.com:443 "GET /storage/v1/b?alt=json&maxResults=1000&prefix=disbots_cloudbuild&project=disbots HTTP/1.1" 200 774
2022-03-26 22:55:36,339 INFO     root            Using default gcloudignore file:
--------------------------------------------------
# This file specifies files that are *not* uploaded to Google Cloud
# using gcloud. It follows the same syntax as .gitignore, with the addition of
# "#!include" directives (which insert the entries of the given .gitignore-style
# file at that point).
#
# For more information, run:
#   $ gcloud topic gcloudignore
#
.gcloudignore
# If you would like to upload your .git directory, .gitignore file or files
# from your .gitignore file, remove the corresponding line
# below:
.git
.gitignore
#!include:.gitignore

--------------------------------------------------
2022-03-26 22:55:36,340 DEBUG    root            Skipping file [.gitignore]
2022-03-26 22:55:36,340 DEBUG    root            Skipping file [.env]
2022-03-26 22:55:36,340 DEBUG    root            Skipping file [target]
2022-03-26 22:55:36,340 DEBUG    root            Skipping file [.git]
2022-03-26 22:55:36,340 INFO     ___FILE_ONLY___ Creating temporary tarball archive of 8 file(s) totalling 36.0 KiB before compression.

2022-03-26 22:55:36,342 DEBUG    root            Added dir [src]
2022-03-26 22:55:36,342 DEBUG    root            Added dir [src/commands]
2022-03-26 22:55:36,342 DEBUG    root            Added [Cargo.toml]
2022-03-26 22:55:36,343 DEBUG    root            Added [Dockerfile]
2022-03-26 22:55:36,343 DEBUG    root            Added [cloudbuild.yaml]
2022-03-26 22:55:36,344 DEBUG    root            Added [Cargo.lock]
2022-03-26 22:55:36,345 DEBUG    root            Added [src/main.rs]
2022-03-26 22:55:36,345 DEBUG    root            Added [src/commands/neko.rs]
2022-03-26 22:55:36,345 DEBUG    root            Added [src/commands/mod.rs]
2022-03-26 22:55:36,346 DEBUG    root            Added [src/commands/channels.rs]
2022-03-26 22:55:36,346 INFO     ___FILE_ONLY___ Some files were not included in the source upload.

Check the gcloud log [/Users/esh2n/.config/gcloud/logs/2022.03.26/22.55.35.644048.log] to see which files and the contents of the
default gcloudignore file used (see `$ gcloud topic gcloudignore` to learn
more).


2022-03-26 22:55:36,346 INFO     ___FILE_ONLY___ Uploading tarball of [.] to [gs://disbots_cloudbuild/source/1648302935.685206-16819a1028814b46b8be329ebdd9d847.tgz]

2022-03-26 22:55:36,348 INFO     root            Uploading [/var/folders/2b/s8mymn417x38kb14nwl_453h0000gn/T/tmpro2jkqzz/file.tgz] to [disbots_cloudbuild/source/1648302935.685206-16819a1028814b46b8be329ebdd9d847.tgz]
2022-03-26 22:55:36,586 DEBUG    urllib3.connectionpool https://storage.googleapis.com:443 "POST /upload/storage/v1/b/disbots_cloudbuild/o?alt=json&name=source%2F1648302935.685206-16819a1028814b46b8be329ebdd9d847.tgz&uploadType=multipart HTTP/1.1" 200 971
2022-03-26 22:55:36,590 DEBUG    root            submitting build: <Build
 images: ['gcr.io/disbots/pochi']
 secrets: []
 source: <Source
 storageSource: <StorageSource
 bucket: 'disbots_cloudbuild'
 generation: 1648302936560043
 object: 'source/1648302935.685206-16819a1028814b46b8be329ebdd9d847.tgz'>>
 steps: [<BuildStep
 args: ['build', '-t', 'gcr.io/disbots/pochi', '.']
 env: []
 name: 'gcr.io/cloud-builders/docker'
 secretEnv: []
 volumes: []
 waitFor: []>, <BuildStep
 args: ['push', 'gcr.io/disbots/pochi']
 env: []
 name: 'gcr.io/cloud-builders/docker'
 secretEnv: []
 volumes: []
 waitFor: []>, <BuildStep
 args: ['run', 'deploy', 'pochi', '--image', 'gcr.io/disbots/pochi', '--region', 'asia-northeast1']
 entrypoint: 'gcloud'
 env: []
 name: 'gcr.io/google.com/cloudsdktool/cloud-sdk'
 secretEnv: []
 volumes: []
 waitFor: []>]
 tags: []
 timeout: '1200s'
 warnings: []>
2022-03-26 22:55:36,649 DEBUG    urllib3.connectionpool Starting new HTTPS connection (1): cloudbuild.googleapis.com:443
2022-03-26 22:55:37,530 DEBUG    urllib3.connectionpool https://cloudbuild.googleapis.com:443 "POST /v1/projects/disbots/locations/global/builds?alt=json HTTP/1.1" 200 None
2022-03-26 22:55:37,541 INFO     ___FILE_ONLY___ Created [https://cloudbuild.googleapis.com/v1/projects/disbots/locations/global/builds/73581773-856a-4fe4-bd1e-96b14721871a].

2022-03-26 22:55:37,542 INFO     ___FILE_ONLY___ Logs are available at [https://console.cloud.google.com/cloud-build/builds/73581773-856a-4fe4-bd1e-96b14721871a?project=821897932748].

2022-03-26 22:55:38,684 DEBUG    urllib3.connectionpool https://cloudbuild.googleapis.com:443 "GET /v1/projects/disbots/locations/global/builds/73581773-856a-4fe4-bd1e-96b14721871a?alt=json HTTP/1.1" 200 None
2022-03-26 22:55:38,718 DEBUG    root            GCS logfile url is https://storage.googleapis.com/821897932748.cloudbuild-logs.googleusercontent.com/log-73581773-856a-4fe4-bd1e-96b14721871a.txt
2022-03-26 22:55:38,726 DEBUG    urllib3.connectionpool Starting new HTTPS connection (1): storage.googleapis.com:443
2022-03-26 22:55:38,981 DEBUG    urllib3.connectionpool https://storage.googleapis.com:443 "GET /821897932748.cloudbuild-logs.googleusercontent.com/log-73581773-856a-4fe4-bd1e-96b14721871a.txt HTTP/1.1" 416 164
2022-03-26 22:55:38,984 DEBUG    root            Reading GCS logfile: 416 (no new content; keep polling)
2022-03-26 22:55:38,990 DEBUG    urllib3.connectionpool https://cloudbuild.googleapis.com:443 "GET /v1/projects/disbots/locations/global/builds/73581773-856a-4fe4-bd1e-96b14721871a?alt=json HTTP/1.1" 200 None
2022-03-26 22:55:40,264 DEBUG    urllib3.connectionpool https://cloudbuild.googleapis.com:443 "GET /v1/projects/disbots/locations/global/builds/73581773-856a-4fe4-bd1e-96b14721871a?alt=json HTTP/1.1" 200 None
2022-03-26 22:55:40,397 DEBUG    urllib3.connectionpool https://storage.googleapis.com:443 "GET /821897932748.cloudbuild-logs.googleusercontent.com/log-73581773-856a-4fe4-bd1e-96b14721871a.txt HTTP/1.1" 206 195
2022-03-26 22:55:40,398 DEBUG    root            Reading GCS logfile: 206 (read 195 bytes)
2022-03-26 22:55:40,398 INFO     ___FILE_ONLY___ ------------------------------------------------------------------------------------- REMOTE BUILD OUTPUT --------------------------------------------------------------------------------------

2022-03-26 22:55:40,398 INFO     ___FILE_ONLY___ starting build "73581773-856a-4fe4-bd1e-96b14721871a"

FETCHSOURCE
Fetching storage object: gs://disbots_cloudbuild/source/1648302935.685206-16819a1028814b46b8be329ebdd9d847.tgz#1648302936560043

2022-03-26 22:55:41,512 DEBUG    urllib3.connectionpool https://cloudbuild.googleapis.com:443 "GET /v1/projects/disbots/locations/global/builds/73581773-856a-4fe4-bd1e-96b14721871a?alt=json HTTP/1.1" 200 None
2022-03-26 22:55:41,601 DEBUG    urllib3.connectionpool https://storage.googleapis.com:443 "GET /821897932748.cloudbuild-logs.googleusercontent.com/log-73581773-856a-4fe4-bd1e-96b14721871a.txt HTTP/1.1" 416 166
2022-03-26 22:55:41,603 DEBUG    root            Reading GCS logfile: 416 (no new content; keep polling)
2022-03-26 22:55:43,024 DEBUG    urllib3.connectionpool https://storage.googleapis.com:443 "GET /821897932748.cloudbuild-logs.googleusercontent.com/log-73581773-856a-4fe4-bd1e-96b14721871a.txt HTTP/1.1" 206 359
2022-03-26 22:55:43,027 DEBUG    root            Reading GCS logfile: 206 (read 359 bytes)
2022-03-26 22:55:43,027 INFO     ___FILE_ONLY___ Copying gs://disbots_cloudbuild/source/1648302935.685206-16819a1028814b46b8be329ebdd9d847.tgz#1648302936560043...
/ [0 files][    0.0 B/ 11.0 KiB]                                                / [1 files][ 11.0 KiB/ 11.0 KiB]                                                
Operation completed over 1 objects/11.0 KiB.

2022-03-26 22:55:43,643 DEBUG    urllib3.connectionpool https://cloudbuild.googleapis.com:443 "GET /v1/projects/disbots/locations/global/builds/73581773-856a-4fe4-bd1e-96b14721871a?alt=json HTTP/1.1" 200 None
2022-03-26 22:55:44,451 DEBUG    urllib3.connectionpool https://storage.googleapis.com:443 "GET /821897932748.cloudbuild-logs.googleusercontent.com/log-73581773-856a-4fe4-bd1e-96b14721871a.txt HTTP/1.1" 206 6
2022-03-26 22:55:44,452 DEBUG    root            Reading GCS logfile: 206 (read 6 bytes)
2022-03-26 22:55:44,452 INFO     ___FILE_ONLY___ BUILD

2022-03-26 22:55:44,974 DEBUG    urllib3.connectionpool https://cloudbuild.googleapis.com:443 "GET /v1/projects/disbots/locations/global/builds/73581773-856a-4fe4-bd1e-96b14721871a?alt=json HTTP/1.1" 200 None
2022-03-26 22:55:46,020 DEBUG    urllib3.connectionpool https://storage.googleapis.com:443 "GET /821897932748.cloudbuild-logs.googleusercontent.com/log-73581773-856a-4fe4-bd1e-96b14721871a.txt HTTP/1.1" 206 89
2022-03-26 22:55:46,021 DEBUG    root            Reading GCS logfile: 206 (read 89 bytes)
2022-03-26 22:55:46,021 INFO     ___FILE_ONLY___ Starting Step #0
Step #0: Already have image (with digest): gcr.io/cloud-builders/docker

2022-03-26 22:55:47,071 DEBUG    urllib3.connectionpool https://cloudbuild.googleapis.com:443 "GET /v1/projects/disbots/locations/global/builds/73581773-856a-4fe4-bd1e-96b14721871a?alt=json HTTP/1.1" 200 None
2022-03-26 22:55:47,479 DEBUG    urllib3.connectionpool https://storage.googleapis.com:443 "GET /821897932748.cloudbuild-logs.googleusercontent.com/log-73581773-856a-4fe4-bd1e-96b14721871a.txt HTTP/1.1" 206 797
2022-03-26 22:55:47,480 DEBUG    root            Reading GCS logfile: 206 (read 797 bytes)
2022-03-26 22:55:47,481 INFO     ___FILE_ONLY___ Step #0: Sending build context to Docker daemon  45.57kB
Step #0: Step 1/6 : FROM rust
Step #0: latest: Pulling from library/rust
Step #0: 5492f66d2700: Pulling fs layer
Step #0: 540ff8c0841d: Pulling fs layer
Step #0: a0bf850a0df0: Pulling fs layer
Step #0: d751dc38ae51: Pulling fs layer
Step #0: 9720a112e886: Pulling fs layer
Step #0: 4188f0e746b0: Pulling fs layer
Step #0: d751dc38ae51: Waiting
Step #0: 9720a112e886: Waiting
Step #0: 4188f0e746b0: Waiting
Step #0: 540ff8c0841d: Verifying Checksum
Step #0: 540ff8c0841d: Download complete
Step #0: a0bf850a0df0: Verifying Checksum
Step #0: a0bf850a0df0: Download complete
Step #0: 5492f66d2700: Verifying Checksum
Step #0: 5492f66d2700: Download complete
Step #0: d751dc38ae51: Verifying Checksum
Step #0: d751dc38ae51: Download complete

2022-03-26 22:55:48,506 DEBUG    urllib3.connectionpool https://cloudbuild.googleapis.com:443 "GET /v1/projects/disbots/locations/global/builds/73581773-856a-4fe4-bd1e-96b14721871a?alt=json HTTP/1.1" 200 None
2022-03-26 22:55:48,774 DEBUG    urllib3.connectionpool https://storage.googleapis.com:443 "GET /821897932748.cloudbuild-logs.googleusercontent.com/log-73581773-856a-4fe4-bd1e-96b14721871a.txt HTTP/1.1" 416 167
2022-03-26 22:55:48,776 DEBUG    root            Reading GCS logfile: 416 (no new content; keep polling)
2022-03-26 22:55:49,826 DEBUG    urllib3.connectionpool https://cloudbuild.googleapis.com:443 "GET /v1/projects/disbots/locations/global/builds/73581773-856a-4fe4-bd1e-96b14721871a?alt=json HTTP/1.1" 200 None
2022-03-26 22:55:50,235 DEBUG    urllib3.connectionpool https://storage.googleapis.com:443 "GET /821897932748.cloudbuild-logs.googleusercontent.com/log-73581773-856a-4fe4-bd1e-96b14721871a.txt HTTP/1.1" 206 166
2022-03-26 22:55:50,235 DEBUG    root            Reading GCS logfile: 206 (read 166 bytes)
2022-03-26 22:55:50,235 INFO     ___FILE_ONLY___ Step #0: 9720a112e886: Verifying Checksum
Step #0: 9720a112e886: Download complete
Step #0: 4188f0e746b0: Verifying Checksum
Step #0: 4188f0e746b0: Download complete

2022-03-26 22:55:51,267 DEBUG    urllib3.connectionpool https://cloudbuild.googleapis.com:443 "GET /v1/projects/disbots/locations/global/builds/73581773-856a-4fe4-bd1e-96b14721871a?alt=json HTTP/1.1" 200 None
2022-03-26 22:55:51,412 DEBUG    urllib3.connectionpool https://storage.googleapis.com:443 "GET /821897932748.cloudbuild-logs.googleusercontent.com/log-73581773-856a-4fe4-bd1e-96b14721871a.txt HTTP/1.1" 416 167
2022-03-26 22:55:51,415 DEBUG    root            Reading GCS logfile: 416 (no new content; keep polling)
2022-03-26 22:55:52,871 DEBUG    urllib3.connectionpool https://storage.googleapis.com:443 "GET /821897932748.cloudbuild-logs.googleusercontent.com/log-73581773-856a-4fe4-bd1e-96b14721871a.txt HTTP/1.1" 206 74
2022-03-26 22:55:52,874 DEBUG    root            Reading GCS logfile: 206 (read 74 bytes)
2022-03-26 22:55:52,874 INFO     ___FILE_ONLY___ Step #0: 5492f66d2700: Pull complete
Step #0: 540ff8c0841d: Pull complete

2022-03-26 22:55:53,362 DEBUG    urllib3.connectionpool https://cloudbuild.googleapis.com:443 "GET /v1/projects/disbots/locations/global/builds/73581773-856a-4fe4-bd1e-96b14721871a?alt=json HTTP/1.1" 200 None
2022-03-26 22:55:54,214 DEBUG    urllib3.connectionpool https://storage.googleapis.com:443 "GET /821897932748.cloudbuild-logs.googleusercontent.com/log-73581773-856a-4fe4-bd1e-96b14721871a.txt HTTP/1.1" 206 37
2022-03-26 22:55:54,214 DEBUG    root            Reading GCS logfile: 206 (read 37 bytes)
2022-03-26 22:55:54,214 INFO     ___FILE_ONLY___ Step #0: a0bf850a0df0: Pull complete

2022-03-26 22:55:55,460 DEBUG    urllib3.connectionpool https://storage.googleapis.com:443 "GET /821897932748.cloudbuild-logs.googleusercontent.com/log-73581773-856a-4fe4-bd1e-96b14721871a.txt HTTP/1.1" 416 167
2022-03-26 22:55:55,463 DEBUG    root            Reading GCS logfile: 416 (no new content; keep polling)
2022-03-26 22:55:55,463 DEBUG    urllib3.connectionpool https://cloudbuild.googleapis.com:443 "GET /v1/projects/disbots/locations/global/builds/73581773-856a-4fe4-bd1e-96b14721871a?alt=json HTTP/1.1" 200 None
2022-03-26 22:55:56,954 DEBUG    urllib3.connectionpool https://storage.googleapis.com:443 "GET /821897932748.cloudbuild-logs.googleusercontent.com/log-73581773-856a-4fe4-bd1e-96b14721871a.txt HTTP/1.1" 206 37
2022-03-26 22:55:56,959 DEBUG    root            Reading GCS logfile: 206 (read 37 bytes)
2022-03-26 22:55:56,959 INFO     ___FILE_ONLY___ Step #0: d751dc38ae51: Pull complete

2022-03-26 22:55:57,555 DEBUG    urllib3.connectionpool https://cloudbuild.googleapis.com:443 "GET /v1/projects/disbots/locations/global/builds/73581773-856a-4fe4-bd1e-96b14721871a?alt=json HTTP/1.1" 200 None
2022-03-26 22:55:58,212 DEBUG    urllib3.connectionpool https://storage.googleapis.com:443 "GET /821897932748.cloudbuild-logs.googleusercontent.com/log-73581773-856a-4fe4-bd1e-96b14721871a.txt HTTP/1.1" 416 167
2022-03-26 22:55:58,212 DEBUG    root            Reading GCS logfile: 416 (no new content; keep polling)
2022-03-26 22:55:59,411 DEBUG    urllib3.connectionpool https://storage.googleapis.com:443 "GET /821897932748.cloudbuild-logs.googleusercontent.com/log-73581773-856a-4fe4-bd1e-96b14721871a.txt HTTP/1.1" 416 167
2022-03-26 22:55:59,411 DEBUG    root            Reading GCS logfile: 416 (no new content; keep polling)
2022-03-26 22:55:59,653 DEBUG    urllib3.connectionpool https://cloudbuild.googleapis.com:443 "GET /v1/projects/disbots/locations/global/builds/73581773-856a-4fe4-bd1e-96b14721871a?alt=json HTTP/1.1" 200 None
2022-03-26 22:56:00,568 DEBUG    urllib3.connectionpool https://storage.googleapis.com:443 "GET /821897932748.cloudbuild-logs.googleusercontent.com/log-73581773-856a-4fe4-bd1e-96b14721871a.txt HTTP/1.1" 416 167
2022-03-26 22:56:00,568 DEBUG    root            Reading GCS logfile: 416 (no new content; keep polling)
2022-03-26 22:56:00,923 DEBUG    urllib3.connectionpool https://cloudbuild.googleapis.com:443 "GET /v1/projects/disbots/locations/global/builds/73581773-856a-4fe4-bd1e-96b14721871a?alt=json HTTP/1.1" 200 None
2022-03-26 22:56:01,749 DEBUG    urllib3.connectionpool https://storage.googleapis.com:443 "GET /821897932748.cloudbuild-logs.googleusercontent.com/log-73581773-856a-4fe4-bd1e-96b14721871a.txt HTTP/1.1" 416 167
2022-03-26 22:56:01,750 DEBUG    root            Reading GCS logfile: 416 (no new content; keep polling)
2022-03-26 22:56:02,947 DEBUG    urllib3.connectionpool https://storage.googleapis.com:443 "GET /821897932748.cloudbuild-logs.googleusercontent.com/log-73581773-856a-4fe4-bd1e-96b14721871a.txt HTTP/1.1" 416 167
2022-03-26 22:56:02,949 DEBUG    root            Reading GCS logfile: 416 (no new content; keep polling)
2022-03-26 22:56:02,970 DEBUG    urllib3.connectionpool https://cloudbuild.googleapis.com:443 "GET /v1/projects/disbots/locations/global/builds/73581773-856a-4fe4-bd1e-96b14721871a?alt=json HTTP/1.1" 200 None
2022-03-26 22:56:04,117 DEBUG    urllib3.connectionpool https://storage.googleapis.com:443 "GET /821897932748.cloudbuild-logs.googleusercontent.com/log-73581773-856a-4fe4-bd1e-96b14721871a.txt HTTP/1.1" 416 167
2022-03-26 22:56:04,117 DEBUG    root            Reading GCS logfile: 416 (no new content; keep polling)
2022-03-26 22:56:05,002 DEBUG    urllib3.connectionpool https://cloudbuild.googleapis.com:443 "GET /v1/projects/disbots/locations/global/builds/73581773-856a-4fe4-bd1e-96b14721871a?alt=json HTTP/1.1" 200 None
2022-03-26 22:56:05,551 DEBUG    urllib3.connectionpool https://storage.googleapis.com:443 "GET /821897932748.cloudbuild-logs.googleusercontent.com/log-73581773-856a-4fe4-bd1e-96b14721871a.txt HTTP/1.1" 206 37
2022-03-26 22:56:05,553 DEBUG    root            Reading GCS logfile: 206 (read 37 bytes)
2022-03-26 22:56:05,553 INFO     ___FILE_ONLY___ Step #0: 9720a112e886: Pull complete

2022-03-26 22:56:06,751 DEBUG    urllib3.connectionpool https://storage.googleapis.com:443 "GET /821897932748.cloudbuild-logs.googleusercontent.com/log-73581773-856a-4fe4-bd1e-96b14721871a.txt HTTP/1.1" 416 167
2022-03-26 22:56:06,753 DEBUG    root            Reading GCS logfile: 416 (no new content; keep polling)
2022-03-26 22:56:07,036 DEBUG    urllib3.connectionpool https://cloudbuild.googleapis.com:443 "GET /v1/projects/disbots/locations/global/builds/73581773-856a-4fe4-bd1e-96b14721871a?alt=json HTTP/1.1" 200 None
2022-03-26 22:56:07,924 DEBUG    urllib3.connectionpool https://storage.googleapis.com:443 "GET /821897932748.cloudbuild-logs.googleusercontent.com/log-73581773-856a-4fe4-bd1e-96b14721871a.txt HTTP/1.1" 416 167
2022-03-26 22:56:07,926 DEBUG    root            Reading GCS logfile: 416 (no new content; keep polling)
2022-03-26 22:56:09,090 DEBUG    urllib3.connectionpool https://cloudbuild.googleapis.com:443 "GET /v1/projects/disbots/locations/global/builds/73581773-856a-4fe4-bd1e-96b14721871a?alt=json HTTP/1.1" 200 None
2022-03-26 22:56:09,090 DEBUG    urllib3.connectionpool https://storage.googleapis.com:443 "GET /821897932748.cloudbuild-logs.googleusercontent.com/log-73581773-856a-4fe4-bd1e-96b14721871a.txt HTTP/1.1" 416 167
2022-03-26 22:56:09,090 DEBUG    root            Reading GCS logfile: 416 (no new content; keep polling)
2022-03-26 22:56:10,552 DEBUG    urllib3.connectionpool https://storage.googleapis.com:443 "GET /821897932748.cloudbuild-logs.googleusercontent.com/log-73581773-856a-4fe4-bd1e-96b14721871a.txt HTTP/1.1" 206 251
2022-03-26 22:56:10,553 DEBUG    root            Reading GCS logfile: 206 (read 251 bytes)
2022-03-26 22:56:10,553 INFO     ___FILE_ONLY___ Step #0: 4188f0e746b0: Pull complete
Step #0: Digest: sha256:fea232803139b909ba783c334b2b634caa10d70f0bf46ed2106233459dd032f4
Step #0: Status: Downloaded newer image for rust:latest
Step #0:  ---> aa2a8ea5632c
Step #0: Step 2/6 : WORKDIR /usr/src/app

2022-03-26 22:56:11,187 DEBUG    urllib3.connectionpool https://cloudbuild.googleapis.com:443 "GET /v1/projects/disbots/locations/global/builds/73581773-856a-4fe4-bd1e-96b14721871a?alt=json HTTP/1.1" 200 None
2022-03-26 22:56:11,983 DEBUG    urllib3.connectionpool https://storage.googleapis.com:443 "GET /821897932748.cloudbuild-logs.googleusercontent.com/log-73581773-856a-4fe4-bd1e-96b14721871a.txt HTTP/1.1" 206 263
2022-03-26 22:56:11,985 DEBUG    root            Reading GCS logfile: 206 (read 263 bytes)
2022-03-26 22:56:11,985 INFO     ___FILE_ONLY___ Step #0:  ---> Running in 6628b0137bac
Step #0: Removing intermediate container 6628b0137bac
Step #0:  ---> d3a791867112
Step #0: Step 3/6 : COPY . .
Step #0:  ---> a648665a9fc2
Step #0: Step 4/6 : RUN cargo build --release
Step #0:  ---> Running in e60e98a91357

2022-03-26 22:56:12,725 DEBUG    urllib3.connectionpool https://cloudbuild.googleapis.com:443 "GET /v1/projects/disbots/locations/global/builds/73581773-856a-4fe4-bd1e-96b14721871a?alt=json HTTP/1.1" 200 None
2022-03-26 22:56:13,413 DEBUG    urllib3.connectionpool https://storage.googleapis.com:443 "GET /821897932748.cloudbuild-logs.googleusercontent.com/log-73581773-856a-4fe4-bd1e-96b14721871a.txt HTTP/1.1" 206 43
2022-03-26 22:56:13,413 DEBUG    root            Reading GCS logfile: 206 (read 43 bytes)
2022-03-26 22:56:13,413 INFO     ___FILE_ONLY___ Step #0: [91m    Updating crates.io index

2022-03-26 22:56:13,980 DEBUG    urllib3.connectionpool https://cloudbuild.googleapis.com:443 "GET /v1/projects/disbots/locations/global/builds/73581773-856a-4fe4-bd1e-96b14721871a?alt=json HTTP/1.1" 200 None
2022-03-26 22:56:14,576 DEBUG    urllib3.connectionpool https://storage.googleapis.com:443 "GET /821897932748.cloudbuild-logs.googleusercontent.com/log-73581773-856a-4fe4-bd1e-96b14721871a.txt HTTP/1.1" 416 167
2022-03-26 22:56:14,578 DEBUG    root            Reading GCS logfile: 416 (no new content; keep polling)
2022-03-26 22:56:15,219 DEBUG    urllib3.connectionpool https://cloudbuild.googleapis.com:443 "GET /v1/projects/disbots/locations/global/builds/73581773-856a-4fe4-bd1e-96b14721871a?alt=json HTTP/1.1" 200 None
2022-03-26 22:56:15,738 DEBUG    urllib3.connectionpool https://storage.googleapis.com:443 "GET /821897932748.cloudbuild-logs.googleusercontent.com/log-73581773-856a-4fe4-bd1e-96b14721871a.txt HTTP/1.1" 416 167
2022-03-26 22:56:15,741 DEBUG    root            Reading GCS logfile: 416 (no new content; keep polling)
2022-03-26 22:56:16,903 DEBUG    urllib3.connectionpool https://storage.googleapis.com:443 "GET /821897932748.cloudbuild-logs.googleusercontent.com/log-73581773-856a-4fe4-bd1e-96b14721871a.txt HTTP/1.1" 416 167
2022-03-26 22:56:16,905 DEBUG    root            Reading GCS logfile: 416 (no new content; keep polling)
2022-03-26 22:56:17,231 DEBUG    urllib3.connectionpool https://cloudbuild.googleapis.com:443 "GET /v1/projects/disbots/locations/global/builds/73581773-856a-4fe4-bd1e-96b14721871a?alt=json HTTP/1.1" 200 None
2022-03-26 22:56:18,134 DEBUG    urllib3.connectionpool https://storage.googleapis.com:443 "GET /821897932748.cloudbuild-logs.googleusercontent.com/log-73581773-856a-4fe4-bd1e-96b14721871a.txt HTTP/1.1" 416 167
2022-03-26 22:56:18,134 DEBUG    root            Reading GCS logfile: 416 (no new content; keep polling)
2022-03-26 22:56:19,249 DEBUG    urllib3.connectionpool https://cloudbuild.googleapis.com:443 "GET /v1/projects/disbots/locations/global/builds/73581773-856a-4fe4-bd1e-96b14721871a?alt=json HTTP/1.1" 200 None
2022-03-26 22:56:19,330 DEBUG    urllib3.connectionpool https://storage.googleapis.com:443 "GET /821897932748.cloudbuild-logs.googleusercontent.com/log-73581773-856a-4fe4-bd1e-96b14721871a.txt HTTP/1.1" 416 167
2022-03-26 22:56:19,330 DEBUG    root            Reading GCS logfile: 416 (no new content; keep polling)
2022-03-26 22:56:20,488 DEBUG    urllib3.connectionpool https://storage.googleapis.com:443 "GET /821897932748.cloudbuild-logs.googleusercontent.com/log-73581773-856a-4fe4-bd1e-96b14721871a.txt HTTP/1.1" 416 167
2022-03-26 22:56:20,488 DEBUG    root            Reading GCS logfile: 416 (no new content; keep polling)
2022-03-26 22:56:21,283 DEBUG    urllib3.connectionpool https://cloudbuild.googleapis.com:443 "GET /v1/projects/disbots/locations/global/builds/73581773-856a-4fe4-bd1e-96b14721871a?alt=json HTTP/1.1" 200 None
2022-03-26 22:56:21,676 DEBUG    urllib3.connectionpool https://storage.googleapis.com:443 "GET /821897932748.cloudbuild-logs.googleusercontent.com/log-73581773-856a-4fe4-bd1e-96b14721871a.txt HTTP/1.1" 416 167
2022-03-26 22:56:21,679 DEBUG    root            Reading GCS logfile: 416 (no new content; keep polling)
2022-03-26 22:56:22,870 DEBUG    urllib3.connectionpool https://storage.googleapis.com:443 "GET /821897932748.cloudbuild-logs.googleusercontent.com/log-73581773-856a-4fe4-bd1e-96b14721871a.txt HTTP/1.1" 416 167
2022-03-26 22:56:22,872 DEBUG    root            Reading GCS logfile: 416 (no new content; keep polling)
2022-03-26 22:56:23,376 DEBUG    urllib3.connectionpool https://cloudbuild.googleapis.com:443 "GET /v1/projects/disbots/locations/global/builds/73581773-856a-4fe4-bd1e-96b14721871a?alt=json HTTP/1.1" 200 None
2022-03-26 22:56:24,043 DEBUG    urllib3.connectionpool https://storage.googleapis.com:443 "GET /821897932748.cloudbuild-logs.googleusercontent.com/log-73581773-856a-4fe4-bd1e-96b14721871a.txt HTTP/1.1" 416 167
2022-03-26 22:56:24,044 DEBUG    root            Reading GCS logfile: 416 (no new content; keep polling)
2022-03-26 22:56:25,242 DEBUG    urllib3.connectionpool https://storage.googleapis.com:443 "GET /821897932748.cloudbuild-logs.googleusercontent.com/log-73581773-856a-4fe4-bd1e-96b14721871a.txt HTTP/1.1" 416 167
2022-03-26 22:56:25,242 DEBUG    root            Reading GCS logfile: 416 (no new content; keep polling)
2022-03-26 22:56:25,475 DEBUG    urllib3.connectionpool https://cloudbuild.googleapis.com:443 "GET /v1/projects/disbots/locations/global/builds/73581773-856a-4fe4-bd1e-96b14721871a?alt=json HTTP/1.1" 200 None
2022-03-26 22:56:26,397 DEBUG    urllib3.connectionpool https://storage.googleapis.com:443 "GET /821897932748.cloudbuild-logs.googleusercontent.com/log-73581773-856a-4fe4-bd1e-96b14721871a.txt HTTP/1.1" 416 167
2022-03-26 22:56:26,398 DEBUG    root            Reading GCS logfile: 416 (no new content; keep polling)
2022-03-26 22:56:27,572 DEBUG    urllib3.connectionpool https://storage.googleapis.com:443 "GET /821897932748.cloudbuild-logs.googleusercontent.com/log-73581773-856a-4fe4-bd1e-96b14721871a.txt HTTP/1.1" 416 167
2022-03-26 22:56:27,575 DEBUG    root            Reading GCS logfile: 416 (no new content; keep polling)
2022-03-26 22:56:27,576 DEBUG    urllib3.connectionpool https://cloudbuild.googleapis.com:443 "GET /v1/projects/disbots/locations/global/builds/73581773-856a-4fe4-bd1e-96b14721871a?alt=json HTTP/1.1" 200 None
2022-03-26 22:56:28,766 DEBUG    urllib3.connectionpool https://storage.googleapis.com:443 "GET /821897932748.cloudbuild-logs.googleusercontent.com/log-73581773-856a-4fe4-bd1e-96b14721871a.txt HTTP/1.1" 416 167
2022-03-26 22:56:28,767 DEBUG    root            Reading GCS logfile: 416 (no new content; keep polling)
2022-03-26 22:56:28,834 DEBUG    urllib3.connectionpool https://cloudbuild.googleapis.com:443 "GET /v1/projects/disbots/locations/global/builds/73581773-856a-4fe4-bd1e-96b14721871a?alt=json HTTP/1.1" 200 None
2022-03-26 22:56:29,942 DEBUG    urllib3.connectionpool https://storage.googleapis.com:443 "GET /821897932748.cloudbuild-logs.googleusercontent.com/log-73581773-856a-4fe4-bd1e-96b14721871a.txt HTTP/1.1" 416 167
2022-03-26 22:56:29,944 DEBUG    root            Reading GCS logfile: 416 (no new content; keep polling)
2022-03-26 22:56:30,092 DEBUG    urllib3.connectionpool https://cloudbuild.googleapis.com:443 "GET /v1/projects/disbots/locations/global/builds/73581773-856a-4fe4-bd1e-96b14721871a?alt=json HTTP/1.1" 200 None
2022-03-26 22:56:31,139 DEBUG    urllib3.connectionpool https://storage.googleapis.com:443 "GET /821897932748.cloudbuild-logs.googleusercontent.com/log-73581773-856a-4fe4-bd1e-96b14721871a.txt HTTP/1.1" 416 167
2022-03-26 22:56:31,139 DEBUG    root            Reading GCS logfile: 416 (no new content; keep polling)
2022-03-26 22:56:32,161 DEBUG    urllib3.connectionpool https://cloudbuild.googleapis.com:443 "GET /v1/projects/disbots/locations/global/builds/73581773-856a-4fe4-bd1e-96b14721871a?alt=json HTTP/1.1" 200 None
2022-03-26 22:56:32,494 DEBUG    urllib3.connectionpool https://storage.googleapis.com:443 "GET /821897932748.cloudbuild-logs.googleusercontent.com/log-73581773-856a-4fe4-bd1e-96b14721871a.txt HTTP/1.1" 416 167
2022-03-26 22:56:32,495 DEBUG    root            Reading GCS logfile: 416 (no new content; keep polling)
2022-03-26 22:56:33,656 DEBUG    urllib3.connectionpool https://storage.googleapis.com:443 "GET /821897932748.cloudbuild-logs.googleusercontent.com/log-73581773-856a-4fe4-bd1e-96b14721871a.txt HTTP/1.1" 416 167
2022-03-26 22:56:33,657 DEBUG    root            Reading GCS logfile: 416 (no new content; keep polling)
2022-03-26 22:56:34,255 DEBUG    urllib3.connectionpool https://cloudbuild.googleapis.com:443 "GET /v1/projects/disbots/locations/global/builds/73581773-856a-4fe4-bd1e-96b14721871a?alt=json HTTP/1.1" 200 None
2022-03-26 22:56:34,820 DEBUG    urllib3.connectionpool https://storage.googleapis.com:443 "GET /821897932748.cloudbuild-logs.googleusercontent.com/log-73581773-856a-4fe4-bd1e-96b14721871a.txt HTTP/1.1" 416 167
2022-03-26 22:56:34,822 DEBUG    root            Reading GCS logfile: 416 (no new content; keep polling)
2022-03-26 22:56:35,990 DEBUG    urllib3.connectionpool https://storage.googleapis.com:443 "GET /821897932748.cloudbuild-logs.googleusercontent.com/log-73581773-856a-4fe4-bd1e-96b14721871a.txt HTTP/1.1" 416 167
2022-03-26 22:56:35,991 DEBUG    root            Reading GCS logfile: 416 (no new content; keep polling)
2022-03-26 22:56:36,354 DEBUG    urllib3.connectionpool https://cloudbuild.googleapis.com:443 "GET /v1/projects/disbots/locations/global/builds/73581773-856a-4fe4-bd1e-96b14721871a?alt=json HTTP/1.1" 200 None
2022-03-26 22:56:37,173 DEBUG    urllib3.connectionpool https://storage.googleapis.com:443 "GET /821897932748.cloudbuild-logs.googleusercontent.com/log-73581773-856a-4fe4-bd1e-96b14721871a.txt HTTP/1.1" 416 167
2022-03-26 22:56:37,174 DEBUG    root            Reading GCS logfile: 416 (no new content; keep polling)
2022-03-26 22:56:38,324 DEBUG    urllib3.connectionpool https://storage.googleapis.com:443 "GET /821897932748.cloudbuild-logs.googleusercontent.com/log-73581773-856a-4fe4-bd1e-96b14721871a.txt HTTP/1.1" 416 167
2022-03-26 22:56:38,325 DEBUG    root            Reading GCS logfile: 416 (no new content; keep polling)
2022-03-26 22:56:38,452 DEBUG    urllib3.connectionpool https://cloudbuild.googleapis.com:443 "GET /v1/projects/disbots/locations/global/builds/73581773-856a-4fe4-bd1e-96b14721871a?alt=json HTTP/1.1" 200 None
2022-03-26 22:56:39,498 DEBUG    urllib3.connectionpool https://storage.googleapis.com:443 "GET /821897932748.cloudbuild-logs.googleusercontent.com/log-73581773-856a-4fe4-bd1e-96b14721871a.txt HTTP/1.1" 416 167
2022-03-26 22:56:39,498 DEBUG    root            Reading GCS logfile: 416 (no new content; keep polling)
2022-03-26 22:56:40,546 DEBUG    urllib3.connectionpool https://cloudbuild.googleapis.com:443 "GET /v1/projects/disbots/locations/global/builds/73581773-856a-4fe4-bd1e-96b14721871a?alt=json HTTP/1.1" 200 None
2022-03-26 22:56:40,703 DEBUG    urllib3.connectionpool https://storage.googleapis.com:443 "GET /821897932748.cloudbuild-logs.googleusercontent.com/log-73581773-856a-4fe4-bd1e-96b14721871a.txt HTTP/1.1" 416 167
2022-03-26 22:56:40,706 DEBUG    root            Reading GCS logfile: 416 (no new content; keep polling)
2022-03-26 22:56:42,148 DEBUG    urllib3.connectionpool https://storage.googleapis.com:443 "GET /821897932748.cloudbuild-logs.googleusercontent.com/log-73581773-856a-4fe4-bd1e-96b14721871a.txt HTTP/1.1" 206 3363
2022-03-26 22:56:42,148 DEBUG    root            Reading GCS logfile: 206 (read 3363 bytes)
2022-03-26 22:56:42,148 INFO     ___FILE_ONLY___ Step #0: [0m[91m Downloading crates ...[0m[91m
Step #0: [0m[91m [0m[91m Downloaded matches v0.1.9
Step #0: [0m[91m  Downloaded async-trait v0.1.53
Step #0: [0m[91m  Downloaded num-integer v0.1.44
Step #0: [0m[91m  Downloaded num_cpus v1.13.1
Step #0: [0m[91m [0m[91m [0m[91mDownloaded[0m[91m [0m[91mpercent-encoding v2.1.0[0m[91m
Step #0: [0m[91m  Downloaded tinyvec_macros v0.1.0
Step #0: [0m[91m  [0m[91mDownloaded [0m[91mspin v0.5.2[0m[91m
Step #0: [0m[91m  [0m[91mDownloaded [0m[91mopaque-debug v0.3.0[0m[91m
Step #0: [0m[91m [0m[91m Downloaded url v2.2.2
Step #0: [0m[91m [0m[91m [0m[91mDownloaded[0m[91m [0m[91mchrono v0.4.19[0m[91m
Step #0: [0m[91m  [0m[91mDownloaded [0m[91mdigest v0.9.0[0m[91m
Step #0: [0m[91m  Downloaded[0m[91m webpki v0.21.4[0m[91m
Step #0: [0m[91m [0m[91m Downloaded want v0.3.0[0m[91m
Step #0: [0m[91m [0m[91m Downloaded[0m[91m [0m[91muntrusted v0.7.1
Step #0: [0m[91m [0m[91m Downloaded [0m[91mutf-8 v0.7.6
Step #0: [0m[91m  Downloaded[0m[91m unicode-xid v0.2.2[0m[91m
Step #0: [0m[91m  Downloaded[0m[91m slab v0.4.5[0m[91m
Step #0: [0m[91m  [0m[91mDownloaded[0m[91m webpki v0.22.0[0m[91m
Step #0: [0m[91m  [0m[91mDownloaded [0m[91mtypenum v1.15.0[0m[91m
Step #0: [0m[91m  Downloaded [0m[91mtypemap_rev v0.1.5
Step #0: [0m[91m  Downloaded tracing-core v0.1.23
Step #0: [0m[91m  Downloaded cc v1.0.73
Step #0: [0m[91m  Downloaded serde_urlencoded v0.7.1
Step #0: [0m[91m  Downloaded rand_core v0.5.1
Step #0: [0m[91m  Downloaded ryu v1.0.9
Step #0: [0m[91m  Downloaded unicode-bidi v0.3.7
Step #0: [0m[91m [0m[91m Downloaded cfg-if v1.0.0
Step #0: [0m[91m  Downloaded serde v1.0.136
Step #0: [0m[91m  Downloaded form_urlencoded v1.0.1
Step #0: [0m[91m  Downloaded futures-io v0.3.21
Step #0: [0m[91m  Downloaded http-body v0.4.4
Step #0: [0m[91m  Downloaded httpdate v1.0.2
Step #0: [0m[91m  Downloaded lazy_static v1.4.0
Step #0: [0m[91m  Downloaded quote v1.0.17
Step #0: [0m[91m  Downloaded rand_chacha v0.2.2
Step #0: [0m[91m  Downloaded rustls v0.20.4
Step #0: [0m[91m  Downloaded sct v0.7.0
Step #0: [0m[91m [0m[91m Downloaded num-traits v0.2.14
Step #0: [0m[91m  Downloaded tokio-util v0.6.9
Step #0: [0m[91m  Downloaded rand v0.7.3
Step #0: [0m[91m [0m[91m Downloaded unicase v2.6.0
Step #0: [0m[91m  Downloaded serde_json v1.0.79
Step #0: [0m[91m  Downloaded tungstenite v0.11.1
Step #0: [0m[91m  Downloaded uwl v0.6.0
Step #0: [0m[91m  Downloaded tower-service v0.3.1
Step #0: [0m[91m  Downloaded version_check v0.9.4
Step #0: [0m[91m [0m[91m Downloaded webpki-roots v0.22.2
Step #0: [0m[91m  Downloaded syn v1.0.89
Step #0: [0m[91m  Downloaded tokio-macros v1.7.0
Step #0: [0m[91m  Downloaded input_buffer v0.3.1
Step #0: [0m[91m  Downloaded unicode-normalization v0.1.19
Step #0: [0m[91m [0m[91m Downloaded webpki-roots v0.20.0
Step #0: [0m[91m  Downloaded idna v0.2.3
Step #0: [0m[91m  Downloaded tinyvec v1.5.1
Step #0: [0m[91m  Downloaded libc v0.2.121
Step #0: [0m[91m  Downloaded socket2 v0.4.4
Step #0: [0m[91m  Downloaded[0m[91m tokio v1.17.0
Step #0: [0m[91m  Downloaded serenity v0.10.10
Step #0: [0m[91m  Downloaded [0m[91mrustls v0.19.1
Step #0: [0m[91m  Downloaded [0m[91mring v0.16.20

2022-03-26 22:56:42,647 DEBUG    urllib3.connectionpool https://cloudbuild.googleapis.com:443 "GET /v1/projects/disbots/locations/global/builds/73581773-856a-4fe4-bd1e-96b14721871a?alt=json HTTP/1.1" 200 None
2022-03-26 22:56:43,563 DEBUG    urllib3.connectionpool https://storage.googleapis.com:443 "GET /821897932748.cloudbuild-logs.googleusercontent.com/log-73581773-856a-4fe4-bd1e-96b14721871a.txt HTTP/1.1" 206 3223
2022-03-26 22:56:43,563 DEBUG    root            Reading GCS logfile: 206 (read 3223 bytes)
2022-03-26 22:56:43,563 INFO     ___FILE_ONLY___ Step #0: [0m[91m  Downloaded [0m[91mencoding_rs v0.8.30
Step #0: [0m[91m  Downloaded [0m[91mreqwest v0.11.10
Step #0: [0m[91m  Downloaded[0m[91m tokio-rustls v0.22.0
Step #0: [0m[91m  Downloaded[0m[91m static_assertions v1.1.0
Step #0: [0m[91m  Downloaded[0m[91m command_attr v0.3.8
Step #0: [0m[91m  Downloaded[0m[91m async-tungstenite v0.11.0
Step #0: [0m[91m  Downloaded log v0.4.16
Step #0: [0m[91m  [0m[91mDownloaded[0m[91m [0m[91mindexmap v1.8.0[0m[91m
Step #0: [0m[91m  Downloaded[0m[91m [0m[91mgetrandom v0.1.16[0m[91m
Step #0: [0m[91m  [0m[91mDownloaded generic-array v0.14.5
Step #0: [0m[91m  [0m[91mDownloaded futures-task v0.3.21
Step #0: [0m[91m [0m[91m [0m[91mDownloaded futures-sink v0.3.21
Step #0: [0m[91m  [0m[91mDownloaded futures-channel v0.3.21
Step #0: [0m[91m  [0m[91mDownloaded dotenv v0.15.0
Step #0: [0m[91m  Downloaded[0m[91m futures-util v0.3.21
Step #0: [0m[91m  [0m[91mDownloaded miniz_oxide v0.4.4
Step #0: [0m[91m  [0m[91mDownloaded memchr v2.4.1
Step #0: [0m[91m  [0m[91mDownloaded once_cell v1.10.0
Step #0: [0m[91m  Downloaded http v0.2.6
Step #0: [0m[91m  Downloaded hashbrown v0.11.2
Step #0: [0m[91m  Downloaded httparse v1.6.0
Step #0: [0m[91m  Downloaded futures v0.3.21
Step #0: [0m[91m  Downloaded flate2 v1.0.22
Step #0: [0m[91m  Downloaded base64 v0.13.0
Step #0: [0m[91m [0m[91m Downloaded bytes v1.1.0
Step #0: [0m[91m [0m[91m Downloaded futures-core v0.3.21
Step #0: [0m[91m  Downloaded crc32fast v1.3.2
Step #0: [0m[91m [0m[91m Downloaded fnv v1.0.7
Step #0: [0m[91m  Downloaded bitflags v1.3.2
Step #0: [0m[91m [0m[91m Downloaded serde_derive v1.0.136
Step #0: [0m[91m  Downloaded block-buffer v0.9.0
Step #0: [0m[91m  Downloaded autocfg v1.1.0
Step #0: [0m[91m [0m[91m Downloaded proc-macro2 v1.0.36
Step #0: [0m[91m  Downloaded adler v1.0.2
Step #0: [0m[91m  Downloaded pin-utils v0.1.0
Step #0: [0m[91m [0m[91m Downloaded ppv-lite86 v0.2.16
Step #0: [0m[91m [0m[91m Downloaded mio v0.8.2
Step #0: [0m[91m [0m[91m Downloaded mime_guess v2.0.4
Step #0: [0m[91m  Downloaded mime v0.3.16
Step #0: [0m[91m  Downloaded itoa v1.0.1
Step #0: [0m[91m  Downloaded ipnet v2.4.0
Step #0: [0m[91m  Downloaded hyper-rustls v0.23.0
Step #0: [0m[91m  Downloaded hyper v0.14.18
Step #0: [0m[91m [0m[91m Downloaded h2 v0.3.12
Step #0: [0m[91m  Downloaded cpufeatures v0.2.2
Step #0: [0m[91m  Downloaded bytes v0.5.6
Step #0: [0m[91m  Downloaded byteorder v1.4.3
Step #0: [0m[91m  Downloaded base64 v0.12.3
Step #0: [0m[91m [0m[91m Downloaded tracing-attributes v0.1.20
Step #0: [0m[91m  Downloaded tracing v0.1.32
Step #0: [0m[91m  Downloaded tokio-rustls v0.23.3
Step #0: [0m[91m  Downloaded sha-1 v0.9.8
Step #0: [0m[91m  Downloaded sct v0.6.1
Step #0: [0m[91m  Downloaded rustls-pemfile v0.3.0
Step #0: [0m[91m  Downloaded pin-project-lite v0.2.8
Step #0: [0m[91m  Downloaded try-lock v0.2.3
Step #0: [0m[91m  Downloaded pin-project-internal v1.0.10
Step #0: [0m[91m  Downloaded pin-project v1.0.10
Step #0: [0m[91m [0m[91m  Compiling libc v0.2.121
Step #0: [0m[91m   Compiling proc-macro2 v1.0.36

2022-03-26 22:56:44,745 DEBUG    urllib3.connectionpool https://cloudbuild.googleapis.com:443 "GET /v1/projects/disbots/locations/global/builds/73581773-856a-4fe4-bd1e-96b14721871a?alt=json HTTP/1.1" 200 None
2022-03-26 22:56:44,984 DEBUG    urllib3.connectionpool https://storage.googleapis.com:443 "GET /821897932748.cloudbuild-logs.googleusercontent.com/log-73581773-856a-4fe4-bd1e-96b14721871a.txt HTTP/1.1" 206 485
2022-03-26 22:56:44,988 DEBUG    root            Reading GCS logfile: 206 (read 485 bytes)
2022-03-26 22:56:44,989 INFO     ___FILE_ONLY___ Step #0: [0m[91m  [0m[91m Compiling unicode-xid[0m[91m v[0m[91m0[0m[91m.[0m[91m2[0m[91m.[0m[91m2[0m[91m
Step #0: [0m[91m   Compiling cfg-if v1.0.0
Step #0: [0m[91m   Compiling syn v1.0.89
Step #0: [0m[91m   Compiling [0m[91mautocfg v1.1[0m[91m.[0m[91m0[0m[91m
Step #0: [0m[91m   Compiling[0m[91m cc v1[0m[91m.[0m[91m0.[0m[91m73[0m[91m
Step #0: [0m[91m   Compiling [0m[91mversion_check[0m[91m v[0m[91m0[0m[91m.9.[0m[91m4[0m[91m

2022-03-26 22:56:46,009 DEBUG    urllib3.connectionpool https://cloudbuild.googleapis.com:443 "GET /v1/projects/disbots/locations/global/builds/73581773-856a-4fe4-bd1e-96b14721871a?alt=json HTTP/1.1" 200 None
2022-03-26 22:56:46,445 DEBUG    urllib3.connectionpool https://storage.googleapis.com:443 "GET /821897932748.cloudbuild-logs.googleusercontent.com/log-73581773-856a-4fe4-bd1e-96b14721871a.txt HTTP/1.1" 206 284
2022-03-26 22:56:46,445 DEBUG    root            Reading GCS logfile: 206 (read 284 bytes)
2022-03-26 22:56:46,446 INFO     ___FILE_ONLY___ Step #0: [0m[91m   [0m[91mCompiling[0m[91m [0m[91mlog[0m[91m v[0m[91m0[0m[91m.[0m[91m4[0m[91m.[0m[91m16[0m[91m
Step #0: [0m[91m [0m[91m [0m[91m [0m[91mCompiling[0m[91m [0m[91mspin[0m[91m v[0m[91m0[0m[91m.[0m[91m5[0m[91m.[0m[91m2[0m[91m

2022-03-26 22:56:47,949 DEBUG    urllib3.connectionpool https://storage.googleapis.com:443 "GET /821897932748.cloudbuild-logs.googleusercontent.com/log-73581773-856a-4fe4-bd1e-96b14721871a.txt HTTP/1.1" 206 941
2022-03-26 22:56:47,951 DEBUG    root            Reading GCS logfile: 206 (read 941 bytes)
2022-03-26 22:56:47,951 INFO     ___FILE_ONLY___ Step #0: [0m[91m [0m[91m [0m[91m [0m[91mCompiling[0m[91m [0m[91muntrusted[0m[91m v[0m[91m0[0m[91m.[0m[91m7[0m[91m.[0m[91m1[0m[91m
Step #0: [0m[91m [0m[91m [0m[91m [0m[91mCompiling[0m[91m [0m[91monce_cell[0m[91m v[0m[91m1[0m[91m.[0m[91m10[0m[91m.[0m[91m0[0m[91m
Step #0: [0m[91m [0m[91m [0m[91m [0m[91mCompiling[0m[91m [0m[91mmemchr[0m[91m v[0m[91m2[0m[91m.[0m[91m4[0m[91m.[0m[91m1[0m[91m
Step #0: [0m[91m [0m[91m [0m[91m [0m[91mCompiling[0m[91m [0m[91mpin-project-lite[0m[91m v[0m[91m0[0m[91m.[0m[91m2[0m[91m.[0m[91m8[0m[91m
Step #0: [0m[91m [0m[91m [0m[91m [0m[91mCompiling[0m[91m [0m[91mbytes[0m[91m v[0m[91m1[0m[91m.[0m[91m1[0m[91m.[0m[91m0[0m[91m
Step #0: [0m[91m [0m[91m [0m[91m [0m[91mCompiling[0m[91m [0m[91mfutures-core[0m[91m v[0m[91m0[0m[91m.[0m[91m3[0m[91m.[0m[91m21[0m[91m

2022-03-26 22:56:48,024 DEBUG    urllib3.connectionpool https://cloudbuild.googleapis.com:443 "GET /v1/projects/disbots/locations/global/builds/73581773-856a-4fe4-bd1e-96b14721871a?alt=json HTTP/1.1" 200 None
2022-03-26 22:56:49,260 DEBUG    urllib3.connectionpool https://cloudbuild.googleapis.com:443 "GET /v1/projects/disbots/locations/global/builds/73581773-856a-4fe4-bd1e-96b14721871a?alt=json HTTP/1.1" 200 None
2022-03-26 22:56:49,403 DEBUG    urllib3.connectionpool https://storage.googleapis.com:443 "GET /821897932748.cloudbuild-logs.googleusercontent.com/log-73581773-856a-4fe4-bd1e-96b14721871a.txt HTTP/1.1" 206 471
2022-03-26 22:56:49,403 DEBUG    root            Reading GCS logfile: 206 (read 471 bytes)
2022-03-26 22:56:49,404 INFO     ___FILE_ONLY___ Step #0: [0m[91m [0m[91m [0m[91m [0m[91mCompiling[0m[91m [0m[91mitoa[0m[91m v[0m[91m1[0m[91m.[0m[91m0[0m[91m.[0m[91m1[0m[91m
Step #0: [0m[91m [0m[91m [0m[91m [0m[91mCompiling[0m[91m [0m[91mfutures-sink[0m[91m v[0m[91m0[0m[91m.[0m[91m3[0m[91m.[0m[91m21[0m[91m
Step #0: [0m[91m [0m[91m [0m[91m [0m[91mCompiling[0m[91m [0m[91mfutures-task[0m[91m v[0m[91m0[0m[91m.[0m[91m3[0m[91m.[0m[91m21[0m[91m

2022-03-26 22:56:50,491 DEBUG    urllib3.connectionpool https://cloudbuild.googleapis.com:443 "GET /v1/projects/disbots/locations/global/builds/73581773-856a-4fe4-bd1e-96b14721871a?alt=json HTTP/1.1" 200 None
2022-03-26 22:56:50,917 DEBUG    urllib3.connectionpool https://storage.googleapis.com:443 "GET /821897932748.cloudbuild-logs.googleusercontent.com/log-73581773-856a-4fe4-bd1e-96b14721871a.txt HTTP/1.1" 206 473
2022-03-26 22:56:50,918 DEBUG    root            Reading GCS logfile: 206 (read 473 bytes)
2022-03-26 22:56:50,918 INFO     ___FILE_ONLY___ Step #0: [0m[91m [0m[91m [0m[91m [0m[91mCompiling[0m[91m [0m[91mfutures-channel[0m[91m v[0m[91m0[0m[91m.[0m[91m3[0m[91m.[0m[91m21[0m[91m
Step #0: [0m[91m [0m[91m [0m[91m [0m[91mCompiling[0m[91m [0m[91mfutures-util[0m[91m v[0m[91m0[0m[91m.[0m[91m3[0m[91m.[0m[91m21[0m[91m
Step #0: [0m[91m [0m[91m [0m[91m [0m[91mCompiling[0m[91m [0m[91mfnv[0m[91m v[0m[91m1[0m[91m.[0m[91m0[0m[91m.[0m[91m7[0m[91m

2022-03-26 22:56:51,736 DEBUG    urllib3.connectionpool https://cloudbuild.googleapis.com:443 "GET /v1/projects/disbots/locations/global/builds/73581773-856a-4fe4-bd1e-96b14721871a?alt=json HTTP/1.1" 200 None
2022-03-26 22:56:52,335 DEBUG    urllib3.connectionpool https://storage.googleapis.com:443 "GET /821897932748.cloudbuild-logs.googleusercontent.com/log-73581773-856a-4fe4-bd1e-96b14721871a.txt HTTP/1.1" 206 773
2022-03-26 22:56:52,335 DEBUG    root            Reading GCS logfile: 206 (read 773 bytes)
2022-03-26 22:56:52,335 INFO     ___FILE_ONLY___ Step #0: [0m[91m [0m[91m [0m[91m [0m[91mCompiling[0m[91m [0m[91mtypenum[0m[91m v[0m[91m1[0m[91m.[0m[91m15[0m[91m.[0m[91m0[0m[91m
Step #0: [0m[91m   Compiling tinyvec_macros v0.1.0
Step #0: [0m[91m [0m[91m [0m[91m [0m[91mCompiling[0m[91m [0m[91mmatches[0m[91m v[0m[91m0[0m[91m.[0m[91m1[0m[91m.[0m[91m9[0m[91m
Step #0: [0m[91m [0m[91m [0m[91m [0m[91mCompiling[0m[91m [0m[91mslab[0m[91m v[0m[91m0[0m[91m.[0m[91m4[0m[91m.[0m[91m5[0m[91m
Step #0: [0m[91m [0m[91m [0m[91m [0m[91mCompiling[0m[91m [0m[91mserde_derive[0m[91m v[0m[91m1[0m[91m.[0m[91m0[0m[91m.[0m[91m136[0m[91m
Step #0: [0m[91m   Compiling futures-io v0.3.21
Step #0: [0m[91m   Compiling getrandom v0.1.16

2022-03-26 22:56:53,129 DEBUG    urllib3.connectionpool https://cloudbuild.googleapis.com:443 "GET /v1/projects/disbots/locations/global/builds/73581773-856a-4fe4-bd1e-96b14721871a?alt=json HTTP/1.1" 200 None
2022-03-26 22:56:53,785 DEBUG    urllib3.connectionpool https://storage.googleapis.com:443 "GET /821897932748.cloudbuild-logs.googleusercontent.com/log-73581773-856a-4fe4-bd1e-96b14721871a.txt HTTP/1.1" 206 462
2022-03-26 22:56:53,787 DEBUG    root            Reading GCS logfile: 206 (read 462 bytes)
2022-03-26 22:56:53,788 INFO     ___FILE_ONLY___ Step #0: [0m[91m [0m[91m [0m[91m [0m[91mCompiling[0m[91m [0m[91mhttparse[0m[91m v[0m[91m1[0m[91m.[0m[91m6[0m[91m.[0m[91m0[0m[91m
Step #0: [0m[91m   Compiling pin-utils v0.1.0
Step #0: [0m[91m   Compiling lazy_static v1.4.0
Step #0: [0m[91m [0m[91m [0m[91m [0m[91mCompiling[0m[91m [0m[91mserde[0m[91m v[0m[91m1[0m[91m.[0m[91m0[0m[91m.[0m[91m136[0m[91m
Step #0: [0m[91m   Compiling percent-encoding v2.1.0

2022-03-26 22:56:55,225 DEBUG    urllib3.connectionpool https://cloudbuild.googleapis.com:443 "GET /v1/projects/disbots/locations/global/builds/73581773-856a-4fe4-bd1e-96b14721871a?alt=json HTTP/1.1" 200 None
2022-03-26 22:56:55,237 DEBUG    urllib3.connectionpool https://storage.googleapis.com:443 "GET /821897932748.cloudbuild-logs.googleusercontent.com/log-73581773-856a-4fe4-bd1e-96b14721871a.txt HTTP/1.1" 206 408
2022-03-26 22:56:55,238 DEBUG    root            Reading GCS logfile: 206 (read 408 bytes)
2022-03-26 22:56:55,238 INFO     ___FILE_ONLY___ Step #0: [0m[91m [0m[91m [0m[91m [0m[91mCompiling[0m[91m [0m[91mhashbrown[0m[91m v[0m[91m0[0m[91m.[0m[91m11[0m[91m.[0m[91m2[0m[91m
Step #0: [0m[91m   Compiling rustls v0.20.4
Step #0: [0m[91m   Compiling base64 v0.13.0
Step #0: [0m[91m [0m[91m [0m[91m [0m[91mCompiling[0m[91m [0m[91municode-bidi[0m[91m v[0m[91m0[0m[91m.[0m[91m3[0m[91m.[0m[91m7[0m[91m

2022-03-26 22:56:56,530 DEBUG    urllib3.connectionpool https://cloudbuild.googleapis.com:443 "GET /v1/projects/disbots/locations/global/builds/73581773-856a-4fe4-bd1e-96b14721871a?alt=json HTTP/1.1" 200 None
2022-03-26 22:56:56,690 DEBUG    urllib3.connectionpool https://storage.googleapis.com:443 "GET /821897932748.cloudbuild-logs.googleusercontent.com/log-73581773-856a-4fe4-bd1e-96b14721871a.txt HTTP/1.1" 206 97
2022-03-26 22:56:56,692 DEBUG    root            Reading GCS logfile: 206 (read 97 bytes)
2022-03-26 22:56:56,693 INFO     ___FILE_ONLY___ Step #0: [0m[91m   Compiling try-lock v0.2.3
Step #0: [0m[91m   Compiling ppv-lite86 v0.2.16

2022-03-26 22:56:58,135 DEBUG    urllib3.connectionpool https://storage.googleapis.com:443 "GET /821897932748.cloudbuild-logs.googleusercontent.com/log-73581773-856a-4fe4-bd1e-96b14721871a.txt HTTP/1.1" 206 250
2022-03-26 22:56:58,136 DEBUG    root            Reading GCS logfile: 206 (read 250 bytes)
2022-03-26 22:56:58,136 INFO     ___FILE_ONLY___ Step #0: [0m[91m   Compiling httpdate v1.0.2
Step #0: [0m[91m   Compiling serde_json v1.0.79
Step #0: [0m[91m   Compiling tower-service v0.3.1
Step #0: [0m[91m   Compiling cpufeatures v0.2.2
Step #0: [0m[91m   Compiling encoding_rs v0.8.30

2022-03-26 22:56:58,546 DEBUG    urllib3.connectionpool https://cloudbuild.googleapis.com:443 "GET /v1/projects/disbots/locations/global/builds/73581773-856a-4fe4-bd1e-96b14721871a?alt=json HTTP/1.1" 200 None
2022-03-26 22:56:59,561 DEBUG    urllib3.connectionpool https://storage.googleapis.com:443 "GET /821897932748.cloudbuild-logs.googleusercontent.com/log-73581773-856a-4fe4-bd1e-96b14721871a.txt HTTP/1.1" 206 509
2022-03-26 22:56:59,563 DEBUG    root            Reading GCS logfile: 206 (read 509 bytes)
2022-03-26 22:56:59,564 INFO     ___FILE_ONLY___ Step #0: [0m[91m   Compiling crc32fast v1.3.2
Step #0: [0m[91m [0m[91m [0m[91m [0m[91mCompiling[0m[91m [0m[91mopaque-debug[0m[91m v[0m[91m0[0m[91m.[0m[91m3[0m[91m.[0m[91m0[0m[91m
Step #0: [0m[91m [0m[91m [0m[91m [0m[91mCompiling[0m[91m [0m[91mryu[0m[91m v[0m[91m1[0m[91m.[0m[91m0[0m[91m.[0m[91m9[0m[91m
Step #0: [0m[91m [0m[91m [0m[91m [0m[91mCompiling[0m[91m [0m[91mbytes[0m[91m v[0m[91m0[0m[91m.[0m[91m5[0m[91m.[0m[91m6[0m[91m

2022-03-26 22:56:59,811 DEBUG    urllib3.connectionpool https://cloudbuild.googleapis.com:443 "GET /v1/projects/disbots/locations/global/builds/73581773-856a-4fe4-bd1e-96b14721871a?alt=json HTTP/1.1" 200 None
2022-03-26 22:57:00,985 DEBUG    urllib3.connectionpool https://storage.googleapis.com:443 "GET /821897932748.cloudbuild-logs.googleusercontent.com/log-73581773-856a-4fe4-bd1e-96b14721871a.txt HTTP/1.1" 206 141
2022-03-26 22:57:00,988 DEBUG    root            Reading GCS logfile: 206 (read 141 bytes)
2022-03-26 22:57:00,988 INFO     ___FILE_ONLY___ Step #0: [0m[91m   Compiling async-trait v0.1.53
Step #0: [0m[91m   Compiling mime v0.3.16
Step #0: [0m[91m   Compiling base64 v0.12.3

2022-03-26 22:57:01,218 DEBUG    urllib3.connectionpool https://cloudbuild.googleapis.com:443 "GET /v1/projects/disbots/locations/global/builds/73581773-856a-4fe4-bd1e-96b14721871a?alt=json HTTP/1.1" 200 None
2022-03-26 22:57:02,415 DEBUG    urllib3.connectionpool https://storage.googleapis.com:443 "GET /821897932748.cloudbuild-logs.googleusercontent.com/log-73581773-856a-4fe4-bd1e-96b14721871a.txt HTTP/1.1" 206 200
2022-03-26 22:57:02,415 DEBUG    root            Reading GCS logfile: 206 (read 200 bytes)
2022-03-26 22:57:02,415 INFO     ___FILE_ONLY___ Step #0: [0m[91m   Compiling utf-8 v0.7.6
Step #0: [0m[91m [0m[91m [0m[91m [0m[91mCompiling[0m[91m [0m[91mbyteorder[0m[91m v[0m[91m1[0m[91m.[0m[91m4[0m[91m.[0m[91m3[0m[91m

2022-03-26 22:57:02,446 DEBUG    urllib3.connectionpool https://cloudbuild.googleapis.com:443 "GET /v1/projects/disbots/locations/global/builds/73581773-856a-4fe4-bd1e-96b14721871a?alt=json HTTP/1.1" 200 None
2022-03-26 22:57:03,678 DEBUG    urllib3.connectionpool https://cloudbuild.googleapis.com:443 "GET /v1/projects/disbots/locations/global/builds/73581773-856a-4fe4-bd1e-96b14721871a?alt=json HTTP/1.1" 200 None
2022-03-26 22:57:03,847 DEBUG    urllib3.connectionpool https://storage.googleapis.com:443 "GET /821897932748.cloudbuild-logs.googleusercontent.com/log-73581773-856a-4fe4-bd1e-96b14721871a.txt HTTP/1.1" 206 292
2022-03-26 22:57:03,849 DEBUG    root            Reading GCS logfile: 206 (read 292 bytes)
2022-03-26 22:57:03,850 INFO     ___FILE_ONLY___ Step #0: [0m[91m [0m[91m [0m[91m [0m[91mCompiling[0m[91m [0m[91madler[0m[91m v[0m[91m1[0m[91m.[0m[91m0[0m[91m.[0m[91m2[0m[91m
Step #0: [0m[91m   Compiling ipnet v2.4.0
Step #0: [0m[91m   Compiling serenity v0.10.10
Step #0: [0m[91m   Compiling bitflags v1.3.2

2022-03-26 22:57:04,922 DEBUG    urllib3.connectionpool https://cloudbuild.googleapis.com:443 "GET /v1/projects/disbots/locations/global/builds/73581773-856a-4fe4-bd1e-96b14721871a?alt=json HTTP/1.1" 200 None
2022-03-26 22:57:05,320 DEBUG    urllib3.connectionpool https://storage.googleapis.com:443 "GET /821897932748.cloudbuild-logs.googleusercontent.com/log-73581773-856a-4fe4-bd1e-96b14721871a.txt HTTP/1.1" 206 194
2022-03-26 22:57:05,320 DEBUG    root            Reading GCS logfile: 206 (read 194 bytes)
2022-03-26 22:57:05,321 INFO     ___FILE_ONLY___ Step #0: [0m[91m   Compiling static_assertions v1.1.0
Step #0: [0m[91m   Compiling typemap_rev v0.1.5
Step #0: [0m[91m   Compiling uwl v0.6.0
Step #0: [0m[91m   Compiling dotenv v0.15.0

2022-03-26 22:57:06,173 DEBUG    urllib3.connectionpool https://cloudbuild.googleapis.com:443 "GET /v1/projects/disbots/locations/global/builds/73581773-856a-4fe4-bd1e-96b14721871a?alt=json HTTP/1.1" 200 None
2022-03-26 22:57:06,516 DEBUG    urllib3.connectionpool https://storage.googleapis.com:443 "GET /821897932748.cloudbuild-logs.googleusercontent.com/log-73581773-856a-4fe4-bd1e-96b14721871a.txt HTTP/1.1" 416 168
2022-03-26 22:57:06,517 DEBUG    root            Reading GCS logfile: 416 (no new content; keep polling)
2022-03-26 22:57:07,417 DEBUG    urllib3.connectionpool https://cloudbuild.googleapis.com:443 "GET /v1/projects/disbots/locations/global/builds/73581773-856a-4fe4-bd1e-96b14721871a?alt=json HTTP/1.1" 200 None
2022-03-26 22:57:08,019 DEBUG    urllib3.connectionpool https://storage.googleapis.com:443 "GET /821897932748.cloudbuild-logs.googleusercontent.com/log-73581773-856a-4fe4-bd1e-96b14721871a.txt HTTP/1.1" 206 945
2022-03-26 22:57:08,022 DEBUG    root            Reading GCS logfile: 206 (read 945 bytes)
2022-03-26 22:57:08,023 INFO     ___FILE_ONLY___ Step #0: [0m[91m [0m[91m [0m[91m [0m[91mCompiling[0m[91m [0m[91mindexmap[0m[91m v[0m[91m1[0m[91m.[0m[91m8[0m[91m.[0m[91m0[0m[91m
Step #0: [0m[91m [0m[91m [0m[91m [0m[91mCompiling[0m[91m [0m[91mnum-traits[0m[91m v[0m[91m0[0m[91m.[0m[91m2[0m[91m.[0m[91m14[0m[91m
Step #0: [0m[91m [0m[91m [0m[91m [0m[91mCompiling[0m[91m [0m[91mminiz_oxide[0m[91m v[0m[91m0[0m[91m.[0m[91m4[0m[91m.[0m[91m4[0m[91m
Step #0: [0m[91m [0m[91m [0m[91m [0m[91mCompiling[0m[91m [0m[91mnum-integer[0m[91m v[0m[91m0[0m[91m.[0m[91m1[0m[91m.[0m[91m44[0m[91m
Step #0: [0m[91m [0m[91m [0m[91m [0m[91mCompiling[0m[91m [0m[91municase[0m[91m v[0m[91m2[0m[91m.[0m[91m6[0m[91m.[0m[91m0[0m[91m
Step #0: [0m[91m [0m[91m [0m[91m [0m[91mCompiling[0m[91m [0m[91mgeneric-array[0m[91m v[0m[91m0[0m[91m.[0m[91m14[0m[91m.[0m[91m5[0m[91m

2022-03-26 22:57:09,516 DEBUG    urllib3.connectionpool https://storage.googleapis.com:443 "GET /821897932748.cloudbuild-logs.googleusercontent.com/log-73581773-856a-4fe4-bd1e-96b14721871a.txt HTTP/1.1" 206 304
2022-03-26 22:57:09,518 DEBUG    root            Reading GCS logfile: 206 (read 304 bytes)
2022-03-26 22:57:09,518 INFO     ___FILE_ONLY___ Step #0: [0m[91m [0m[91m [0m[91m [0m[91mCompiling[0m[91m [0m[91mring[0m[91m v[0m[91m0[0m[91m.[0m[91m16[0m[91m.[0m[91m20[0m[91m
Step #0: [0m[91m [0m[91m [0m[91m [0m[91mCompiling[0m[91m [0m[91mhttp[0m[91m v[0m[91m0[0m[91m.[0m[91m2[0m[91m.[0m[91m6[0m[91m

2022-03-26 22:57:09,519 DEBUG    urllib3.connectionpool https://cloudbuild.googleapis.com:443 "GET /v1/projects/disbots/locations/global/builds/73581773-856a-4fe4-bd1e-96b14721871a?alt=json HTTP/1.1" 200 None
2022-03-26 22:57:10,797 DEBUG    urllib3.connectionpool https://cloudbuild.googleapis.com:443 "GET /v1/projects/disbots/locations/global/builds/73581773-856a-4fe4-bd1e-96b14721871a?alt=json HTTP/1.1" 200 None
2022-03-26 22:57:10,978 DEBUG    urllib3.connectionpool https://storage.googleapis.com:443 "GET /821897932748.cloudbuild-logs.googleusercontent.com/log-73581773-856a-4fe4-bd1e-96b14721871a.txt HTTP/1.1" 206 154
2022-03-26 22:57:10,979 DEBUG    root            Reading GCS logfile: 206 (read 154 bytes)
2022-03-26 22:57:10,980 INFO     ___FILE_ONLY___ Step #0: [0m[91m [0m[91m [0m[91m [0m[91mCompiling[0m[91m [0m[91mtinyvec[0m[91m v[0m[91m1[0m[91m.[0m[91m5[0m[91m.[0m[91m1[0m[91m

2022-03-26 22:57:12,034 DEBUG    urllib3.connectionpool https://cloudbuild.googleapis.com:443 "GET /v1/projects/disbots/locations/global/builds/73581773-856a-4fe4-bd1e-96b14721871a?alt=json HTTP/1.1" 200 None
2022-03-26 22:57:12,410 DEBUG    urllib3.connectionpool https://storage.googleapis.com:443 "GET /821897932748.cloudbuild-logs.googleusercontent.com/log-73581773-856a-4fe4-bd1e-96b14721871a.txt HTTP/1.1" 206 160
2022-03-26 22:57:12,410 DEBUG    root            Reading GCS logfile: 206 (read 160 bytes)
2022-03-26 22:57:12,410 INFO     ___FILE_ONLY___ Step #0: [0m[91m [0m[91m [0m[91m [0m[91mCompiling[0m[91m [0m[91mtracing-core[0m[91m v[0m[91m0[0m[91m.[0m[91m1[0m[91m.[0m[91m23[0m[91m

2022-03-26 22:57:13,281 DEBUG    urllib3.connectionpool https://cloudbuild.googleapis.com:443 "GET /v1/projects/disbots/locations/global/builds/73581773-856a-4fe4-bd1e-96b14721871a?alt=json HTTP/1.1" 200 None
2022-03-26 22:57:13,575 DEBUG    urllib3.connectionpool https://storage.googleapis.com:443 "GET /821897932748.cloudbuild-logs.googleusercontent.com/log-73581773-856a-4fe4-bd1e-96b14721871a.txt HTTP/1.1" 416 168
2022-03-26 22:57:13,576 DEBUG    root            Reading GCS logfile: 416 (no new content; keep polling)
2022-03-26 22:57:14,504 DEBUG    urllib3.connectionpool https://cloudbuild.googleapis.com:443 "GET /v1/projects/disbots/locations/global/builds/73581773-856a-4fe4-bd1e-96b14721871a?alt=json HTTP/1.1" 200 None
2022-03-26 22:57:15,010 DEBUG    urllib3.connectionpool https://storage.googleapis.com:443 "GET /821897932748.cloudbuild-logs.googleusercontent.com/log-73581773-856a-4fe4-bd1e-96b14721871a.txt HTTP/1.1" 206 162
2022-03-26 22:57:15,011 DEBUG    root            Reading GCS logfile: 206 (read 162 bytes)
2022-03-26 22:57:15,012 INFO     ___FILE_ONLY___ Step #0: [0m[91m [0m[91m [0m[91m [0m[91mCompiling[0m[91m [0m[91mform_urlencoded[0m[91m v[0m[91m1[0m[91m.[0m[91m0[0m[91m.[0m[91m1[0m[91m

2022-03-26 22:57:15,805 DEBUG    urllib3.connectionpool https://cloudbuild.googleapis.com:443 "GET /v1/projects/disbots/locations/global/builds/73581773-856a-4fe4-bd1e-96b14721871a?alt=json HTTP/1.1" 200 None
2022-03-26 22:57:16,444 DEBUG    urllib3.connectionpool https://storage.googleapis.com:443 "GET /821897932748.cloudbuild-logs.googleusercontent.com/log-73581773-856a-4fe4-bd1e-96b14721871a.txt HTTP/1.1" 206 320
2022-03-26 22:57:16,448 DEBUG    root            Reading GCS logfile: 206 (read 320 bytes)
2022-03-26 22:57:16,449 INFO     ___FILE_ONLY___ Step #0: [0m[91m [0m[91m [0m[91m [0m[91mCompiling[0m[91m [0m[91mrustls-pemfile[0m[91m v[0m[91m0[0m[91m.[0m[91m3[0m[91m.[0m[91m0[0m[91m
Step #0: [0m[91m [0m[91m [0m[91m [0m[91mCompiling[0m[91m [0m[91minput_buffer[0m[91m v[0m[91m0[0m[91m.[0m[91m3[0m[91m.[0m[91m1[0m[91m

2022-03-26 22:57:17,605 DEBUG    urllib3.connectionpool https://storage.googleapis.com:443 "GET /821897932748.cloudbuild-logs.googleusercontent.com/log-73581773-856a-4fe4-bd1e-96b14721871a.txt HTTP/1.1" 416 168
2022-03-26 22:57:17,612 DEBUG    root            Reading GCS logfile: 416 (no new content; keep polling)
2022-03-26 22:57:17,903 DEBUG    urllib3.connectionpool https://cloudbuild.googleapis.com:443 "GET /v1/projects/disbots/locations/global/builds/73581773-856a-4fe4-bd1e-96b14721871a?alt=json HTTP/1.1" 200 None
2022-03-26 22:57:18,772 DEBUG    urllib3.connectionpool https://storage.googleapis.com:443 "GET /821897932748.cloudbuild-logs.googleusercontent.com/log-73581773-856a-4fe4-bd1e-96b14721871a.txt HTTP/1.1" 416 168
2022-03-26 22:57:18,775 DEBUG    root            Reading GCS logfile: 416 (no new content; keep polling)
2022-03-26 22:57:19,173 DEBUG    urllib3.connectionpool https://cloudbuild.googleapis.com:443 "GET /v1/projects/disbots/locations/global/builds/73581773-856a-4fe4-bd1e-96b14721871a?alt=json HTTP/1.1" 200 None
2022-03-26 22:57:19,998 DEBUG    urllib3.connectionpool https://storage.googleapis.com:443 "GET /821897932748.cloudbuild-logs.googleusercontent.com/log-73581773-856a-4fe4-bd1e-96b14721871a.txt HTTP/1.1" 416 168
2022-03-26 22:57:19,999 DEBUG    root            Reading GCS logfile: 416 (no new content; keep polling)
2022-03-26 22:57:20,404 DEBUG    urllib3.connectionpool https://cloudbuild.googleapis.com:443 "GET /v1/projects/disbots/locations/global/builds/73581773-856a-4fe4-bd1e-96b14721871a?alt=json HTTP/1.1" 200 None
2022-03-26 22:57:21,217 DEBUG    urllib3.connectionpool https://storage.googleapis.com:443 "GET /821897932748.cloudbuild-logs.googleusercontent.com/log-73581773-856a-4fe4-bd1e-96b14721871a.txt HTTP/1.1" 416 168
2022-03-26 22:57:21,218 DEBUG    root            Reading GCS logfile: 416 (no new content; keep polling)
2022-03-26 22:57:22,381 DEBUG    urllib3.connectionpool https://storage.googleapis.com:443 "GET /821897932748.cloudbuild-logs.googleusercontent.com/log-73581773-856a-4fe4-bd1e-96b14721871a.txt HTTP/1.1" 416 168
2022-03-26 22:57:22,381 DEBUG    root            Reading GCS logfile: 416 (no new content; keep polling)
2022-03-26 22:57:22,490 DEBUG    urllib3.connectionpool https://cloudbuild.googleapis.com:443 "GET /v1/projects/disbots/locations/global/builds/73581773-856a-4fe4-bd1e-96b14721871a?alt=json HTTP/1.1" 200 None
2022-03-26 22:57:23,539 DEBUG    urllib3.connectionpool https://storage.googleapis.com:443 "GET /821897932748.cloudbuild-logs.googleusercontent.com/log-73581773-856a-4fe4-bd1e-96b14721871a.txt HTTP/1.1" 416 168
2022-03-26 22:57:23,540 DEBUG    root            Reading GCS logfile: 416 (no new content; keep polling)
2022-03-26 22:57:23,788 DEBUG    urllib3.connectionpool https://cloudbuild.googleapis.com:443 "GET /v1/projects/disbots/locations/global/builds/73581773-856a-4fe4-bd1e-96b14721871a?alt=json HTTP/1.1" 200 None
2022-03-26 22:57:25,001 DEBUG    urllib3.connectionpool https://storage.googleapis.com:443 "GET /821897932748.cloudbuild-logs.googleusercontent.com/log-73581773-856a-4fe4-bd1e-96b14721871a.txt HTTP/1.1" 206 244
2022-03-26 22:57:25,004 DEBUG    root            Reading GCS logfile: 206 (read 244 bytes)
2022-03-26 22:57:25,004 INFO     ___FILE_ONLY___ Step #0: [0m[91m [0m[91m [0m[91m [0m[91mCompiling http-body v0.4.4
Step #0: [0m[91m [0m[91m [0m[91m [0m[91mCompiling[0m[91m [0m[91municode-normalization[0m[91m v[0m[91m0[0m[91m.[0m[91m1[0m[91m.[0m[91m19[0m[91m

2022-03-26 22:57:25,045 DEBUG    urllib3.connectionpool https://cloudbuild.googleapis.com:443 "GET /v1/projects/disbots/locations/global/builds/73581773-856a-4fe4-bd1e-96b14721871a?alt=json HTTP/1.1" 200 None
2022-03-26 22:57:26,162 DEBUG    urllib3.connectionpool https://storage.googleapis.com:443 "GET /821897932748.cloudbuild-logs.googleusercontent.com/log-73581773-856a-4fe4-bd1e-96b14721871a.txt HTTP/1.1" 416 168
2022-03-26 22:57:26,163 DEBUG    root            Reading GCS logfile: 416 (no new content; keep polling)
2022-03-26 22:57:26,292 DEBUG    urllib3.connectionpool https://cloudbuild.googleapis.com:443 "GET /v1/projects/disbots/locations/global/builds/73581773-856a-4fe4-bd1e-96b14721871a?alt=json HTTP/1.1" 200 None
2022-03-26 22:57:27,339 DEBUG    urllib3.connectionpool https://storage.googleapis.com:443 "GET /821897932748.cloudbuild-logs.googleusercontent.com/log-73581773-856a-4fe4-bd1e-96b14721871a.txt HTTP/1.1" 416 168
2022-03-26 22:57:27,339 DEBUG    root            Reading GCS logfile: 416 (no new content; keep polling)
2022-03-26 22:57:28,388 DEBUG    urllib3.connectionpool https://cloudbuild.googleapis.com:443 "GET /v1/projects/disbots/locations/global/builds/73581773-856a-4fe4-bd1e-96b14721871a?alt=json HTTP/1.1" 200 None
2022-03-26 22:57:28,540 DEBUG    urllib3.connectionpool https://storage.googleapis.com:443 "GET /821897932748.cloudbuild-logs.googleusercontent.com/log-73581773-856a-4fe4-bd1e-96b14721871a.txt HTTP/1.1" 416 168
2022-03-26 22:57:28,540 DEBUG    root            Reading GCS logfile: 416 (no new content; keep polling)
2022-03-26 22:57:29,954 DEBUG    urllib3.connectionpool https://storage.googleapis.com:443 "GET /821897932748.cloudbuild-logs.googleusercontent.com/log-73581773-856a-4fe4-bd1e-96b14721871a.txt HTTP/1.1" 206 153
2022-03-26 22:57:29,955 DEBUG    root            Reading GCS logfile: 206 (read 153 bytes)
2022-03-26 22:57:29,955 INFO     ___FILE_ONLY___ Step #0: [0m[91m [0m[91m [0m[91m [0m[91mCompiling[0m[91m [0m[91mquote[0m[91m v[0m[91m1[0m[91m.[0m[91m0[0m[91m.[0m[91m17[0m[91m

2022-03-26 22:57:30,486 DEBUG    urllib3.connectionpool https://cloudbuild.googleapis.com:443 "GET /v1/projects/disbots/locations/global/builds/73581773-856a-4fe4-bd1e-96b14721871a?alt=json HTTP/1.1" 200 None
2022-03-26 22:57:31,381 DEBUG    urllib3.connectionpool https://storage.googleapis.com:443 "GET /821897932748.cloudbuild-logs.googleusercontent.com/log-73581773-856a-4fe4-bd1e-96b14721871a.txt HTTP/1.1" 206 154
2022-03-26 22:57:31,381 DEBUG    root            Reading GCS logfile: 206 (read 154 bytes)
2022-03-26 22:57:31,381 INFO     ___FILE_ONLY___ Step #0: [0m[91m [0m[91m [0m[91m [0m[91mCompiling[0m[91m [0m[91msocket2[0m[91m v[0m[91m0[0m[91m.[0m[91m4[0m[91m.[0m[91m4[0m[91m

2022-03-26 22:57:32,585 DEBUG    urllib3.connectionpool https://storage.googleapis.com:443 "GET /821897932748.cloudbuild-logs.googleusercontent.com/log-73581773-856a-4fe4-bd1e-96b14721871a.txt HTTP/1.1" 416 168
2022-03-26 22:57:32,586 DEBUG    urllib3.connectionpool https://cloudbuild.googleapis.com:443 "GET /v1/projects/disbots/locations/global/builds/73581773-856a-4fe4-bd1e-96b14721871a?alt=json HTTP/1.1" 200 None
2022-03-26 22:57:32,586 DEBUG    root            Reading GCS logfile: 416 (no new content; keep polling)
2022-03-26 22:57:34,042 DEBUG    urllib3.connectionpool https://storage.googleapis.com:443 "GET /821897932748.cloudbuild-logs.googleusercontent.com/log-73581773-856a-4fe4-bd1e-96b14721871a.txt HTTP/1.1" 206 156
2022-03-26 22:57:34,043 DEBUG    root            Reading GCS logfile: 206 (read 156 bytes)
2022-03-26 22:57:34,043 INFO     ___FILE_ONLY___ Step #0: [0m[91m [0m[91m [0m[91m [0m[91mCompiling[0m[91m [0m[91mnum_cpus[0m[91m v[0m[91m1[0m[91m.[0m[91m13[0m[91m.[0m[91m1[0m[91m

2022-03-26 22:57:34,682 DEBUG    urllib3.connectionpool https://cloudbuild.googleapis.com:443 "GET /v1/projects/disbots/locations/global/builds/73581773-856a-4fe4-bd1e-96b14721871a?alt=json HTTP/1.1" 200 None
2022-03-26 22:57:35,226 DEBUG    urllib3.connectionpool https://storage.googleapis.com:443 "GET /821897932748.cloudbuild-logs.googleusercontent.com/log-73581773-856a-4fe4-bd1e-96b14721871a.txt HTTP/1.1" 416 168
2022-03-26 22:57:35,227 DEBUG    root            Reading GCS logfile: 416 (no new content; keep polling)
2022-03-26 22:57:36,376 DEBUG    urllib3.connectionpool https://storage.googleapis.com:443 "GET /821897932748.cloudbuild-logs.googleusercontent.com/log-73581773-856a-4fe4-bd1e-96b14721871a.txt HTTP/1.1" 416 168
2022-03-26 22:57:36,376 DEBUG    root            Reading GCS logfile: 416 (no new content; keep polling)
2022-03-26 22:57:36,793 DEBUG    urllib3.connectionpool https://cloudbuild.googleapis.com:443 "GET /v1/projects/disbots/locations/global/builds/73581773-856a-4fe4-bd1e-96b14721871a?alt=json HTTP/1.1" 200 None
2022-03-26 22:57:37,606 DEBUG    urllib3.connectionpool https://storage.googleapis.com:443 "GET /821897932748.cloudbuild-logs.googleusercontent.com/log-73581773-856a-4fe4-bd1e-96b14721871a.txt HTTP/1.1" 416 168
2022-03-26 22:57:37,607 DEBUG    root            Reading GCS logfile: 416 (no new content; keep polling)
2022-03-26 22:57:38,128 DEBUG    urllib3.connectionpool https://cloudbuild.googleapis.com:443 "GET /v1/projects/disbots/locations/global/builds/73581773-856a-4fe4-bd1e-96b14721871a?alt=json HTTP/1.1" 200 None
2022-03-26 22:57:38,778 DEBUG    urllib3.connectionpool https://storage.googleapis.com:443 "GET /821897932748.cloudbuild-logs.googleusercontent.com/log-73581773-856a-4fe4-bd1e-96b14721871a.txt HTTP/1.1" 416 168
2022-03-26 22:57:38,779 DEBUG    root            Reading GCS logfile: 416 (no new content; keep polling)
2022-03-26 22:57:39,943 DEBUG    urllib3.connectionpool https://storage.googleapis.com:443 "GET /821897932748.cloudbuild-logs.googleusercontent.com/log-73581773-856a-4fe4-bd1e-96b14721871a.txt HTTP/1.1" 416 168
2022-03-26 22:57:39,944 DEBUG    root            Reading GCS logfile: 416 (no new content; keep polling)
2022-03-26 22:57:40,171 DEBUG    urllib3.connectionpool https://cloudbuild.googleapis.com:443 "GET /v1/projects/disbots/locations/global/builds/73581773-856a-4fe4-bd1e-96b14721871a?alt=json HTTP/1.1" 200 None
2022-03-26 22:57:41,122 DEBUG    urllib3.connectionpool https://storage.googleapis.com:443 "GET /821897932748.cloudbuild-logs.googleusercontent.com/log-73581773-856a-4fe4-bd1e-96b14721871a.txt HTTP/1.1" 416 168
2022-03-26 22:57:41,122 DEBUG    root            Reading GCS logfile: 416 (no new content; keep polling)
2022-03-26 22:57:41,402 DEBUG    urllib3.connectionpool https://cloudbuild.googleapis.com:443 "GET /v1/projects/disbots/locations/global/builds/73581773-856a-4fe4-bd1e-96b14721871a?alt=json HTTP/1.1" 200 None
2022-03-26 22:57:41,645 INFO     ___FILE_ONLY___ Cancelling...

2022-03-26 22:57:42,067 DEBUG    urllib3.connectionpool https://cloudbuild.googleapis.com:443 "POST /v1/projects/disbots/locations/global/builds/73581773-856a-4fe4-bd1e-96b14721871a:cancel?alt=json HTTP/1.1" 200 None
2022-03-26 22:57:42,072 INFO     ___FILE_ONLY___ Cancelled [https://cloudbuild.googleapis.com/v1/projects/disbots/locations/global/builds/73581773-856a-4fe4-bd1e-96b14721871a].

2022-03-26 22:57:42,546 DEBUG    urllib3.connectionpool https://storage.googleapis.com:443 "GET /821897932748.cloudbuild-logs.googleusercontent.com/log-73581773-856a-4fe4-bd1e-96b14721871a.txt HTTP/1.1" 206 150
2022-03-26 22:57:42,546 DEBUG    root            Reading GCS logfile: 206 (read 150 bytes)
2022-03-26 22:57:42,546 INFO     ___FILE_ONLY___ Step #0: [0m[91m [0m[91m [0m[91m [0m[91mCompiling[0m[91m [0m[91mmio[0m[91m v[0m[91m0[0m[91m.[0m[91m8[0m[91m.[0m[91m2[0m[91m

2022-03-26 22:57:42,637 DEBUG    urllib3.connectionpool https://cloudbuild.googleapis.com:443 "GET /v1/projects/disbots/locations/global/builds/73581773-856a-4fe4-bd1e-96b14721871a?alt=json HTTP/1.1" 200 None
2022-03-26 22:57:43,878 DEBUG    urllib3.connectionpool https://cloudbuild.googleapis.com:443 "GET /v1/projects/disbots/locations/global/builds/73581773-856a-4fe4-bd1e-96b14721871a?alt=json HTTP/1.1" 200 None
2022-03-26 22:57:43,971 DEBUG    urllib3.connectionpool https://storage.googleapis.com:443 "GET /821897932748.cloudbuild-logs.googleusercontent.com/log-73581773-856a-4fe4-bd1e-96b14721871a.txt HTTP/1.1" 206 151
2022-03-26 22:57:43,973 DEBUG    root            Reading GCS logfile: 206 (read 151 bytes)
2022-03-26 22:57:43,974 INFO     ___FILE_ONLY___ Step #0: [0m[91m [0m[91m [0m[91m [0m[91mCompiling[0m[91m [0m[91mwant[0m[91m v[0m[91m0[0m[91m.[0m[91m3[0m[91m.[0m[91m0[0m[91m

2022-03-26 22:57:45,167 DEBUG    urllib3.connectionpool https://cloudbuild.googleapis.com:443 "GET /v1/projects/disbots/locations/global/builds/73581773-856a-4fe4-bd1e-96b14721871a?alt=json HTTP/1.1" 200 None
2022-03-26 22:57:45,399 DEBUG    urllib3.connectionpool https://storage.googleapis.com:443 "GET /821897932748.cloudbuild-logs.googleusercontent.com/log-73581773-856a-4fe4-bd1e-96b14721871a.txt HTTP/1.1" 206 151
2022-03-26 22:57:45,399 DEBUG    root            Reading GCS logfile: 206 (read 151 bytes)
2022-03-26 22:57:45,400 INFO     ___FILE_ONLY___ Step #0: [0m[91m [0m[91m [0m[91m [0m[91mCompiling[0m[91m [0m[91midna[0m[91m v[0m[91m0[0m[91m.[0m[91m2[0m[91m.[0m[91m3[0m[91m

2022-03-26 22:57:46,436 DEBUG    urllib3.connectionpool https://cloudbuild.googleapis.com:443 "GET /v1/projects/disbots/locations/global/builds/73581773-856a-4fe4-bd1e-96b14721871a?alt=json HTTP/1.1" 200 None
2022-03-26 22:57:46,608 DEBUG    urllib3.connectionpool https://storage.googleapis.com:443 "GET /821897932748.cloudbuild-logs.googleusercontent.com/log-73581773-856a-4fe4-bd1e-96b14721871a.txt HTTP/1.1" 416 168
2022-03-26 22:57:46,608 DEBUG    root            Reading GCS logfile: 416 (no new content; keep polling)
2022-03-26 22:57:47,719 DEBUG    urllib3.connectionpool https://cloudbuild.googleapis.com:443 "GET /v1/projects/disbots/locations/global/builds/73581773-856a-4fe4-bd1e-96b14721871a?alt=json HTTP/1.1" 200 None
2022-03-26 22:57:47,811 DEBUG    urllib3.connectionpool https://storage.googleapis.com:443 "GET /821897932748.cloudbuild-logs.googleusercontent.com/log-73581773-856a-4fe4-bd1e-96b14721871a.txt HTTP/1.1" 416 168
2022-03-26 22:57:47,813 DEBUG    root            Reading GCS logfile: 416 (no new content; keep polling)
2022-03-26 22:57:48,971 DEBUG    urllib3.connectionpool https://storage.googleapis.com:443 "GET /821897932748.cloudbuild-logs.googleusercontent.com/log-73581773-856a-4fe4-bd1e-96b14721871a.txt HTTP/1.1" 416 168
2022-03-26 22:57:48,972 DEBUG    root            Reading GCS logfile: 416 (no new content; keep polling)
2022-03-26 22:57:49,754 DEBUG    urllib3.connectionpool https://cloudbuild.googleapis.com:443 "GET /v1/projects/disbots/locations/global/builds/73581773-856a-4fe4-bd1e-96b14721871a?alt=json HTTP/1.1" 200 None
2022-03-26 22:57:50,133 DEBUG    urllib3.connectionpool https://storage.googleapis.com:443 "GET /821897932748.cloudbuild-logs.googleusercontent.com/log-73581773-856a-4fe4-bd1e-96b14721871a.txt HTTP/1.1" 416 168
2022-03-26 22:57:50,133 DEBUG    root            Reading GCS logfile: 416 (no new content; keep polling)
2022-03-26 22:57:51,299 DEBUG    urllib3.connectionpool https://storage.googleapis.com:443 "GET /821897932748.cloudbuild-logs.googleusercontent.com/log-73581773-856a-4fe4-bd1e-96b14721871a.txt HTTP/1.1" 416 168
2022-03-26 22:57:51,299 DEBUG    root            Reading GCS logfile: 416 (no new content; keep polling)
2022-03-26 22:57:51,299 INFO     ___FILE_ONLY___ ------------------------------------------------------------------------------------------------------------------------------------------------------------------------------------------------

2022-03-26 22:57:51,299 DEBUG    root            (gcloud.builds.submit) build 73581773-856a-4fe4-bd1e-96b14721871a completed with status "CANCELLED"
Traceback (most recent call last):
  File "/Users/esh2n/google-cloud-sdk/lib/googlecloudsdk/calliope/cli.py", line 987, in Execute
    resources = calliope_command.Run(cli=self, args=args)
  File "/Users/esh2n/google-cloud-sdk/lib/googlecloudsdk/calliope/backend.py", line 809, in Run
    resources = command_instance.Run(args)
  File "/Users/esh2n/google-cloud-sdk/lib/surface/builds/submit.py", line 164, in Run
    build, _ = submit_util.Build(
  File "/Users/esh2n/google-cloud-sdk/lib/googlecloudsdk/command_lib/builds/submit_util.py", line 630, in Build
    raise FailedBuildException(build)
googlecloudsdk.command_lib.builds.submit_util.FailedBuildException: build 73581773-856a-4fe4-bd1e-96b14721871a completed with status "CANCELLED"
2022-03-26 22:57:51,302 ERROR    root            (gcloud.builds.submit) build 73581773-856a-4fe4-bd1e-96b14721871a completed with status "CANCELLED"
