2022-03-26 23:05:59,832 DEBUG    root            Loaded Command Group: ['gcloud', 'auth']
2022-03-26 23:05:59,862 DEBUG    root            Loaded Command Group: ['gcloud', 'auth', 'login']
2022-03-26 23:05:59,863 DEBUG    root            Running [gcloud.auth.login] with arguments: []
2022-03-26 23:05:59,878 DEBUG    requests_oauthlib.oauth2_session Generated new state JVvsIFLPw2WQqQOMyyjnz8nm0wGbJn.
2022-03-26 23:06:00,031 INFO     ___FILE_ONLY___ Your browser has been opened to visit:

    https://accounts.google.com/o/oauth2/auth?response_type=code&client_id=32555940559.apps.googleusercontent.com&redirect_uri=http%3A%2F%2Flocalhost%3A8085%2F&scope=openid+https%3A%2F%2Fwww.googleapis.com%2Fauth%2Fuserinfo.email+https%3A%2F%2Fwww.googleapis.com%2Fauth%2Fcloud-platform+https%3A%2F%2Fwww.googleapis.com%2Fauth%2Fappengine.admin+https%3A%2F%2Fwww.googleapis.com%2Fauth%2Fcompute+https%3A%2F%2Fwww.googleapis.com%2Fauth%2Faccounts.reauth&state=JVvsIFLPw2WQqQOMyyjnz8nm0wGbJn&access_type=offline&code_challenge=di4poTVvB_onLXm9kNvo-fhhcaboSRKk_JcuA4GxZkg&code_challenge_method=S256


2022-03-26 23:06:06,236 INFO     google_auth_oauthlib.flow "GET /?state=JVvsIFLPw2WQqQOMyyjnz8nm0wGbJn&code=4/0AX4XfWgrOG5UxzLZJYYSE6dEFplAZGqUioIrDUtvXbOKzGf4sdcbxn7SaAU1rHeiVEMMXA&scope=email%20openid%20https://www.googleapis.com/auth/userinfo.email%20https://www.googleapis.com/auth/cloud-platform%20https://www.googleapis.com/auth/appengine.admin%20https://www.googleapis.com/auth/compute%20https://www.googleapis.com/auth/accounts.reauth&authuser=2&prompt=consent HTTP/1.1" 200 959
2022-03-26 23:06:06,237 DEBUG    requests_oauthlib.oauth2_session Requesting url https://oauth2.googleapis.com/token using method POST.
2022-03-26 23:06:06,237 DEBUG    requests_oauthlib.oauth2_session Supplying headers {b'Accept': b'application/json', b'Content-Type': b'application/x-www-form-urlencoded;charset=UTF-8', b'user-agent': b'google-cloud-sdk gcloud/372.0.0 command/gcloud.auth.login invocation-id/da985ee3811943aaa378e974ee7cb945 environment/None environment-version/None interactive/True from-script/False python/3.9.10 term/screen-256color (Macintosh; Intel Mac OS X 21.1.0)'} and data {'grant_type': 'authorization_code', 'client_id': '32555940559.apps.googleusercontent.com', 'client_secret': 'ZmssLNjJy2998hD4CTg2ejr2', 'code': '4/0AX4XfWgrOG5UxzLZJYYSE6dEFplAZGqUioIrDUtvXbOKzGf4sdcbxn7SaAU1rHeiVEMMXA', 'redirect_uri': 'http://localhost:8085/', 'code_verifier': 'G3KcJ_9K6itJ3CillyxK77eMr9kMix-ot0wI3ElQJoLWW_BJwNibDZaVr9sOcwdGw2R4POUgXItBjOyL1l-PrplaaPXm6eIkXBqHJGPJkFo.05_AXxvHu2vTvmQ~nxb7'}
2022-03-26 23:06:06,237 DEBUG    requests_oauthlib.oauth2_session Passing through key word arguments {'json': None, 'timeout': None, 'auth': None, 'verify': None, 'proxies': None}.
2022-03-26 23:06:06,287 DEBUG    urllib3.connectionpool Starting new HTTPS connection (1): oauth2.googleapis.com:443
2022-03-26 23:06:06,549 DEBUG    urllib3.connectionpool https://oauth2.googleapis.com:443 "POST /token HTTP/1.1" 200 None
2022-03-26 23:06:06,552 DEBUG    requests_oauthlib.oauth2_session Prepared fetch token request body grant_type=authorization_code&client_id=32555940559.apps.googleusercontent.com&client_secret=ZmssLNjJy2998hD4CTg2ejr2&code=4%2F0AX4XfWgrOG5UxzLZJYYSE6dEFplAZGqUioIrDUtvXbOKzGf4sdcbxn7SaAU1rHeiVEMMXA&redirect_uri=http%3A%2F%2Flocalhost%3A8085%2F&code_verifier=G3KcJ_9K6itJ3CillyxK77eMr9kMix-ot0wI3ElQJoLWW_BJwNibDZaVr9sOcwdGw2R4POUgXItBjOyL1l-PrplaaPXm6eIkXBqHJGPJkFo.05_AXxvHu2vTvmQ~nxb7
2022-03-26 23:06:06,552 DEBUG    requests_oauthlib.oauth2_session Request to fetch token completed with status 200.
2022-03-26 23:06:06,552 DEBUG    requests_oauthlib.oauth2_session Request headers were {'user-agent': b'google-cloud-sdk gcloud/372.0.0 command/gcloud.auth.login invocation-id/da985ee3811943aaa378e974ee7cb945 environment/None environment-version/None interactive/True from-script/False python/3.9.10 term/screen-256color (Macintosh; Intel Mac OS X 21.1.0)', 'Accept-Encoding': 'gzip, deflate', 'Accept': b'application/json', 'Connection': 'keep-alive', 'Content-Type': b'application/x-www-form-urlencoded;charset=UTF-8', 'Content-Length': '387'}
2022-03-26 23:06:06,553 DEBUG    requests_oauthlib.oauth2_session Request body was grant_type=authorization_code&client_id=32555940559.apps.googleusercontent.com&client_secret=ZmssLNjJy2998hD4CTg2ejr2&code=4%2F0AX4XfWgrOG5UxzLZJYYSE6dEFplAZGqUioIrDUtvXbOKzGf4sdcbxn7SaAU1rHeiVEMMXA&redirect_uri=http%3A%2F%2Flocalhost%3A8085%2F&code_verifier=G3KcJ_9K6itJ3CillyxK77eMr9kMix-ot0wI3ElQJoLWW_BJwNibDZaVr9sOcwdGw2R4POUgXItBjOyL1l-PrplaaPXm6eIkXBqHJGPJkFo.05_AXxvHu2vTvmQ~nxb7
2022-03-26 23:06:06,553 DEBUG    requests_oauthlib.oauth2_session Response headers were {'Cache-Control': 'no-cache, no-store, max-age=0, must-revalidate', 'Expires': 'Mon, 01 Jan 1990 00:00:00 GMT', 'Pragma': 'no-cache', 'Date': 'Sat, 26 Mar 2022 14:06:06 GMT', 'Content-Type': 'application/json; charset=utf-8', 'Vary': 'Origin, X-Origin, Referer', 'Content-Encoding': 'gzip', 'Server': 'scaffolding on HTTPServer2', 'X-XSS-Protection': '0', 'X-Frame-Options': 'SAMEORIGIN', 'X-Content-Type-Options': 'nosniff', 'Alt-Svc': 'h3=":443"; ma=2592000,h3-29=":443"; ma=2592000,h3-Q050=":443"; ma=2592000,h3-Q046=":443"; ma=2592000,h3-Q043=":443"; ma=2592000,quic=":443"; ma=2592000; v="46,43"', 'Transfer-Encoding': 'chunked'} and content {
  "access_token": "ya29.A0ARrdaM9GfK29gePCWja-RUacO3tmRRsQfaZZW2uJ0QrXvnJj8xgOEulaQK5Oqetuqeg9w-Oqs2B0OgFusa7tVVSSrNR9-m6uELsRB8ApvYbd9Ms7byMWUEelWRxCYfEU1TCQbHGK1esnl-Kyy1eFZOeoJxIK2Lhc2D3R",
  "expires_in": 3599,
  "refresh_token": "1//0eCpVISNSIMB4CgYIARAAGA4SNwF-L9IrZu5N32RMpmZoKsdbobZIRls7e8uTFj1J8Vct_qCnMrKEocXKqhKVRwQtG0Fp7sG2th8",
  "scope": "openid https://www.googleapis.com/auth/compute https://www.googleapis.com/auth/cloud-platform https://www.googleapis.com/auth/appengine.admin https://www.googleapis.com/auth/userinfo.email https://www.googleapis.com/auth/accounts.reauth",
  "token_type": "Bearer",
  "id_token": "eyJhbGciOiJSUzI1NiIsImtpZCI6IjU4YjQyOTY2MmRiMDc4NmYyZWZlZmUxM2MxZWIxMmEyOGRjNDQyZDAiLCJ0eXAiOiJKV1QifQ.eyJpc3MiOiJodHRwczovL2FjY291bnRzLmdvb2dsZS5jb20iLCJhenAiOiIzMjU1NTk0MDU1OS5hcHBzLmdvb2dsZXVzZXJjb250ZW50LmNvbSIsImF1ZCI6IjMyNTU1OTQwNTU5LmFwcHMuZ29vZ2xldXNlcmNvbnRlbnQuY29tIiwic3ViIjoiMTA0MjAxOTA4MDYxMDA2Njk4MTgyIiwiZW1haWwiOiJlc2gybi5iekBnbWFpbC5jb20iLCJlbWFpbF92ZXJpZmllZCI6dHJ1ZSwiYXRfaGFzaCI6IlgzdWtHQUktT2ZETS1sNFRjX2xaSVEiLCJpYXQiOjE2NDgzMDM1NjYsImV4cCI6MTY0ODMwNzE2Nn0.InryOQX9ROGgxWvbdZ-XGx8JSrXwfcnTD9xHEjG-H6vvRDJs_czHWLzm71Trhm9ijTOmL3iHCfFZ3gF-EibnCPHzs-YDbta5tiIpdxWna4N4mGpiri4NDqt9T2AgRYNwBI21fL2HXf4_DZCNjn8Ohxp-qjSJu2WT82Vk-L52TqTC53_VNoyS-yy5cChj4XYHHJHW_uZTLmugwYjXWbnOf7WaXYcvc4tEM_rJ0zWKdEiPd_mghvwo983vpaeI-JG8gqncGjwriNjeEcaVi9hKhTSmdmgC9J_E0tNFAbtXpTu8YjqKpB8tAt2jfxeElpYAswWu9eZqCl2thcHs78RrYw"
}.
2022-03-26 23:06:06,553 DEBUG    requests_oauthlib.oauth2_session Invoking 0 token response hooks.
2022-03-26 23:06:06,553 DEBUG    requests_oauthlib.oauth2_session Obtained token {'access_token': 'ya29.A0ARrdaM9GfK29gePCWja-RUacO3tmRRsQfaZZW2uJ0QrXvnJj8xgOEulaQK5Oqetuqeg9w-Oqs2B0OgFusa7tVVSSrNR9-m6uELsRB8ApvYbd9Ms7byMWUEelWRxCYfEU1TCQbHGK1esnl-Kyy1eFZOeoJxIK2Lhc2D3R', 'expires_in': 3599, 'refresh_token': '1//0eCpVISNSIMB4CgYIARAAGA4SNwF-L9IrZu5N32RMpmZoKsdbobZIRls7e8uTFj1J8Vct_qCnMrKEocXKqhKVRwQtG0Fp7sG2th8', 'scope': ['openid', 'https://www.googleapis.com/auth/compute', 'https://www.googleapis.com/auth/cloud-platform', 'https://www.googleapis.com/auth/appengine.admin', 'https://www.googleapis.com/auth/userinfo.email', 'https://www.googleapis.com/auth/accounts.reauth'], 'token_type': 'Bearer', 'id_token': 'eyJhbGciOiJSUzI1NiIsImtpZCI6IjU4YjQyOTY2MmRiMDc4NmYyZWZlZmUxM2MxZWIxMmEyOGRjNDQyZDAiLCJ0eXAiOiJKV1QifQ.eyJpc3MiOiJodHRwczovL2FjY291bnRzLmdvb2dsZS5jb20iLCJhenAiOiIzMjU1NTk0MDU1OS5hcHBzLmdvb2dsZXVzZXJjb250ZW50LmNvbSIsImF1ZCI6IjMyNTU1OTQwNTU5LmFwcHMuZ29vZ2xldXNlcmNvbnRlbnQuY29tIiwic3ViIjoiMTA0MjAxOTA4MDYxMDA2Njk4MTgyIiwiZW1haWwiOiJlc2gybi5iekBnbWFpbC5jb20iLCJlbWFpbF92ZXJpZmllZCI6dHJ1ZSwiYXRfaGFzaCI6IlgzdWtHQUktT2ZETS1sNFRjX2xaSVEiLCJpYXQiOjE2NDgzMDM1NjYsImV4cCI6MTY0ODMwNzE2Nn0.InryOQX9ROGgxWvbdZ-XGx8JSrXwfcnTD9xHEjG-H6vvRDJs_czHWLzm71Trhm9ijTOmL3iHCfFZ3gF-EibnCPHzs-YDbta5tiIpdxWna4N4mGpiri4NDqt9T2AgRYNwBI21fL2HXf4_DZCNjn8Ohxp-qjSJu2WT82Vk-L52TqTC53_VNoyS-yy5cChj4XYHHJHW_uZTLmugwYjXWbnOf7WaXYcvc4tEM_rJ0zWKdEiPd_mghvwo983vpaeI-JG8gqncGjwriNjeEcaVi9hKhTSmdmgC9J_E0tNFAbtXpTu8YjqKpB8tAt2jfxeElpYAswWu9eZqCl2thcHs78RrYw', 'expires_at': 1648307165.553896}.
2022-03-26 23:06:06,617 INFO     ___FILE_ONLY___ 
You are now logged in as [esh2n.bz@gmail.com].
Your current project is [disbots].  You can change this setting by running:
  $ gcloud config set project PROJECT_ID

2022-03-26 23:06:06,618 INFO     root            Display format: "none"
