2022-03-26 23:11:14,795 DEBUG    root            Loaded Command Group: ['gcloud', 'run']
2022-03-26 23:11:14,830 DEBUG    root            Loaded Command Group: ['gcloud', 'run', 'deploy']
2022-03-26 23:11:14,837 DEBUG    root            Running [gcloud.run.deploy] with arguments: [--allow-unauthenticated: "True", --max-instances: "<googlecloudsdk.command_lib.run.flags._ScaleValue object at 0x10a465250>", --memory: "512Mi", --platform: "managed", --set-env-vars: "OrderedDict([('SECRET_TOKEN', 'OTU3MjQ0MDU2MjEwMTM3MTUw.Yj78_w.DLyOJHDF1pXD8uWUGinHaCq9Ocs')])", --source: ".", SERVICE: "pochi"]
2022-03-26 23:11:14,901 DEBUG    urllib3.connectionpool Starting new HTTPS connection (1): run.googleapis.com:443
2022-03-26 23:11:15,171 DEBUG    urllib3.connectionpool https://run.googleapis.com:443 "GET /v1/projects/disbots/locations?alt=json&pageSize=100 HTTP/1.1" 200 None
2022-03-26 23:11:17,430 INFO     ___FILE_ONLY___ To make this the default region, run `gcloud config set run/region asia-northeast1`.


2022-03-26 23:11:17,489 DEBUG    urllib3.connectionpool Starting new HTTPS connection (1): artifactregistry.googleapis.com:443
2022-03-26 23:11:17,886 DEBUG    urllib3.connectionpool https://artifactregistry.googleapis.com:443 "GET /v1beta2/projects/disbots/locations/asia-northeast1/repositories/cloud-run-source-deploy?alt=json HTTP/1.1" 200 None
2022-03-26 23:11:17,891 INFO     ___FILE_ONLY___ This command is equivalent to running `gcloud builds submit --tag [IMAGE] .` and `gcloud run deploy pochi --image [IMAGE]`


2022-03-26 23:11:17,945 DEBUG    urllib3.connectionpool Starting new HTTPS connection (1): asia-northeast1-run.googleapis.com:443
2022-03-26 23:11:18,359 DEBUG    urllib3.connectionpool https://asia-northeast1-run.googleapis.com:443 "GET /apis/serving.knative.dev/v1/namespaces/disbots/services/pochi?alt=json HTTP/1.1" 404 None
2022-03-26 23:11:18,361 INFO     ___FILE_ONLY___ Building using Dockerfile and deploying container to Cloud Run service [[1mpochi[m] in project [[1mdisbots[m] region [[1masia-northeast1[m]

2022-03-26 23:11:18,362 INFO     ___FILE_ONLY___ Building and deploying new service...
2022-03-26 23:11:18,396 DEBUG    urllib3.connectionpool Starting new HTTPS connection (1): storage.googleapis.com:443
2022-03-26 23:11:18,649 DEBUG    urllib3.connectionpool https://storage.googleapis.com:443 "GET /storage/v1/b/disbots_cloudbuild?alt=json HTTP/1.1" 200 628
2022-03-26 23:11:18,954 DEBUG    urllib3.connectionpool https://storage.googleapis.com:443 "GET /storage/v1/b?alt=json&maxResults=1000&prefix=disbots_cloudbuild&project=disbots HTTP/1.1" 200 774
2022-03-26 23:11:18,955 INFO     root            Using default gcloudignore file:
--------------------------------------------------
# This file specifies files that are *not* uploaded to Google Cloud
# using gcloud. It follows the same syntax as .gitignore, with the addition of
# "#!include" directives (which insert the entries of the given .gitignore-style
# file at that point).
#
# For more information, run:
#   $ gcloud topic gcloudignore
#
.gcloudignore
# If you would like to upload your .git directory, .gitignore file or files
# from your .gitignore file, remove the corresponding line
# below:
.git
.gitignore
#!include:.gitignore

--------------------------------------------------
2022-03-26 23:11:18,956 DEBUG    root            Skipping file [.gitignore]
2022-03-26 23:11:18,956 DEBUG    root            Skipping file [.env]
2022-03-26 23:11:18,956 DEBUG    root            Skipping file [target]
2022-03-26 23:11:18,956 DEBUG    root            Skipping file [.git]
2022-03-26 23:11:18,958 DEBUG    root            Added dir [src]
2022-03-26 23:11:18,958 DEBUG    root            Added dir [src/commands]
2022-03-26 23:11:18,959 DEBUG    root            Added [Cargo.toml]
2022-03-26 23:11:18,959 DEBUG    root            Added [Dockerfile]
2022-03-26 23:11:18,960 DEBUG    root            Added [cloudbuild.yaml]
2022-03-26 23:11:18,961 DEBUG    root            Added [Cargo.lock]
2022-03-26 23:11:18,962 DEBUG    root            Added [src/main.rs]
2022-03-26 23:11:18,962 DEBUG    root            Added [src/commands/neko.rs]
2022-03-26 23:11:18,963 DEBUG    root            Added [src/commands/mod.rs]
2022-03-26 23:11:18,963 DEBUG    root            Added [src/commands/channels.rs]
2022-03-26 23:11:18,966 INFO     root            Uploading [/var/folders/2b/s8mymn417x38kb14nwl_453h0000gn/T/tmpyxrjkhue/file.tgz] to [disbots_cloudbuild/source/1648303878.385427-9ed0dcfe0743413aa8686ea3e3f4b63f.tgz]
2022-03-26 23:11:19,251 DEBUG    urllib3.connectionpool https://storage.googleapis.com:443 "POST /upload/storage/v1/b/disbots_cloudbuild/o?alt=json&name=source%2F1648303878.385427-9ed0dcfe0743413aa8686ea3e3f4b63f.tgz&uploadType=multipart HTTP/1.1" 200 971
2022-03-26 23:11:19,252 DEBUG    root            submitting build: <Build
 images: ['asia-northeast1-docker.pkg.dev/disbots/cloud-run-source-deploy/pochi']
 secrets: []
 source: <Source
 storageSource: <StorageSource
 bucket: 'disbots_cloudbuild'
 generation: 1648303879190382
 object: 'source/1648303878.385427-9ed0dcfe0743413aa8686ea3e3f4b63f.tgz'>>
 steps: [<BuildStep
 args: ['build', '--network', 'cloudbuild', '--no-cache', '-t', 'asia-northeast1-docker.pkg.dev/disbots/cloud-run-source-deploy/pochi', '.']
 env: []
 name: 'gcr.io/cloud-builders/docker'
 secretEnv: []
 volumes: []
 waitFor: []>]
 tags: []
 warnings: []>
2022-03-26 23:11:19,301 DEBUG    urllib3.connectionpool Starting new HTTPS connection (1): cloudbuild.googleapis.com:443
2022-03-26 23:11:20,142 DEBUG    urllib3.connectionpool https://cloudbuild.googleapis.com:443 "POST /v1/projects/disbots/locations/global/builds?alt=json HTTP/1.1" 200 None
2022-03-26 23:11:20,153 DEBUG    urllib3.connectionpool Starting new HTTPS connection (1): cloudbuild.googleapis.com:443
2022-03-26 23:11:21,351 DEBUG    urllib3.connectionpool https://cloudbuild.googleapis.com:443 "GET /v1/operations/build/disbots/NjQ2ZmZiZWQtOThjNi00MGMwLTk3YjQtMmE1MWMwODA5NmE0?alt=json HTTP/1.1" 200 None
2022-03-26 23:11:23,832 DEBUG    urllib3.connectionpool https://cloudbuild.googleapis.com:443 "GET /v1/operations/build/disbots/NjQ2ZmZiZWQtOThjNi00MGMwLTk3YjQtMmE1MWMwODA5NmE0?alt=json HTTP/1.1" 200 None
2022-03-26 23:11:28,689 DEBUG    urllib3.connectionpool https://cloudbuild.googleapis.com:443 "GET /v1/operations/build/disbots/NjQ2ZmZiZWQtOThjNi00MGMwLTk3YjQtMmE1MWMwODA5NmE0?alt=json HTTP/1.1" 200 None
2022-03-26 23:11:33,758 DEBUG    urllib3.connectionpool https://cloudbuild.googleapis.com:443 "GET /v1/operations/build/disbots/NjQ2ZmZiZWQtOThjNi00MGMwLTk3YjQtMmE1MWMwODA5NmE0?alt=json HTTP/1.1" 200 None
2022-03-26 23:11:40,223 DEBUG    urllib3.connectionpool https://cloudbuild.googleapis.com:443 "GET /v1/operations/build/disbots/NjQ2ZmZiZWQtOThjNi00MGMwLTk3YjQtMmE1MWMwODA5NmE0?alt=json HTTP/1.1" 200 None
2022-03-26 23:11:49,660 DEBUG    urllib3.connectionpool https://cloudbuild.googleapis.com:443 "GET /v1/operations/build/disbots/NjQ2ZmZiZWQtOThjNi00MGMwLTk3YjQtMmE1MWMwODA5NmE0?alt=json HTTP/1.1" 200 None
2022-03-26 23:12:01,024 DEBUG    urllib3.connectionpool https://cloudbuild.googleapis.com:443 "GET /v1/operations/build/disbots/NjQ2ZmZiZWQtOThjNi00MGMwLTk3YjQtMmE1MWMwODA5NmE0?alt=json HTTP/1.1" 200 None
2022-03-26 23:12:17,249 DEBUG    urllib3.connectionpool https://cloudbuild.googleapis.com:443 "GET /v1/operations/build/disbots/NjQ2ZmZiZWQtOThjNi00MGMwLTk3YjQtMmE1MWMwODA5NmE0?alt=json HTTP/1.1" 200 None
2022-03-26 23:12:17,294 DEBUG    root            (gcloud.run.deploy) Build failed; check build logs for details
Traceback (most recent call last):
  File "/Users/esh2n/google-cloud-sdk/lib/googlecloudsdk/calliope/cli.py", line 987, in Execute
    resources = calliope_command.Run(cli=self, args=args)
  File "/Users/esh2n/google-cloud-sdk/lib/googlecloudsdk/calliope/backend.py", line 809, in Run
    resources = command_instance.Run(args)
  File "/Users/esh2n/google-cloud-sdk/lib/surface/run/deploy.py", line 265, in Run
    service = operations.ReleaseService(
  File "/Users/esh2n/google-cloud-sdk/lib/googlecloudsdk/command_lib/run/serverless_operations.py", line 1109, in ReleaseService
    operation = waiter.PollUntilDone(poller, build_op_ref)
  File "/Users/esh2n/google-cloud-sdk/lib/googlecloudsdk/api_lib/util/waiter.py", line 322, in PollUntilDone
    operation = retryer.RetryOnResult(
  File "/Users/esh2n/google-cloud-sdk/lib/googlecloudsdk/core/util/retry.py", line 249, in RetryOnResult
    if not should_retry(result, state):
  File "/Users/esh2n/google-cloud-sdk/lib/googlecloudsdk/api_lib/util/waiter.py", line 320, in _IsNotDone
    return not poller.IsDone(operation)
  File "/Users/esh2n/google-cloud-sdk/lib/googlecloudsdk/api_lib/util/waiter.py", line 122, in IsDone
    raise OperationError(operation.error.message)
googlecloudsdk.api_lib.util.waiter.OperationError: Build failed; check build logs for details
2022-03-26 23:12:17,297 ERROR    root            (gcloud.run.deploy) Build failed; check build logs for details
